TN:
SF:scripts/app-modular.js
FN:9,(anonymous_0)
FN:18,(anonymous_1)
FN:35,(anonymous_2)
FN:41,(anonymous_3)
FN:42,(anonymous_4)
FN:43,(anonymous_5)
FN:44,(anonymous_6)
FN:45,(anonymous_7)
FN:46,(anonymous_8)
FN:47,(anonymous_9)
FN:65,(anonymous_10)
FN:99,(anonymous_11)
FN:103,(anonymous_12)
FN:107,(anonymous_13)
FN:111,(anonymous_14)
FN:128,(anonymous_15)
FNF:16
FNH:0
FNDA:0,(anonymous_0)
FNDA:0,(anonymous_1)
FNDA:0,(anonymous_2)
FNDA:0,(anonymous_3)
FNDA:0,(anonymous_4)
FNDA:0,(anonymous_5)
FNDA:0,(anonymous_6)
FNDA:0,(anonymous_7)
FNDA:0,(anonymous_8)
FNDA:0,(anonymous_9)
FNDA:0,(anonymous_10)
FNDA:0,(anonymous_11)
FNDA:0,(anonymous_12)
FNDA:0,(anonymous_13)
FNDA:0,(anonymous_14)
FNDA:0,(anonymous_15)
DA:9,0
DA:10,0
DA:12,0
DA:15,0
DA:18,0
DA:19,0
DA:22,0
DA:24,0
DA:27,0
DA:29,0
DA:30,0
DA:35,0
DA:36,0
DA:40,0
DA:41,0
DA:42,0
DA:43,0
DA:44,0
DA:45,0
DA:46,0
DA:47,0
DA:50,0
DA:51,0
DA:52,0
DA:55,0
DA:56,0
DA:57,0
DA:63,0
DA:65,0
DA:66,0
DA:67,0
DA:72,0
DA:75,0
DA:82,0
DA:83,0
DA:84,0
DA:92,0
DA:97,0
DA:98,0
DA:100,0
DA:101,0
DA:104,0
DA:105,0
DA:108,0
DA:112,0
DA:128,0
DA:129,0
DA:130,0
LF:48
LH:0
BRDA:29,0,0,0
BRDA:29,0,1,0
BRDA:66,1,0,0
BRDA:66,1,1,0
BRDA:97,2,0,0
BRDA:97,2,1,0
BRDA:122,3,0,0
BRDA:122,3,1,0
BRDA:129,4,0,0
BRDA:129,4,1,0
BRF:10
BRH:0
end_of_record
TN:
SF:scripts/modules/accessibility.js
FN:7,(anonymous_0)
FN:26,(anonymous_1)
FN:39,(anonymous_2)
FN:63,(anonymous_3)
FN:128,(anonymous_4)
FN:130,(anonymous_5)
FN:149,(anonymous_6)
FN:164,(anonymous_7)
FN:167,(anonymous_8)
FN:177,(anonymous_9)
FN:215,(anonymous_10)
FN:230,(anonymous_11)
FN:241,(anonymous_12)
FN:242,(anonymous_13)
FN:260,(anonymous_14)
FN:262,(anonymous_15)
FN:269,(anonymous_16)
FN:279,(anonymous_17)
FN:281,(anonymous_18)
FN:286,(anonymous_19)
FN:291,(anonymous_20)
FN:297,(anonymous_21)
FN:302,(anonymous_22)
FN:306,(anonymous_23)
FN:310,(anonymous_24)
FN:314,(anonymous_25)
FN:319,(anonymous_26)
FN:323,(anonymous_27)
FN:332,(anonymous_28)
FN:397,(anonymous_29)
FN:412,(anonymous_30)
FN:437,(anonymous_31)
FN:466,(anonymous_32)
FN:483,(anonymous_33)
FN:492,(anonymous_34)
FN:507,(anonymous_35)
FN:532,(anonymous_36)
FN:553,(anonymous_37)
FN:561,(anonymous_38)
FN:571,(anonymous_39)
FN:587,(anonymous_40)
FN:614,(anonymous_41)
FN:630,(anonymous_42)
FN:640,(anonymous_43)
FN:654,(anonymous_44)
FN:656,(anonymous_45)
FN:672,(anonymous_46)
FN:682,(anonymous_47)
FN:691,(anonymous_48)
FN:701,(anonymous_49)
FN:709,(anonymous_50)
FN:718,(anonymous_51)
FN:736,(anonymous_52)
FN:751,(anonymous_53)
FN:758,(anonymous_54)
FN:761,(anonymous_55)
FN:770,(anonymous_56)
FN:771,(anonymous_57)
FNF:58
FNH:20
FNDA:2,(anonymous_0)
FNDA:2,(anonymous_1)
FNDA:2,(anonymous_2)
FNDA:2,(anonymous_3)
FNDA:2,(anonymous_4)
FNDA:3,(anonymous_5)
FNDA:0,(anonymous_6)
FNDA:0,(anonymous_7)
FNDA:0,(anonymous_8)
FNDA:2,(anonymous_9)
FNDA:2,(anonymous_10)
FNDA:0,(anonymous_11)
FNDA:2,(anonymous_12)
FNDA:0,(anonymous_13)
FNDA:2,(anonymous_14)
FNDA:0,(anonymous_15)
FNDA:0,(anonymous_16)
FNDA:2,(anonymous_17)
FNDA:32,(anonymous_18)
FNDA:0,(anonymous_19)
FNDA:0,(anonymous_20)
FNDA:0,(anonymous_21)
FNDA:0,(anonymous_22)
FNDA:0,(anonymous_23)
FNDA:0,(anonymous_24)
FNDA:0,(anonymous_25)
FNDA:0,(anonymous_26)
FNDA:0,(anonymous_27)
FNDA:0,(anonymous_28)
FNDA:0,(anonymous_29)
FNDA:0,(anonymous_30)
FNDA:0,(anonymous_31)
FNDA:0,(anonymous_32)
FNDA:0,(anonymous_33)
FNDA:0,(anonymous_34)
FNDA:0,(anonymous_35)
FNDA:0,(anonymous_36)
FNDA:0,(anonymous_37)
FNDA:0,(anonymous_38)
FNDA:0,(anonymous_39)
FNDA:0,(anonymous_40)
FNDA:0,(anonymous_41)
FNDA:0,(anonymous_42)
FNDA:0,(anonymous_43)
FNDA:138,(anonymous_44)
FNDA:414,(anonymous_45)
FNDA:75,(anonymous_46)
FNDA:0,(anonymous_47)
FNDA:0,(anonymous_48)
FNDA:32,(anonymous_49)
FNDA:27,(anonymous_50)
FNDA:75,(anonymous_51)
FNDA:0,(anonymous_52)
FNDA:0,(anonymous_53)
FNDA:0,(anonymous_54)
FNDA:0,(anonymous_55)
FNDA:106,(anonymous_56)
FNDA:75,(anonymous_57)
DA:8,2
DA:9,2
DA:14,2
DA:20,2
DA:27,2
DA:28,2
DA:29,2
DA:30,2
DA:31,2
DA:33,2
DA:40,2
DA:41,2
DA:42,2
DA:43,2
DA:44,2
DA:45,2
DA:57,2
DA:65,2
DA:66,2
DA:67,1
DA:70,2
DA:71,2
DA:72,1
DA:75,2
DA:76,2
DA:77,0
DA:81,2
DA:82,2
DA:83,1
DA:84,1
DA:87,2
DA:88,2
DA:89,1
DA:90,1
DA:93,1
DA:94,1
DA:95,1
DA:96,1
DA:97,1
DA:101,2
DA:102,2
DA:103,0
DA:104,0
DA:105,0
DA:108,0
DA:109,0
DA:110,0
DA:111,0
DA:112,0
DA:116,2
DA:119,2
DA:122,2
DA:129,2
DA:130,2
DA:131,3
DA:132,3
DA:133,3
DA:134,3
DA:135,3
DA:137,3
DA:138,0
DA:141,3
DA:142,0
DA:143,0
DA:144,0
DA:145,0
DA:146,0
DA:149,0
DA:150,0
DA:154,0
DA:155,0
DA:156,0
DA:157,0
DA:158,0
DA:162,3
DA:163,0
DA:164,0
DA:165,0
DA:167,0
DA:168,0
DA:179,2
DA:180,2
DA:181,1
DA:182,1
DA:183,1
DA:184,1
DA:185,1
DA:186,1
DA:190,2
DA:191,2
DA:192,1
DA:193,1
DA:194,1
DA:195,1
DA:196,1
DA:197,1
DA:201,2
DA:202,2
DA:203,1
DA:204,1
DA:205,1
DA:206,1
DA:207,1
DA:208,1
DA:216,2
DA:217,2
DA:218,1
DA:219,1
DA:220,1
DA:221,1
DA:224,1
DA:225,1
DA:226,1
DA:227,1
DA:228,1
DA:229,1
DA:230,1
DA:231,0
DA:233,1
DA:242,2
DA:244,0
DA:245,0
DA:249,0
DA:250,0
DA:251,0
DA:252,0
DA:262,2
DA:263,0
DA:264,0
DA:269,2
DA:270,0
DA:271,0
DA:281,2
DA:282,32
DA:283,32
DA:286,2
DA:287,0
DA:288,0
DA:291,2
DA:292,0
DA:293,0
DA:294,0
DA:297,2
DA:298,0
DA:302,2
DA:303,0
DA:306,2
DA:307,0
DA:310,2
DA:311,0
DA:314,2
DA:315,0
DA:319,2
DA:320,0
DA:323,2
DA:324,0
DA:333,0
DA:334,0
DA:336,0
DA:337,0
DA:339,0
DA:341,0
DA:342,0
DA:343,0
DA:346,0
DA:347,0
DA:348,0
DA:351,0
DA:352,0
DA:353,0
DA:356,0
DA:357,0
DA:358,0
DA:361,0
DA:362,0
DA:363,0
DA:364,0
DA:366,0
DA:370,0
DA:371,0
DA:372,0
DA:373,0
DA:375,0
DA:378,0
DA:379,0
DA:380,0
DA:382,0
DA:385,0
DA:386,0
DA:387,0
DA:389,0
DA:398,0
DA:400,0
DA:401,0
DA:402,0
DA:413,0
DA:415,0
DA:416,0
DA:417,0
DA:418,0
DA:422,0
DA:423,0
DA:425,0
DA:426,0
DA:427,0
DA:428,0
DA:429,0
DA:438,0
DA:439,0
DA:441,0
DA:443,0
DA:444,0
DA:446,0
DA:449,0
DA:450,0
DA:453,0
DA:454,0
DA:456,0
DA:457,0
DA:458,0
DA:467,0
DA:468,0
DA:469,0
DA:470,0
DA:471,0
DA:473,0
DA:474,0
DA:475,0
DA:484,0
DA:485,0
DA:487,0
DA:488,0
DA:491,0
DA:492,0
DA:493,0
DA:496,0
DA:497,0
DA:500,0
DA:508,0
DA:510,0
DA:513,0
DA:514,0
DA:515,0
DA:518,0
DA:519,0
DA:520,0
DA:523,0
DA:524,0
DA:525,0
DA:533,0
DA:534,0
DA:535,0
DA:536,0
DA:539,0
DA:540,0
DA:542,0
DA:544,0
DA:546,0
DA:547,0
DA:554,0
DA:555,0
DA:563,0
DA:564,0
DA:565,0
DA:566,0
DA:570,0
DA:571,0
DA:572,0
DA:576,0
DA:577,0
DA:580,0
DA:588,0
DA:589,0
DA:591,0
DA:595,0
DA:596,0
DA:598,0
DA:599,0
DA:600,0
DA:601,0
DA:604,0
DA:605,0
DA:606,0
DA:615,0
DA:616,0
DA:618,0
DA:622,0
DA:623,0
DA:631,0
DA:632,0
DA:641,0
DA:642,0
DA:644,0
DA:645,0
DA:647,0
DA:655,138
DA:656,138
DA:657,414
DA:658,414
DA:659,414
DA:661,414
DA:662,0
DA:673,75
DA:674,75
DA:683,0
DA:692,0
DA:693,0
DA:702,32
DA:705,32
DA:706,32
DA:709,32
DA:710,27
DA:719,75
DA:720,75
DA:723,75
DA:724,75
DA:725,75
DA:726,75
DA:727,75
DA:728,75
DA:731,75
DA:732,75
DA:733,0
DA:735,0
DA:736,0
DA:737,0
DA:738,0
DA:739,0
DA:745,0
DA:751,75
DA:752,0
DA:753,0
DA:758,75
DA:760,0
DA:761,0
DA:762,0
DA:771,106
DA:772,75
DA:775,106
LF:339
LH:134
BRDA:66,0,0,1
BRDA:66,0,1,1
BRDA:71,1,0,1
BRDA:71,1,1,1
BRDA:76,2,0,0
BRDA:76,2,1,2
BRDA:82,3,0,1
BRDA:82,3,1,1
BRDA:88,4,0,1
BRDA:88,4,1,1
BRDA:102,5,0,0
BRDA:102,5,1,2
BRDA:137,6,0,0
BRDA:137,6,1,3
BRDA:141,7,0,0
BRDA:141,7,1,3
BRDA:157,8,0,0
BRDA:157,8,1,0
BRDA:157,9,0,0
BRDA:157,9,1,0
BRDA:162,10,0,0
BRDA:162,10,1,3
BRDA:180,11,0,1
BRDA:180,11,1,1
BRDA:191,12,0,1
BRDA:191,12,1,1
BRDA:202,13,0,1
BRDA:202,13,1,1
BRDA:217,14,0,1
BRDA:217,14,1,1
BRDA:225,15,0,1
BRDA:225,15,1,0
BRDA:244,16,0,0
BRDA:244,16,1,0
BRDA:244,17,0,0
BRDA:244,17,1,0
BRDA:249,18,0,0
BRDA:249,18,1,0
BRDA:251,19,0,0
BRDA:251,19,1,0
BRDA:263,20,0,0
BRDA:263,20,1,0
BRDA:270,21,0,0
BRDA:270,21,1,0
BRDA:270,22,0,0
BRDA:270,22,1,0
BRDA:334,23,0,0
BRDA:334,23,1,0
BRDA:339,24,0,0
BRDA:339,24,1,0
BRDA:339,24,2,0
BRDA:339,24,3,0
BRDA:339,24,4,0
BRDA:339,24,5,0
BRDA:339,24,6,0
BRDA:339,24,7,0
BRDA:339,24,8,0
BRDA:361,25,0,0
BRDA:361,25,1,0
BRDA:370,26,0,0
BRDA:370,26,1,0
BRDA:378,27,0,0
BRDA:378,27,1,0
BRDA:385,28,0,0
BRDA:385,28,1,0
BRDA:398,29,0,0
BRDA:413,30,0,0
BRDA:413,30,1,0
BRDA:416,31,0,0
BRDA:416,31,1,0
BRDA:422,32,0,0
BRDA:422,32,1,0
BRDA:423,33,0,0
BRDA:423,33,1,0
BRDA:426,34,0,0
BRDA:426,34,1,0
BRDA:441,35,0,0
BRDA:441,35,1,0
BRDA:443,36,0,0
BRDA:443,36,1,0
BRDA:453,37,0,0
BRDA:453,37,1,0
BRDA:454,38,0,0
BRDA:454,38,1,0
BRDA:457,39,0,0
BRDA:457,39,1,0
BRDA:468,40,0,0
BRDA:468,40,1,0
BRDA:470,41,0,0
BRDA:470,41,1,0
BRDA:474,42,0,0
BRDA:474,42,1,0
BRDA:508,43,0,0
BRDA:508,43,1,0
BRDA:510,44,0,0
BRDA:510,44,1,0
BRDA:510,44,2,0
BRDA:510,44,3,0
BRDA:514,45,0,0
BRDA:514,45,1,0
BRDA:534,46,0,0
BRDA:534,46,1,0
BRDA:534,47,0,0
BRDA:534,47,1,0
BRDA:546,48,0,0
BRDA:546,48,1,0
BRDA:564,49,0,0
BRDA:564,49,1,0
BRDA:589,50,0,0
BRDA:589,50,1,0
BRDA:589,51,0,0
BRDA:589,51,1,0
BRDA:598,52,0,0
BRDA:598,52,1,0
BRDA:599,53,0,0
BRDA:599,53,1,0
BRDA:604,54,0,0
BRDA:604,54,1,0
BRDA:616,55,0,0
BRDA:616,55,1,0
BRDA:622,56,0,0
BRDA:622,56,1,0
BRDA:631,57,0,0
BRDA:631,57,1,0
BRDA:642,58,0,0
BRDA:642,58,1,0
BRDA:644,59,0,0
BRDA:644,59,1,0
BRDA:661,60,0,0
BRDA:661,60,1,414
BRDA:661,61,0,414
BRDA:661,61,1,0
BRDA:661,61,2,0
BRDA:674,62,0,0
BRDA:674,62,1,75
BRDA:693,63,0,0
BRDA:693,63,1,0
BRDA:693,63,2,0
BRDA:701,64,0,32
BRDA:702,65,0,0
BRDA:702,65,1,32
BRDA:732,66,0,0
BRDA:732,66,1,75
BRDA:738,67,0,0
BRDA:738,67,1,0
BRDA:738,68,0,0
BRDA:738,68,1,0
BRDA:745,69,0,0
BRDA:745,69,1,0
BRDA:752,70,0,0
BRDA:752,70,1,0
BRF:151
BRH:28
end_of_record
TN:
SF:scripts/modules/dom.js
FN:9,(anonymous_0)
FN:18,(anonymous_1)
FN:33,(anonymous_2)
FN:91,(anonymous_3)
FN:101,(anonymous_4)
FN:103,(anonymous_5)
FN:137,(anonymous_6)
FN:150,(anonymous_7)
FN:162,(anonymous_8)
FN:165,(anonymous_9)
FN:176,(anonymous_10)
FN:182,(anonymous_11)
FN:192,(anonymous_12)
FN:199,(anonymous_13)
FN:205,(anonymous_14)
FN:213,(anonymous_15)
FN:219,(anonymous_16)
FN:257,(anonymous_17)
FN:259,(anonymous_18)
FN:287,(anonymous_19)
FN:290,(anonymous_20)
FN:298,(anonymous_21)
FN:306,(anonymous_22)
FN:315,(anonymous_23)
FN:322,(anonymous_24)
FN:329,(anonymous_25)
FN:337,(anonymous_26)
FN:345,(anonymous_27)
FN:352,(anonymous_28)
FN:360,(anonymous_29)
FN:367,(anonymous_30)
FN:377,(anonymous_31)
FN:387,(anonymous_32)
FN:395,(anonymous_33)
FN:403,(anonymous_34)
FN:418,(anonymous_35)
FN:425,(anonymous_36)
FN:430,(anonymous_37)
FN:433,(anonymous_38)
FN:446,(anonymous_39)
FN:449,(anonymous_40)
FN:452,(anonymous_41)
FN:457,(anonymous_42)
FN:464,(anonymous_43)
FN:494,(anonymous_44)
FN:495,(anonymous_45)
FN:513,(anonymous_46)
FN:583,(anonymous_47)
FN:627,(anonymous_48)
FN:630,(anonymous_49)
FN:631,(anonymous_50)
FN:653,(anonymous_51)
FN:659,(anonymous_52)
FN:669,(anonymous_53)
FN:681,(anonymous_54)
FN:716,(anonymous_55)
FN:722,(anonymous_56)
FN:740,(anonymous_57)
FN:752,(anonymous_58)
FN:765,(anonymous_59)
FN:766,(anonymous_60)
FN:777,(anonymous_61)
FN:787,(anonymous_62)
FN:800,(anonymous_63)
FN:810,(anonymous_64)
FN:842,(anonymous_65)
FN:858,(anonymous_66)
FN:866,(anonymous_67)
FN:873,(anonymous_68)
FN:883,(anonymous_69)
FN:898,(anonymous_70)
FN:909,(anonymous_71)
FN:917,(anonymous_72)
FN:929,(anonymous_73)
FN:962,(anonymous_74)
FN:967,(anonymous_75)
FN:969,(anonymous_76)
FN:993,(anonymous_77)
FN:1002,(anonymous_78)
FN:1025,(anonymous_79)
FN:1034,(anonymous_80)
FN:1051,(anonymous_81)
FN:1091,(anonymous_82)
FN:1109,(anonymous_83)
FN:1116,(anonymous_84)
FN:1120,(anonymous_85)
FN:1172,(anonymous_86)
FN:1184,(anonymous_87)
FN:1188,(anonymous_88)
FN:1192,(anonymous_89)
FN:1197,(anonymous_90)
FN:1203,(anonymous_91)
FN:1215,(anonymous_92)
FN:1218,(anonymous_93)
FN:1219,(anonymous_94)
FN:1249,(anonymous_95)
FNF:96
FNH:34
FNDA:2,(anonymous_0)
FNDA:42,(anonymous_1)
FNDA:2,(anonymous_2)
FNDA:72,(anonymous_3)
FNDA:2,(anonymous_4)
FNDA:0,(anonymous_5)
FNDA:0,(anonymous_6)
FNDA:0,(anonymous_7)
FNDA:2,(anonymous_8)
FNDA:0,(anonymous_9)
FNDA:0,(anonymous_10)
FNDA:0,(anonymous_11)
FNDA:0,(anonymous_12)
FNDA:0,(anonymous_13)
FNDA:0,(anonymous_14)
FNDA:0,(anonymous_15)
FNDA:0,(anonymous_16)
FNDA:2,(anonymous_17)
FNDA:0,(anonymous_18)
FNDA:2,(anonymous_19)
FNDA:0,(anonymous_20)
FNDA:0,(anonymous_21)
FNDA:0,(anonymous_22)
FNDA:0,(anonymous_23)
FNDA:0,(anonymous_24)
FNDA:0,(anonymous_25)
FNDA:0,(anonymous_26)
FNDA:0,(anonymous_27)
FNDA:0,(anonymous_28)
FNDA:0,(anonymous_29)
FNDA:0,(anonymous_30)
FNDA:0,(anonymous_31)
FNDA:0,(anonymous_32)
FNDA:0,(anonymous_33)
FNDA:0,(anonymous_34)
FNDA:0,(anonymous_35)
FNDA:0,(anonymous_36)
FNDA:0,(anonymous_37)
FNDA:0,(anonymous_38)
FNDA:2,(anonymous_39)
FNDA:6,(anonymous_40)
FNDA:0,(anonymous_41)
FNDA:0,(anonymous_42)
FNDA:0,(anonymous_43)
FNDA:8,(anonymous_44)
FNDA:0,(anonymous_45)
FNDA:75,(anonymous_46)
FNDA:75,(anonymous_47)
FNDA:106,(anonymous_48)
FNDA:75,(anonymous_49)
FNDA:75,(anonymous_50)
FNDA:0,(anonymous_51)
FNDA:2544,(anonymous_52)
FNDA:318,(anonymous_53)
FNDA:75,(anonymous_54)
FNDA:75,(anonymous_55)
FNDA:70,(anonymous_56)
FNDA:293,(anonymous_57)
FNDA:293,(anonymous_58)
FNDA:106,(anonymous_59)
FNDA:318,(anonymous_60)
FNDA:0,(anonymous_61)
FNDA:32,(anonymous_62)
FNDA:36,(anonymous_63)
FNDA:36,(anonymous_64)
FNDA:0,(anonymous_65)
FNDA:0,(anonymous_66)
FNDA:0,(anonymous_67)
FNDA:0,(anonymous_68)
FNDA:0,(anonymous_69)
FNDA:0,(anonymous_70)
FNDA:0,(anonymous_71)
FNDA:0,(anonymous_72)
FNDA:0,(anonymous_73)
FNDA:0,(anonymous_74)
FNDA:0,(anonymous_75)
FNDA:0,(anonymous_76)
FNDA:4501,(anonymous_77)
FNDA:0,(anonymous_78)
FNDA:0,(anonymous_79)
FNDA:3696,(anonymous_80)
FNDA:4201,(anonymous_81)
FNDA:75,(anonymous_82)
FNDA:0,(anonymous_83)
FNDA:0,(anonymous_84)
FNDA:0,(anonymous_85)
FNDA:0,(anonymous_86)
FNDA:0,(anonymous_87)
FNDA:0,(anonymous_88)
FNDA:0,(anonymous_89)
FNDA:0,(anonymous_90)
FNDA:0,(anonymous_91)
FNDA:2,(anonymous_92)
FNDA:4,(anonymous_93)
FNDA:0,(anonymous_94)
FNDA:0,(anonymous_95)
DA:10,2
DA:11,2
DA:12,2
DA:19,42
DA:21,2
DA:22,2
DA:23,2
DA:24,2
DA:26,2
DA:27,2
DA:34,2
DA:91,2
DA:92,72
DA:93,24
DA:103,2
DA:104,0
DA:105,0
DA:106,0
DA:107,0
DA:109,0
DA:111,0
DA:113,0
DA:114,0
DA:116,0
DA:117,0
DA:119,0
DA:120,0
DA:122,0
DA:123,0
DA:125,0
DA:126,0
DA:128,0
DA:129,0
DA:131,0
DA:132,0
DA:137,2
DA:138,0
DA:139,0
DA:145,0
DA:146,0
DA:147,0
DA:150,2
DA:151,0
DA:152,0
DA:154,0
DA:155,0
DA:164,2
DA:165,2
DA:166,0
DA:167,0
DA:168,0
DA:169,0
DA:175,2
DA:176,2
DA:177,0
DA:181,2
DA:182,2
DA:183,0
DA:184,0
DA:185,0
DA:186,0
DA:191,2
DA:192,2
DA:193,0
DA:198,2
DA:199,2
DA:200,0
DA:204,2
DA:205,2
DA:206,0
DA:212,2
DA:213,2
DA:214,0
DA:219,2
DA:221,0
DA:222,0
DA:223,0
DA:227,0
DA:228,0
DA:229,0
DA:233,0
DA:234,0
DA:235,0
DA:239,0
DA:240,0
DA:245,2
DA:248,2
DA:251,2
DA:259,2
DA:260,0
DA:261,0
DA:263,0
DA:264,0
DA:266,0
DA:268,0
DA:269,0
DA:271,0
DA:272,0
DA:274,0
DA:275,0
DA:277,0
DA:278,0
DA:289,2
DA:290,0
DA:291,0
DA:292,0
DA:297,2
DA:298,0
DA:299,0
DA:300,0
DA:305,2
DA:306,0
DA:307,0
DA:308,0
DA:314,2
DA:315,0
DA:316,0
DA:317,0
DA:321,2
DA:322,0
DA:323,0
DA:324,0
DA:328,2
DA:329,0
DA:330,0
DA:331,0
DA:332,0
DA:336,2
DA:337,0
DA:338,0
DA:339,0
DA:340,0
DA:344,2
DA:345,0
DA:346,0
DA:347,0
DA:351,2
DA:352,0
DA:353,0
DA:354,0
DA:359,2
DA:360,0
DA:361,0
DA:362,0
DA:366,2
DA:367,0
DA:368,0
DA:369,0
DA:373,0
DA:377,2
DA:378,0
DA:379,0
DA:388,0
DA:389,0
DA:390,0
DA:393,0
DA:394,0
DA:395,0
DA:404,0
DA:405,0
DA:406,0
DA:409,0
DA:410,0
DA:419,0
DA:426,0
DA:428,0
DA:430,0
DA:431,0
DA:432,0
DA:435,0
DA:439,0
DA:447,2
DA:449,2
DA:450,6
DA:452,6
DA:453,0
DA:454,0
DA:457,6
DA:459,0
DA:460,0
DA:464,6
DA:465,0
DA:466,0
DA:468,0
DA:469,0
DA:471,0
DA:478,0
DA:479,0
DA:480,0
DA:482,0
DA:495,8
DA:496,0
DA:497,0
DA:498,0
DA:502,8
DA:505,8
DA:515,75
DA:516,0
DA:517,0
DA:521,75
DA:522,75
DA:523,0
DA:524,0
DA:528,75
DA:529,75
DA:530,75
DA:531,75
DA:532,75
DA:533,75
DA:534,75
DA:535,75
DA:538,75
DA:539,75
DA:540,0
DA:543,75
DA:566,75
DA:573,75
DA:584,75
DA:585,75
DA:587,75
DA:588,0
DA:595,75
DA:596,75
DA:603,75
DA:604,75
DA:612,75
DA:613,0
DA:620,75
DA:629,106
DA:630,106
DA:631,106
DA:632,106
DA:633,106
DA:635,106
DA:649,106
DA:652,106
DA:653,106
DA:654,0
DA:655,0
DA:659,106
DA:660,2544
DA:663,318
DA:668,106
DA:669,106
DA:670,318
DA:671,318
DA:672,0
DA:673,0
DA:676,318
DA:678,318
DA:679,293
DA:681,25
DA:682,75
DA:688,75
DA:691,75
DA:692,0
DA:693,0
DA:697,75
DA:698,0
DA:699,0
DA:703,75
DA:704,75
DA:705,0
DA:706,0
DA:709,75
DA:710,75
DA:716,106
DA:717,106
DA:718,106
DA:719,20
DA:722,70
DA:727,106
DA:730,106
DA:732,106
DA:741,293
DA:742,293
DA:743,293
DA:744,293
DA:753,293
DA:758,293
DA:766,106
DA:767,318
DA:768,318
DA:769,318
DA:778,0
DA:779,0
DA:780,0
DA:788,32
DA:789,32
DA:808,36
DA:810,36
DA:811,36
DA:812,0
DA:813,0
DA:814,0
DA:817,36
DA:818,36
DA:819,36
DA:820,36
DA:821,36
DA:822,36
DA:825,36
DA:826,36
DA:827,36
DA:830,36
DA:831,36
DA:832,0
DA:834,36
DA:836,36
DA:837,36
DA:838,36
DA:839,36
DA:840,36
DA:842,36
DA:843,0
DA:846,0
DA:847,0
DA:848,0
DA:849,0
DA:852,0
DA:853,0
DA:854,0
DA:858,36
DA:859,0
DA:860,0
DA:861,0
DA:862,0
DA:863,0
DA:866,36
DA:867,0
DA:868,0
DA:869,0
DA:870,0
DA:873,36
DA:876,0
DA:877,0
DA:878,0
DA:879,0
DA:883,36
DA:884,0
DA:885,0
DA:886,0
DA:887,0
DA:892,36
DA:893,36
DA:894,36
DA:895,36
DA:898,36
DA:899,0
DA:903,36
DA:904,36
DA:905,36
DA:908,36
DA:909,0
DA:918,0
DA:919,0
DA:931,0
DA:932,0
DA:933,0
DA:934,0
DA:935,0
DA:936,0
DA:940,0
DA:941,0
DA:943,0
DA:950,0
DA:959,0
DA:962,0
DA:963,0
DA:967,0
DA:968,0
DA:969,0
DA:970,0
DA:971,0
DA:977,0
DA:978,0
DA:981,0
DA:982,0
DA:985,0
DA:994,4501
DA:995,4501
DA:996,4501
DA:1003,0
DA:1004,0
DA:1010,0
DA:1011,0
DA:1018,0
DA:1026,0
DA:1036,3696
DA:1037,3101
DA:1041,3696
DA:1042,3696
DA:1044,3696
DA:1045,595
DA:1046,595
DA:1047,595
DA:1048,595
DA:1051,3101
DA:1052,4201
DA:1053,4201
DA:1055,4201
DA:1081,4201
DA:1092,75
DA:1093,75
DA:1094,75
DA:1100,0
DA:1111,0
DA:1112,0
DA:1113,0
DA:1116,0
DA:1117,0
DA:1120,0
DA:1145,0
DA:1169,0
DA:1172,0
DA:1173,0
DA:1174,0
DA:1175,0
DA:1178,0
DA:1179,0
DA:1180,0
DA:1181,0
DA:1184,0
DA:1185,0
DA:1188,0
DA:1189,0
DA:1192,0
DA:1193,0
DA:1197,0
DA:1198,0
DA:1199,0
DA:1203,0
DA:1204,0
DA:1205,0
DA:1206,0
DA:1209,0
DA:1216,2
DA:1218,2
DA:1219,4
DA:1220,0
DA:1221,0
DA:1222,0
DA:1223,0
DA:1224,0
DA:1225,0
DA:1237,0
DA:1239,0
DA:1240,0
DA:1242,0
DA:1243,0
DA:1245,0
DA:1249,4
DA:1250,0
DA:1251,0
DA:1252,0
LF:455
LH:188
BRDA:19,0,0,40
BRDA:19,0,1,2
BRDA:92,1,0,24
BRDA:92,1,1,48
BRDA:111,2,0,0
BRDA:111,2,1,0
BRDA:111,2,2,0
BRDA:111,2,3,0
BRDA:111,2,4,0
BRDA:111,2,5,0
BRDA:111,2,6,0
BRDA:164,3,0,2
BRDA:164,3,1,0
BRDA:168,4,0,0
BRDA:168,4,1,0
BRDA:175,5,0,2
BRDA:175,5,1,0
BRDA:181,6,0,2
BRDA:181,6,1,0
BRDA:184,7,0,0
BRDA:184,7,1,0
BRDA:191,8,0,2
BRDA:191,8,1,0
BRDA:198,9,0,2
BRDA:198,9,1,0
BRDA:204,10,0,2
BRDA:204,10,1,0
BRDA:212,11,0,2
BRDA:212,11,1,0
BRDA:221,12,0,0
BRDA:221,12,1,0
BRDA:221,13,0,0
BRDA:221,13,1,0
BRDA:221,13,2,0
BRDA:221,13,3,0
BRDA:227,14,0,0
BRDA:227,14,1,0
BRDA:227,15,0,0
BRDA:227,15,1,0
BRDA:227,15,2,0
BRDA:227,15,3,0
BRDA:233,16,0,0
BRDA:233,16,1,0
BRDA:233,17,0,0
BRDA:233,17,1,0
BRDA:233,17,2,0
BRDA:239,18,0,0
BRDA:239,18,1,0
BRDA:266,19,0,0
BRDA:266,19,1,0
BRDA:266,19,2,0
BRDA:266,19,3,0
BRDA:289,20,0,0
BRDA:289,20,1,2
BRDA:297,21,0,0
BRDA:297,21,1,2
BRDA:305,22,0,0
BRDA:305,22,1,2
BRDA:307,23,0,0
BRDA:307,23,1,0
BRDA:314,24,0,0
BRDA:314,24,1,2
BRDA:321,25,0,0
BRDA:321,25,1,2
BRDA:328,26,0,0
BRDA:328,26,1,2
BRDA:336,27,0,0
BRDA:336,27,1,2
BRDA:344,28,0,0
BRDA:344,28,1,2
BRDA:351,29,0,0
BRDA:351,29,1,2
BRDA:359,30,0,0
BRDA:359,30,1,2
BRDA:366,31,0,0
BRDA:366,31,1,2
BRDA:378,32,0,0
BRDA:378,32,1,0
BRDA:378,33,0,0
BRDA:378,33,1,0
BRDA:388,34,0,0
BRDA:388,34,1,0
BRDA:394,35,0,0
BRDA:394,35,1,0
BRDA:404,36,0,0
BRDA:404,36,1,0
BRDA:409,37,0,0
BRDA:409,37,1,0
BRDA:426,38,0,0
BRDA:426,38,1,0
BRDA:432,39,0,0
BRDA:432,39,1,0
BRDA:450,40,0,0
BRDA:450,40,1,6
BRDA:459,41,0,0
BRDA:459,41,1,0
BRDA:478,42,0,0
BRDA:478,42,1,0
BRDA:478,43,0,0
BRDA:478,43,1,0
BRDA:497,44,0,0
BRDA:497,44,1,0
BRDA:515,45,0,0
BRDA:515,45,1,75
BRDA:515,46,0,75
BRDA:515,46,1,75
BRDA:522,47,0,0
BRDA:522,47,1,75
BRDA:539,48,0,0
BRDA:539,48,1,75
BRDA:569,49,0,75
BRDA:569,49,1,0
BRDA:583,50,0,0
BRDA:587,51,0,0
BRDA:587,51,1,75
BRDA:595,52,0,75
BRDA:595,52,1,0
BRDA:603,53,0,75
BRDA:603,53,1,0
BRDA:612,54,0,0
BRDA:612,54,1,75
BRDA:638,55,0,106
BRDA:638,55,1,81
BRDA:639,56,0,106
BRDA:639,56,1,106
BRDA:640,57,0,106
BRDA:640,57,1,106
BRDA:660,58,0,318
BRDA:660,58,1,2226
BRDA:660,59,0,2544
BRDA:660,59,1,2544
BRDA:660,59,2,2544
BRDA:660,59,3,2544
BRDA:671,60,0,0
BRDA:671,60,1,318
BRDA:678,61,0,293
BRDA:678,61,1,25
BRDA:684,62,0,75
BRDA:684,62,1,0
BRDA:691,63,0,0
BRDA:691,63,1,75
BRDA:697,64,0,0
BRDA:697,64,1,75
BRDA:697,65,0,75
BRDA:697,65,1,75
BRDA:704,66,0,0
BRDA:704,66,1,75
BRDA:704,67,0,75
BRDA:704,67,1,0
BRDA:718,68,0,20
BRDA:718,68,1,86
BRDA:758,69,0,293
BRDA:758,69,1,0
BRDA:768,70,0,318
BRDA:768,70,1,0
BRDA:778,71,0,0
BRDA:778,71,1,0
BRDA:788,72,0,32
BRDA:788,72,1,0
BRDA:800,73,0,0
BRDA:802,74,0,36
BRDA:803,75,0,36
BRDA:804,76,0,0
BRDA:805,77,0,36
BRDA:806,78,0,36
BRDA:807,79,0,36
BRDA:811,80,0,0
BRDA:811,80,1,36
BRDA:831,81,0,0
BRDA:831,81,1,36
BRDA:836,82,0,0
BRDA:836,82,1,36
BRDA:838,83,0,0
BRDA:838,83,1,36
BRDA:852,84,0,0
BRDA:852,84,1,0
BRDA:861,85,0,0
BRDA:861,85,1,0
BRDA:877,86,0,0
BRDA:877,86,1,0
BRDA:877,87,0,0
BRDA:877,87,1,0
BRDA:884,88,0,0
BRDA:884,88,1,0
BRDA:908,89,0,0
BRDA:908,89,1,36
BRDA:918,90,0,0
BRDA:918,90,1,0
BRDA:929,91,0,0
BRDA:929,92,0,0
BRDA:932,93,0,0
BRDA:932,93,1,0
BRDA:943,94,0,0
BRDA:943,94,1,0
BRDA:970,95,0,0
BRDA:970,95,1,0
BRDA:981,96,0,0
BRDA:981,96,1,0
BRDA:1010,97,0,0
BRDA:1010,97,1,0
BRDA:1010,98,0,0
BRDA:1010,98,1,0
BRDA:1036,99,0,3101
BRDA:1036,99,1,595
BRDA:1036,100,0,3696
BRDA:1036,100,1,3696
BRDA:1041,101,0,3696
BRDA:1041,101,1,0
BRDA:1044,102,0,595
BRDA:1044,102,1,3101
BRDA:1053,103,0,4201
BRDA:1053,103,1,4201
BRDA:1056,104,0,4201
BRDA:1056,104,1,0
BRDA:1064,105,0,4201
BRDA:1064,105,1,0
BRDA:1070,106,0,1565
BRDA:1070,106,1,2636
BRDA:1076,107,0,4201
BRDA:1076,107,1,0
BRDA:1117,108,0,0
BRDA:1117,108,1,0
BRDA:1117,109,0,0
BRDA:1117,109,1,0
BRDA:1155,110,0,0
BRDA:1155,110,1,0
BRDA:1174,111,0,0
BRDA:1174,111,1,0
BRDA:1199,112,0,0
BRDA:1199,112,1,0
BRDA:1204,113,0,0
BRDA:1204,113,1,0
BRDA:1221,114,0,0
BRDA:1221,114,1,0
BRDA:1250,115,0,0
BRDA:1250,115,1,0
BRF:236
BRH:84
end_of_record
TN:
SF:scripts/modules/dropdown.js
FN:5,(anonymous_0)
FN:10,(anonymous_1)
FN:12,(anonymous_2)
FN:31,(anonymous_3)
FN:38,(anonymous_4)
FN:57,(anonymous_5)
FN:69,(anonymous_6)
FN:84,(anonymous_7)
FN:86,(anonymous_8)
FNF:9
FNH:0
FNDA:0,(anonymous_0)
FNDA:0,(anonymous_1)
FNDA:0,(anonymous_2)
FNDA:0,(anonymous_3)
FNDA:0,(anonymous_4)
FNDA:0,(anonymous_5)
FNDA:0,(anonymous_6)
FNDA:0,(anonymous_7)
FNDA:0,(anonymous_8)
DA:6,0
DA:7,0
DA:12,0
DA:13,0
DA:15,0
DA:16,0
DA:17,0
DA:20,0
DA:21,0
DA:23,0
DA:25,0
DA:31,0
DA:32,0
DA:33,0
DA:39,0
DA:40,0
DA:41,0
DA:45,0
DA:46,0
DA:50,0
DA:51,0
DA:53,0
DA:58,0
DA:59,0
DA:60,0
DA:63,0
DA:64,0
DA:65,0
DA:70,0
DA:71,0
DA:74,0
DA:75,0
DA:76,0
DA:79,0
DA:80,0
DA:85,0
DA:86,0
DA:87,0
DA:93,0
LF:39
LH:0
BRDA:15,0,0,0
BRDA:15,0,1,0
BRDA:23,1,0,0
BRDA:23,1,1,0
BRDA:23,2,0,0
BRDA:23,2,1,0
BRDA:32,3,0,0
BRDA:32,3,1,0
BRDA:40,4,0,0
BRDA:40,4,1,0
BRDA:40,5,0,0
BRDA:40,5,1,0
BRDA:45,6,0,0
BRDA:45,6,1,0
BRDA:45,7,0,0
BRDA:45,7,1,0
BRDA:50,8,0,0
BRDA:50,8,1,0
BRDA:64,9,0,0
BRDA:64,9,1,0
BRDA:75,10,0,0
BRDA:75,10,1,0
BRDA:79,11,0,0
BRDA:79,11,1,0
BRF:24
BRH:0
end_of_record
TN:
SF:scripts/modules/errorHandler.js
FN:13,(anonymous_0)
FN:14,(anonymous_1)
FN:31,(anonymous_2)
FN:32,(anonymous_3)
FN:50,(anonymous_4)
FN:60,(anonymous_5)
FN:67,(anonymous_6)
FN:79,(anonymous_7)
FN:103,(anonymous_8)
FN:112,(anonymous_9)
FN:124,(anonymous_10)
FN:133,(anonymous_11)
FN:145,(anonymous_12)
FN:154,(anonymous_13)
FN:167,(anonymous_14)
FN:186,(anonymous_15)
FN:197,(anonymous_16)
FN:219,(anonymous_17)
FN:234,(anonymous_18)
FN:236,(anonymous_19)
FN:249,(anonymous_20)
FN:269,(anonymous_21)
FN:278,(anonymous_22)
FN:286,(anonymous_23)
FN:294,(anonymous_24)
FN:302,(anonymous_25)
FNF:26
FNH:0
FNDA:0,(anonymous_0)
FNDA:0,(anonymous_1)
FNDA:0,(anonymous_2)
FNDA:0,(anonymous_3)
FNDA:0,(anonymous_4)
FNDA:0,(anonymous_5)
FNDA:0,(anonymous_6)
FNDA:0,(anonymous_7)
FNDA:0,(anonymous_8)
FNDA:0,(anonymous_9)
FNDA:0,(anonymous_10)
FNDA:0,(anonymous_11)
FNDA:0,(anonymous_12)
FNDA:0,(anonymous_13)
FNDA:0,(anonymous_14)
FNDA:0,(anonymous_15)
FNDA:0,(anonymous_16)
FNDA:0,(anonymous_17)
FNDA:0,(anonymous_18)
FNDA:0,(anonymous_19)
FNDA:0,(anonymous_20)
FNDA:0,(anonymous_21)
FNDA:0,(anonymous_22)
FNDA:0,(anonymous_23)
FNDA:0,(anonymous_24)
FNDA:0,(anonymous_25)
DA:14,0
DA:15,0
DA:16,0
DA:18,0
DA:19,0
DA:20,0
DA:32,0
DA:33,0
DA:34,0
DA:36,0
DA:37,0
DA:38,0
DA:45,4
DA:52,0
DA:53,0
DA:54,0
DA:55,0
DA:56,0
DA:60,0
DA:61,0
DA:62,0
DA:63,0
DA:67,0
DA:68,0
DA:69,0
DA:85,0
DA:88,0
DA:90,0
DA:91,0
DA:95,0
DA:104,0
DA:106,0
DA:108,0
DA:109,0
DA:111,0
DA:112,0
DA:113,0
DA:125,0
DA:127,0
DA:129,0
DA:130,0
DA:132,0
DA:133,0
DA:134,0
DA:146,0
DA:148,0
DA:150,0
DA:151,0
DA:153,0
DA:154,0
DA:155,0
DA:168,0
DA:169,0
DA:170,0
DA:185,0
DA:186,0
DA:188,0
DA:198,0
DA:211,0
DA:220,0
DA:227,0
DA:235,0
DA:236,0
DA:237,0
DA:238,0
DA:252,0
DA:263,0
DA:270,0
DA:271,0
DA:279,0
DA:280,0
DA:281,0
DA:287,0
DA:288,0
DA:289,0
DA:295,0
DA:296,0
DA:301,4
DA:302,4
DA:303,0
LF:80
LH:3
BRDA:13,0,0,0
BRDA:31,1,0,0
BRDA:52,2,0,0
BRDA:52,2,1,0
BRDA:79,3,0,0
BRDA:79,4,0,0
BRDA:81,5,0,0
BRDA:82,6,0,0
BRDA:83,7,0,0
BRDA:84,8,0,0
BRDA:90,9,0,0
BRDA:90,9,1,0
BRDA:103,10,0,0
BRDA:104,11,0,0
BRDA:104,12,0,0
BRDA:108,13,0,0
BRDA:108,13,1,0
BRDA:111,14,0,0
BRDA:111,14,1,0
BRDA:124,15,0,0
BRDA:125,16,0,0
BRDA:125,17,0,0
BRDA:129,18,0,0
BRDA:129,18,1,0
BRDA:132,19,0,0
BRDA:132,19,1,0
BRDA:145,20,0,0
BRDA:146,21,0,0
BRDA:146,22,0,0
BRDA:150,23,0,0
BRDA:150,23,1,0
BRDA:153,24,0,0
BRDA:153,24,1,0
BRDA:211,25,0,0
BRDA:211,25,1,0
BRDA:227,26,0,0
BRDA:227,26,1,0
BRDA:237,27,0,0
BRDA:237,27,1,0
BRDA:270,28,0,0
BRDA:270,28,1,0
BRDA:278,29,0,0
BRDA:286,30,0,0
BRDA:301,31,0,4
BRDA:301,31,1,0
BRF:45
BRH:1
end_of_record
TN:
SF:scripts/modules/eventBus.js
FN:5,(anonymous_0)
FN:15,(anonymous_1)
FN:22,(anonymous_2)
FN:30,(anonymous_3)
FN:44,(anonymous_4)
FN:47,(anonymous_5)
FN:62,(anonymous_6)
FN:63,(anonymous_7)
FNF:8
FNH:8
FNDA:5,(anonymous_0)
FNDA:1809,(anonymous_1)
FNDA:5,(anonymous_2)
FNDA:5,(anonymous_3)
FNDA:12203,(anonymous_4)
FNDA:5706,(anonymous_5)
FNDA:5,(anonymous_6)
FNDA:5,(anonymous_7)
DA:6,5
DA:16,1809
DA:17,121
DA:19,1809
DA:22,1809
DA:31,5
DA:33,5
DA:34,5
DA:35,5
DA:45,12203
DA:47,5288
DA:48,5706
DA:49,5706
DA:51,0
DA:63,5
DA:64,5
DA:65,5
DA:67,5
LF:18
LH:17
BRDA:16,0,0,121
BRDA:16,0,1,1688
BRDA:31,1,0,0
BRDA:31,1,1,5
BRDA:34,2,0,5
BRDA:34,2,1,0
BRDA:45,3,0,6915
BRDA:45,3,1,5288
BRF:8
BRH:6
end_of_record
TN:
SF:scripts/modules/keyboardNav.js
FN:7,(anonymous_0)
FN:17,(anonymous_1)
FN:26,(anonymous_2)
FN:30,(anonymous_3)
FN:36,(anonymous_4)
FN:42,(anonymous_5)
FN:51,(anonymous_6)
FN:60,(anonymous_7)
FN:66,(anonymous_8)
FN:72,(anonymous_9)
FN:79,(anonymous_10)
FN:85,(anonymous_11)
FN:91,(anonymous_12)
FN:98,(anonymous_13)
FN:107,(anonymous_14)
FN:116,(anonymous_15)
FN:122,(anonymous_16)
FN:133,(anonymous_17)
FN:134,(anonymous_18)
FN:149,(anonymous_19)
FN:165,(anonymous_20)
FN:174,(anonymous_21)
FN:189,(anonymous_22)
FN:200,(anonymous_23)
FN:215,(anonymous_24)
FN:231,(anonymous_25)
FN:247,(anonymous_26)
FN:256,(anonymous_27)
FN:270,(anonymous_28)
FN:279,(anonymous_29)
FN:293,(anonymous_30)
FN:295,(anonymous_31)
FN:301,(anonymous_32)
FN:315,(anonymous_33)
FN:329,(anonymous_34)
FN:343,(anonymous_35)
FN:347,(anonymous_36)
FN:363,(anonymous_37)
FN:381,(anonymous_38)
FN:384,(anonymous_39)
FN:391,(anonymous_40)
FN:413,(anonymous_41)
FN:431,(anonymous_42)
FN:438,(anonymous_43)
FNF:44
FNH:0
FNDA:0,(anonymous_0)
FNDA:0,(anonymous_1)
FNDA:0,(anonymous_2)
FNDA:0,(anonymous_3)
FNDA:0,(anonymous_4)
FNDA:0,(anonymous_5)
FNDA:0,(anonymous_6)
FNDA:0,(anonymous_7)
FNDA:0,(anonymous_8)
FNDA:0,(anonymous_9)
FNDA:0,(anonymous_10)
FNDA:0,(anonymous_11)
FNDA:0,(anonymous_12)
FNDA:0,(anonymous_13)
FNDA:0,(anonymous_14)
FNDA:0,(anonymous_15)
FNDA:0,(anonymous_16)
FNDA:0,(anonymous_17)
FNDA:0,(anonymous_18)
FNDA:0,(anonymous_19)
FNDA:0,(anonymous_20)
FNDA:0,(anonymous_21)
FNDA:0,(anonymous_22)
FNDA:0,(anonymous_23)
FNDA:0,(anonymous_24)
FNDA:0,(anonymous_25)
FNDA:0,(anonymous_26)
FNDA:0,(anonymous_27)
FNDA:0,(anonymous_28)
FNDA:0,(anonymous_29)
FNDA:0,(anonymous_30)
FNDA:0,(anonymous_31)
FNDA:0,(anonymous_32)
FNDA:0,(anonymous_33)
FNDA:0,(anonymous_34)
FNDA:0,(anonymous_35)
FNDA:0,(anonymous_36)
FNDA:0,(anonymous_37)
FNDA:0,(anonymous_38)
FNDA:0,(anonymous_39)
FNDA:0,(anonymous_40)
FNDA:0,(anonymous_41)
FNDA:0,(anonymous_42)
FNDA:0,(anonymous_43)
DA:8,0
DA:9,0
DA:10,0
DA:11,0
DA:18,0
DA:19,0
DA:20,0
DA:28,0
DA:30,0
DA:34,0
DA:36,0
DA:40,0
DA:43,0
DA:44,0
DA:49,0
DA:52,0
DA:53,0
DA:58,0
DA:60,0
DA:64,0
DA:66,0
DA:70,0
DA:72,0
DA:77,0
DA:79,0
DA:83,0
DA:85,0
DA:89,0
DA:91,0
DA:96,0
DA:99,0
DA:100,0
DA:105,0
DA:108,0
DA:109,0
DA:114,0
DA:116,0
DA:120,0
DA:123,0
DA:124,0
DA:134,0
DA:136,0
DA:137,0
DA:140,0
DA:141,0
DA:143,0
DA:144,0
DA:149,0
DA:150,0
DA:151,0
DA:153,0
DA:154,0
DA:155,0
DA:157,0
DA:166,0
DA:167,0
DA:175,0
DA:177,0
DA:178,0
DA:179,0
DA:181,0
DA:183,0
DA:190,0
DA:191,0
DA:192,0
DA:193,0
DA:202,0
DA:203,0
DA:204,0
DA:205,0
DA:209,0
DA:216,0
DA:217,0
DA:218,0
DA:219,0
DA:221,0
DA:232,0
DA:234,0
DA:235,0
DA:236,0
DA:237,0
DA:238,0
DA:239,0
DA:248,0
DA:249,0
DA:251,0
DA:252,0
DA:253,0
DA:256,0
DA:257,0
DA:260,0
DA:261,0
DA:263,0
DA:271,0
DA:272,0
DA:274,0
DA:275,0
DA:276,0
DA:279,0
DA:280,0
DA:283,0
DA:284,0
DA:286,0
DA:294,0
DA:295,0
DA:302,0
DA:304,0
DA:305,0
DA:307,0
DA:308,0
DA:316,0
DA:318,0
DA:319,0
DA:321,0
DA:322,0
DA:330,0
DA:332,0
DA:333,0
DA:335,0
DA:336,0
DA:344,0
DA:347,0
DA:348,0
DA:349,0
DA:351,0
DA:357,0
DA:364,0
DA:382,0
DA:384,0
DA:385,0
DA:391,0
DA:392,0
DA:400,0
DA:406,0
DA:407,0
DA:414,0
DA:415,0
DA:432,0
DA:439,0
LF:139
LH:0
BRDA:136,0,0,0
BRDA:136,0,1,0
BRDA:143,1,0,0
BRDA:143,1,1,0
BRDA:153,2,0,0
BRDA:153,2,1,0
BRDA:155,3,0,0
BRDA:155,3,1,0
BRDA:167,4,0,0
BRDA:167,4,1,0
BRDA:177,5,0,0
BRDA:177,5,1,0
BRDA:178,6,0,0
BRDA:178,6,1,0
BRDA:179,7,0,0
BRDA:179,7,1,0
BRDA:179,8,0,0
BRDA:179,8,1,0
BRDA:191,9,0,0
BRDA:191,9,1,0
BRDA:203,10,0,0
BRDA:203,10,1,0
BRDA:203,11,0,0
BRDA:203,11,1,0
BRDA:216,12,0,0
BRDA:216,12,1,0
BRDA:218,13,0,0
BRDA:218,13,1,0
BRDA:234,14,0,0
BRDA:234,14,1,0
BRDA:237,15,0,0
BRDA:237,15,1,0
BRDA:249,16,0,0
BRDA:249,16,1,0
BRDA:251,17,0,0
BRDA:251,17,1,0
BRDA:260,18,0,0
BRDA:260,18,1,0
BRDA:272,19,0,0
BRDA:272,19,1,0
BRDA:274,20,0,0
BRDA:274,20,1,0
BRDA:283,21,0,0
BRDA:283,21,1,0
BRDA:302,22,0,0
BRDA:302,22,1,0
BRDA:307,23,0,0
BRDA:307,23,1,0
BRDA:316,24,0,0
BRDA:316,24,1,0
BRDA:321,25,0,0
BRDA:321,25,1,0
BRDA:330,26,0,0
BRDA:330,26,1,0
BRDA:335,27,0,0
BRDA:335,27,1,0
BRDA:348,28,0,0
BRDA:348,28,1,0
BRDA:414,29,0,0
BRDA:414,29,1,0
BRF:60
BRH:0
end_of_record
TN:
SF:scripts/modules/main.js
FN:11,generateUniqueId
FN:22,(anonymous_1)
FN:34,(anonymous_2)
FN:69,(anonymous_3)
FN:76,(anonymous_4)
FN:77,(anonymous_5)
FN:78,(anonymous_6)
FN:82,(anonymous_7)
FN:83,(anonymous_8)
FN:95,(anonymous_9)
FN:99,(anonymous_10)
FN:130,(anonymous_11)
FN:150,(anonymous_12)
FN:152,(anonymous_13)
FN:158,(anonymous_14)
FN:164,(anonymous_15)
FN:231,(anonymous_16)
FN:238,(anonymous_17)
FN:254,(anonymous_18)
FN:261,(anonymous_19)
FN:262,(anonymous_20)
FN:263,(anonymous_21)
FN:267,(anonymous_22)
FN:268,(anonymous_23)
FN:280,(anonymous_24)
FN:293,(anonymous_25)
FN:305,(anonymous_26)
FN:309,(anonymous_27)
FN:315,(anonymous_28)
FN:337,(anonymous_29)
FN:366,(anonymous_30)
FN:369,(anonymous_31)
FN:377,(anonymous_32)
FN:395,(anonymous_33)
FN:408,(anonymous_34)
FN:432,(anonymous_35)
FN:436,(anonymous_36)
FN:451,(anonymous_37)
FN:466,(anonymous_38)
FN:478,(anonymous_39)
FN:489,(anonymous_40)
FN:504,(anonymous_41)
FN:512,(anonymous_42)
FN:532,(anonymous_43)
FN:537,(anonymous_44)
FN:553,(anonymous_45)
FN:558,(anonymous_46)
FN:565,(anonymous_47)
FN:596,(anonymous_48)
FN:597,(anonymous_49)
FN:598,(anonymous_50)
FN:602,(anonymous_51)
FN:603,(anonymous_52)
FN:604,(anonymous_53)
FN:651,(anonymous_54)
FN:655,(anonymous_55)
FN:693,(anonymous_56)
FN:701,(anonymous_57)
FN:709,(anonymous_58)
FN:717,(anonymous_59)
FN:770,(anonymous_60)
FN:802,(anonymous_61)
FN:813,(anonymous_62)
FN:886,(anonymous_63)
FN:889,(anonymous_64)
FN:897,(anonymous_65)
FN:949,(anonymous_66)
FN:977,(anonymous_67)
FN:987,(anonymous_68)
FN:1004,(anonymous_69)
FN:1017,(anonymous_70)
FN:1057,(anonymous_71)
FN:1067,(anonymous_72)
FN:1084,(anonymous_73)
FN:1088,(anonymous_74)
FN:1120,(anonymous_75)
FN:1143,(anonymous_76)
FN:1175,(anonymous_77)
FN:1185,(anonymous_78)
FN:1195,(anonymous_79)
FN:1202,(anonymous_80)
FN:1209,(anonymous_81)
FN:1217,(anonymous_82)
FN:1221,(anonymous_83)
FN:1228,(anonymous_84)
FN:1238,(anonymous_85)
FN:1249,(anonymous_86)
FN:1250,(anonymous_87)
FN:1256,(anonymous_88)
FN:1267,(anonymous_89)
FN:1314,(anonymous_90)
FN:1318,(anonymous_91)
FN:1329,(anonymous_92)
FN:1340,(anonymous_93)
FN:1348,(anonymous_94)
FN:1363,(anonymous_95)
FN:1378,(anonymous_96)
FN:1456,(anonymous_97)
FN:1492,(anonymous_98)
FN:1523,(anonymous_99)
FN:1538,(anonymous_100)
FN:1542,(anonymous_101)
FN:1569,(anonymous_102)
FN:1597,(anonymous_103)
FN:1600,(anonymous_104)
FN:1648,(anonymous_105)
FN:1651,(anonymous_106)
FN:1681,(anonymous_107)
FN:1694,(anonymous_108)
FN:1718,(anonymous_109)
FN:1750,(anonymous_110)
FN:1800,(anonymous_111)
FN:1865,(anonymous_112)
FN:1872,(anonymous_113)
FN:1896,(anonymous_114)
FN:1915,(anonymous_115)
FN:1918,(anonymous_116)
FN:1927,(anonymous_117)
FN:1945,(anonymous_118)
FN:1963,(anonymous_119)
FN:1985,(anonymous_120)
FN:1994,(anonymous_121)
FN:2012,(anonymous_122)
FN:2015,(anonymous_123)
FN:2016,(anonymous_124)
FN:2062,(anonymous_125)
FN:2067,(anonymous_126)
FN:2117,(anonymous_127)
FN:2118,(anonymous_128)
FN:2120,(anonymous_129)
FN:2121,(anonymous_130)
FN:2132,(anonymous_131)
FN:2157,(anonymous_132)
FN:2165,(anonymous_133)
FN:2174,(anonymous_134)
FN:2181,(anonymous_135)
FN:2188,(anonymous_136)
FN:2197,(anonymous_137)
FN:2209,(anonymous_138)
FN:2216,(anonymous_139)
FN:2241,(anonymous_140)
FN:2243,(anonymous_141)
FN:2262,(anonymous_142)
FN:2277,(anonymous_143)
FN:2302,(anonymous_144)
FN:2307,(anonymous_145)
FN:2318,(anonymous_146)
FN:2322,(anonymous_147)
FN:2333,(anonymous_148)
FN:2339,(anonymous_149)
FN:2341,(anonymous_150)
FN:2347,(anonymous_151)
FN:2382,(anonymous_152)
FN:2383,(anonymous_153)
FN:2432,(anonymous_154)
FN:2438,(anonymous_155)
FN:2440,(anonymous_156)
FN:2462,(anonymous_157)
FN:2482,(anonymous_158)
FN:2486,(anonymous_159)
FN:2493,(anonymous_160)
FN:2496,(anonymous_161)
FN:2512,(anonymous_162)
FN:2534,(anonymous_163)
FN:2541,(anonymous_164)
FN:2553,(anonymous_165)
FN:2560,(anonymous_166)
FN:2564,(anonymous_167)
FN:2581,(anonymous_168)
FN:2588,(anonymous_169)
FN:2600,(anonymous_170)
FN:2616,(anonymous_171)
FN:2638,(anonymous_172)
FN:2644,(anonymous_173)
FN:2645,(anonymous_174)
FN:2660,(anonymous_175)
FN:2669,(anonymous_176)
FN:2672,(anonymous_177)
FN:2675,(anonymous_178)
FN:2694,(anonymous_179)
FN:2705,(anonymous_180)
FN:2722,(anonymous_181)
FN:2730,(anonymous_182)
FN:2734,(anonymous_183)
FN:2752,(anonymous_184)
FN:2767,(anonymous_185)
FN:2771,(anonymous_186)
FN:2779,(anonymous_187)
FN:2780,(anonymous_188)
FN:2803,(anonymous_189)
FN:2807,(anonymous_190)
FN:2817,(anonymous_191)
FN:2833,(anonymous_192)
FN:2855,(anonymous_193)
FN:2869,(anonymous_194)
FN:2870,(anonymous_195)
FN:2873,(anonymous_196)
FN:2887,(anonymous_197)
FN:2890,(anonymous_198)
FN:2903,(anonymous_199)
FN:2910,(anonymous_200)
FN:2912,(anonymous_201)
FNF:202
FNH:115
FNDA:42,generateUniqueId
FNDA:90,(anonymous_1)
FNDA:90,(anonymous_2)
FNDA:159,(anonymous_3)
FNDA:49,(anonymous_4)
FNDA:43,(anonymous_5)
FNDA:43,(anonymous_6)
FNDA:49,(anonymous_7)
FNDA:43,(anonymous_8)
FNDA:1,(anonymous_9)
FNDA:1,(anonymous_10)
FNDA:94,(anonymous_11)
FNDA:88,(anonymous_12)
FNDA:1938,(anonymous_13)
FNDA:1938,(anonymous_14)
FNDA:1662,(anonymous_15)
FNDA:5557,(anonymous_16)
FNDA:6412,(anonymous_17)
FNDA:152,(anonymous_18)
FNDA:162,(anonymous_19)
FNDA:162,(anonymous_20)
FNDA:162,(anonymous_21)
FNDA:456,(anonymous_22)
FNDA:50,(anonymous_23)
FNDA:152,(anonymous_24)
FNDA:3745,(anonymous_25)
FNDA:12,(anonymous_26)
FNDA:21,(anonymous_27)
FNDA:4,(anonymous_28)
FNDA:49,(anonymous_29)
FNDA:132,(anonymous_30)
FNDA:122,(anonymous_31)
FNDA:44,(anonymous_32)
FNDA:172,(anonymous_33)
FNDA:0,(anonymous_34)
FNDA:9,(anonymous_35)
FNDA:3,(anonymous_36)
FNDA:1,(anonymous_37)
FNDA:1,(anonymous_38)
FNDA:8,(anonymous_39)
FNDA:1,(anonymous_40)
FNDA:0,(anonymous_41)
FNDA:8,(anonymous_42)
FNDA:13,(anonymous_43)
FNDA:6,(anonymous_44)
FNDA:13,(anonymous_45)
FNDA:0,(anonymous_46)
FNDA:13,(anonymous_47)
FNDA:13,(anonymous_48)
FNDA:13,(anonymous_49)
FNDA:13,(anonymous_50)
FNDA:13,(anonymous_51)
FNDA:13,(anonymous_52)
FNDA:13,(anonymous_53)
FNDA:1,(anonymous_54)
FNDA:1,(anonymous_55)
FNDA:2,(anonymous_56)
FNDA:2,(anonymous_57)
FNDA:0,(anonymous_58)
FNDA:0,(anonymous_59)
FNDA:0,(anonymous_60)
FNDA:0,(anonymous_61)
FNDA:0,(anonymous_62)
FNDA:2,(anonymous_63)
FNDA:4,(anonymous_64)
FNDA:2,(anonymous_65)
FNDA:0,(anonymous_66)
FNDA:0,(anonymous_67)
FNDA:0,(anonymous_68)
FNDA:0,(anonymous_69)
FNDA:0,(anonymous_70)
FNDA:0,(anonymous_71)
FNDA:0,(anonymous_72)
FNDA:0,(anonymous_73)
FNDA:0,(anonymous_74)
FNDA:0,(anonymous_75)
FNDA:0,(anonymous_76)
FNDA:0,(anonymous_77)
FNDA:0,(anonymous_78)
FNDA:0,(anonymous_79)
FNDA:0,(anonymous_80)
FNDA:0,(anonymous_81)
FNDA:0,(anonymous_82)
FNDA:0,(anonymous_83)
FNDA:0,(anonymous_84)
FNDA:0,(anonymous_85)
FNDA:0,(anonymous_86)
FNDA:0,(anonymous_87)
FNDA:0,(anonymous_88)
FNDA:0,(anonymous_89)
FNDA:0,(anonymous_90)
FNDA:0,(anonymous_91)
FNDA:0,(anonymous_92)
FNDA:35,(anonymous_93)
FNDA:50,(anonymous_94)
FNDA:4,(anonymous_95)
FNDA:0,(anonymous_96)
FNDA:0,(anonymous_97)
FNDA:19,(anonymous_98)
FNDA:5,(anonymous_99)
FNDA:4,(anonymous_100)
FNDA:5,(anonymous_101)
FNDA:5,(anonymous_102)
FNDA:4,(anonymous_103)
FNDA:8,(anonymous_104)
FNDA:0,(anonymous_105)
FNDA:0,(anonymous_106)
FNDA:0,(anonymous_107)
FNDA:3,(anonymous_108)
FNDA:1,(anonymous_109)
FNDA:2,(anonymous_110)
FNDA:0,(anonymous_111)
FNDA:0,(anonymous_112)
FNDA:0,(anonymous_113)
FNDA:0,(anonymous_114)
FNDA:0,(anonymous_115)
FNDA:0,(anonymous_116)
FNDA:0,(anonymous_117)
FNDA:0,(anonymous_118)
FNDA:0,(anonymous_119)
FNDA:0,(anonymous_120)
FNDA:0,(anonymous_121)
FNDA:0,(anonymous_122)
FNDA:0,(anonymous_123)
FNDA:0,(anonymous_124)
FNDA:0,(anonymous_125)
FNDA:0,(anonymous_126)
FNDA:0,(anonymous_127)
FNDA:0,(anonymous_128)
FNDA:0,(anonymous_129)
FNDA:0,(anonymous_130)
FNDA:55,(anonymous_131)
FNDA:1,(anonymous_132)
FNDA:3,(anonymous_133)
FNDA:4,(anonymous_134)
FNDA:0,(anonymous_135)
FNDA:88,(anonymous_136)
FNDA:0,(anonymous_137)
FNDA:0,(anonymous_138)
FNDA:0,(anonymous_139)
FNDA:2,(anonymous_140)
FNDA:2,(anonymous_141)
FNDA:6,(anonymous_142)
FNDA:6,(anonymous_143)
FNDA:88,(anonymous_144)
FNDA:0,(anonymous_145)
FNDA:0,(anonymous_146)
FNDA:0,(anonymous_147)
FNDA:0,(anonymous_148)
FNDA:0,(anonymous_149)
FNDA:0,(anonymous_150)
FNDA:0,(anonymous_151)
FNDA:0,(anonymous_152)
FNDA:0,(anonymous_153)
FNDA:0,(anonymous_154)
FNDA:0,(anonymous_155)
FNDA:0,(anonymous_156)
FNDA:0,(anonymous_157)
FNDA:0,(anonymous_158)
FNDA:0,(anonymous_159)
FNDA:0,(anonymous_160)
FNDA:0,(anonymous_161)
FNDA:0,(anonymous_162)
FNDA:2,(anonymous_163)
FNDA:2,(anonymous_164)
FNDA:3,(anonymous_165)
FNDA:5,(anonymous_166)
FNDA:2,(anonymous_167)
FNDA:1,(anonymous_168)
FNDA:1,(anonymous_169)
FNDA:2,(anonymous_170)
FNDA:2,(anonymous_171)
FNDA:1,(anonymous_172)
FNDA:3,(anonymous_173)
FNDA:6,(anonymous_174)
FNDA:2,(anonymous_175)
FNDA:4,(anonymous_176)
FNDA:4,(anonymous_177)
FNDA:0,(anonymous_178)
FNDA:1,(anonymous_179)
FNDA:5,(anonymous_180)
FNDA:1,(anonymous_181)
FNDA:5,(anonymous_182)
FNDA:0,(anonymous_183)
FNDA:1,(anonymous_184)
FNDA:1,(anonymous_185)
FNDA:1,(anonymous_186)
FNDA:10,(anonymous_187)
FNDA:10,(anonymous_188)
FNDA:1,(anonymous_189)
FNDA:1,(anonymous_190)
FNDA:6,(anonymous_191)
FNDA:0,(anonymous_192)
FNDA:0,(anonymous_193)
FNDA:1,(anonymous_194)
FNDA:10,(anonymous_195)
FNDA:0,(anonymous_196)
FNDA:1,(anonymous_197)
FNDA:10,(anonymous_198)
FNDA:1,(anonymous_199)
FNDA:3,(anonymous_200)
FNDA:3,(anonymous_201)
DA:12,42
DA:13,42
DA:15,0
DA:23,90
DA:24,90
DA:25,90
DA:26,90
DA:28,90
DA:35,90
DA:37,90
DA:40,90
DA:43,88
DA:46,88
DA:47,88
DA:50,88
DA:54,88
DA:55,88
DA:57,88
DA:58,88
DA:61,2
DA:62,2
DA:70,159
DA:71,159
DA:73,159
DA:74,115
DA:76,66
DA:77,49
DA:78,49
DA:82,66
DA:83,66
DA:85,66
DA:92,66
DA:93,49
DA:95,1
DA:96,1
DA:99,1
DA:103,1
DA:110,1
DA:113,48
DA:117,44
DA:120,2
DA:121,2
DA:123,2
DA:131,94
DA:137,94
DA:144,90
DA:152,88
DA:153,1938
DA:154,1938
DA:155,1938
DA:158,88
DA:159,1938
DA:160,1938
DA:161,1938
DA:164,88
DA:165,1662
DA:166,1662
DA:167,1662
DA:168,1662
DA:172,88
DA:173,88
DA:174,88
DA:175,88
DA:176,88
DA:177,88
DA:178,88
DA:179,88
DA:180,88
DA:183,88
DA:184,88
DA:187,88
DA:188,88
DA:189,88
DA:190,88
DA:191,88
DA:194,88
DA:195,88
DA:198,88
DA:199,88
DA:200,88
DA:203,88
DA:204,88
DA:205,88
DA:206,88
DA:207,88
DA:208,88
DA:211,88
DA:212,88
DA:213,88
DA:214,88
DA:215,88
DA:216,88
DA:217,88
DA:218,88
DA:219,88
DA:222,88
DA:223,88
DA:224,88
DA:232,5557
DA:233,5557
DA:234,5557
DA:235,5557
DA:237,5557
DA:238,6412
DA:244,5557
DA:246,0
DA:247,0
DA:255,152
DA:256,152
DA:260,152
DA:261,162
DA:262,162
DA:263,162
DA:267,152
DA:268,456
DA:271,152
DA:274,152
DA:281,152
DA:282,152
DA:283,152
DA:284,152
DA:286,152
DA:294,3745
DA:295,3745
DA:296,3745
DA:298,3745
DA:306,12
DA:307,12
DA:308,12
DA:309,12
DA:310,21
DA:312,5
DA:313,5
DA:315,4
DA:318,16
DA:321,12
DA:327,0
DA:338,49
DA:339,49
DA:342,47
DA:343,6
DA:346,6
DA:350,41
DA:356,40
DA:363,40
DA:366,132
DA:367,40
DA:368,28
DA:369,122
DA:374,40
DA:375,40
DA:376,40
DA:377,40
DA:378,44
DA:379,34
DA:380,34
DA:386,34
DA:387,34
DA:389,10
DA:392,40
DA:393,40
DA:395,172
DA:399,40
DA:405,0
DA:406,0
DA:408,0
DA:411,0
DA:417,38
DA:419,38
DA:420,38
DA:423,5
DA:424,5
DA:433,9
DA:434,9
DA:435,7
DA:436,7
DA:438,7
DA:440,3
DA:445,3
DA:446,2
DA:447,1
DA:448,1
DA:451,1
DA:452,1
DA:454,1
DA:455,0
DA:458,1
DA:459,1
DA:462,0
DA:465,1
DA:466,1
DA:469,2
DA:470,2
DA:479,8
DA:480,8
DA:482,6
DA:487,6
DA:488,5
DA:489,5
DA:491,5
DA:492,1
DA:495,6
DA:496,6
DA:505,0
DA:513,8
DA:514,8
DA:516,8
DA:519,8
DA:520,1
DA:521,1
DA:524,7
DA:525,1
DA:526,1
DA:529,6
DA:530,6
DA:532,13
DA:537,6
DA:538,6
DA:539,1
DA:540,1
DA:543,5
DA:544,5
DA:553,13
DA:554,5
DA:555,0
DA:558,0
DA:565,5
DA:566,13
DA:567,5
DA:574,5
DA:575,1
DA:578,4
DA:579,4
DA:583,8
DA:584,0
DA:590,8
DA:595,5
DA:596,13
DA:597,13
DA:598,13
DA:601,5
DA:602,13
DA:603,13
DA:604,13
DA:607,5
DA:613,5
DA:617,5
DA:618,1
DA:625,5
DA:630,5
DA:632,5
DA:633,5
DA:639,5
DA:642,0
DA:643,0
DA:652,1
DA:653,1
DA:654,1
DA:655,1
DA:657,1
DA:658,0
DA:659,0
DA:660,0
DA:664,1
DA:673,1
DA:675,0
DA:678,0
DA:680,0
DA:684,0
DA:685,0
DA:694,2
DA:702,2
DA:710,0
DA:718,0
DA:719,0
DA:722,0
DA:723,0
DA:724,0
DA:725,0
DA:726,0
DA:730,0
DA:731,0
DA:735,0
DA:738,0
DA:739,0
DA:740,0
DA:741,0
DA:745,0
DA:746,0
DA:747,0
DA:748,0
DA:749,0
DA:753,0
DA:756,0
DA:758,0
DA:759,0
DA:760,0
DA:763,0
DA:766,0
DA:767,0
DA:769,0
DA:770,0
DA:771,0
DA:772,0
DA:778,0
DA:779,0
DA:785,0
DA:787,0
DA:788,0
DA:790,0
DA:794,0
DA:795,0
DA:803,0
DA:804,0
DA:805,0
DA:807,0
DA:808,0
DA:809,0
DA:813,0
DA:815,0
DA:816,0
DA:817,0
DA:821,0
DA:833,0
DA:835,0
DA:836,0
DA:837,0
DA:838,0
DA:841,0
DA:843,0
DA:848,0
DA:851,0
DA:852,0
DA:855,0
DA:859,0
DA:860,0
DA:861,0
DA:862,0
DA:863,0
DA:865,0
DA:867,0
DA:871,0
DA:878,0
DA:879,0
DA:887,2
DA:888,2
DA:889,4
DA:891,2
DA:892,1
DA:893,1
DA:897,2
DA:898,1
DA:900,1
DA:909,1
DA:910,1
DA:913,1
DA:914,2
DA:915,2
DA:916,2
DA:918,0
DA:924,1
DA:925,1
DA:930,1
DA:936,0
DA:941,0
DA:942,0
DA:950,0
DA:951,0
DA:952,0
DA:953,0
DA:954,0
DA:957,0
DA:959,0
DA:960,0
DA:961,0
DA:965,0
DA:968,0
DA:969,0
DA:978,0
DA:979,0
DA:980,0
DA:982,0
DA:983,0
DA:984,0
DA:987,0
DA:988,0
DA:989,0
DA:990,0
DA:993,0
DA:1002,0
DA:1004,0
DA:1007,0
DA:1016,0
DA:1017,0
DA:1018,0
DA:1019,0
DA:1025,0
DA:1029,0
DA:1030,0
DA:1032,0
DA:1037,0
DA:1040,0
DA:1041,0
DA:1044,0
DA:1048,0
DA:1049,0
DA:1058,0
DA:1059,0
DA:1060,0
DA:1062,0
DA:1063,0
DA:1064,0
DA:1067,0
DA:1068,0
DA:1069,0
DA:1070,0
DA:1073,0
DA:1082,0
DA:1084,0
DA:1087,0
DA:1088,0
DA:1089,0
DA:1090,0
DA:1096,0
DA:1099,0
DA:1101,0
DA:1104,0
DA:1105,0
DA:1108,0
DA:1112,0
DA:1113,0
DA:1121,0
DA:1122,0
DA:1124,0
DA:1125,0
DA:1126,0
DA:1129,0
DA:1138,0
DA:1139,0
DA:1142,0
DA:1143,0
DA:1144,0
DA:1145,0
DA:1151,0
DA:1154,0
DA:1156,0
DA:1159,0
DA:1160,0
DA:1163,0
DA:1167,0
DA:1168,0
DA:1176,0
DA:1177,0
DA:1178,0
DA:1186,0
DA:1187,0
DA:1188,0
DA:1196,0
DA:1198,0
DA:1203,0
DA:1204,0
DA:1209,0
DA:1210,0
DA:1219,0
DA:1220,0
DA:1221,0
DA:1222,0
DA:1226,0
DA:1227,0
DA:1228,0
DA:1229,0
DA:1230,0
DA:1231,0
DA:1236,0
DA:1237,0
DA:1238,0
DA:1239,0
DA:1240,0
DA:1241,0
DA:1242,0
DA:1247,0
DA:1248,0
DA:1249,0
DA:1250,0
DA:1251,0
DA:1255,0
DA:1256,0
DA:1257,0
DA:1268,0
DA:1269,0
DA:1270,0
DA:1271,0
DA:1274,0
DA:1277,0
DA:1278,0
DA:1279,0
DA:1283,0
DA:1284,0
DA:1286,0
DA:1287,0
DA:1290,0
DA:1291,0
DA:1294,0
DA:1300,0
DA:1301,0
DA:1305,0
DA:1306,0
DA:1307,0
DA:1315,0
DA:1319,0
DA:1320,0
DA:1321,0
DA:1324,0
DA:1325,0
DA:1326,0
DA:1329,0
DA:1330,0
DA:1341,35
DA:1342,35
DA:1349,50
DA:1350,50
DA:1351,50
DA:1352,50
DA:1353,50
DA:1355,0
DA:1356,0
DA:1364,4
DA:1365,4
DA:1366,4
DA:1367,4
DA:1368,4
DA:1370,0
DA:1371,0
DA:1379,0
DA:1380,0
DA:1389,0
DA:1390,0
DA:1394,0
DA:1403,0
DA:1404,0
DA:1408,0
DA:1411,0
DA:1414,0
DA:1421,0
DA:1429,0
DA:1432,0
DA:1435,0
DA:1436,0
DA:1439,0
DA:1448,0
DA:1449,0
DA:1457,0
DA:1458,0
DA:1459,0
DA:1462,0
DA:1465,0
DA:1468,0
DA:1469,0
DA:1471,0
DA:1481,0
DA:1482,0
DA:1493,19
DA:1494,19
DA:1496,19
DA:1497,2
DA:1498,2
DA:1501,17
DA:1507,16
DA:1508,15
DA:1509,15
DA:1511,15
DA:1514,2
DA:1515,2
DA:1524,5
DA:1525,5
DA:1526,5
DA:1527,5
DA:1529,0
DA:1530,0
DA:1539,4
DA:1540,4
DA:1541,4
DA:1542,5
DA:1544,4
DA:1545,0
DA:1546,0
DA:1549,4
DA:1554,4
DA:1555,4
DA:1558,4
DA:1559,1
DA:1560,1
DA:1563,3
DA:1564,0
DA:1565,0
DA:1569,5
DA:1570,3
DA:1571,0
DA:1572,0
DA:1576,3
DA:1581,3
DA:1582,3
DA:1584,3
DA:1585,3
DA:1588,0
DA:1589,0
DA:1598,4
DA:1599,4
DA:1600,8
DA:1602,4
DA:1603,0
DA:1604,0
DA:1608,4
DA:1609,1
DA:1613,1
DA:1617,3
DA:1618,3
DA:1619,1
DA:1623,1
DA:1626,2
DA:1627,2
DA:1631,2
DA:1633,2
DA:1634,1
DA:1635,1
DA:1636,1
DA:1639,0
DA:1640,0
DA:1649,0
DA:1650,0
DA:1651,0
DA:1653,0
DA:1654,0
DA:1655,0
DA:1658,0
DA:1663,0
DA:1664,0
DA:1665,0
DA:1666,0
DA:1667,0
DA:1673,0
DA:1674,0
DA:1684,0
DA:1695,3
DA:1697,3
DA:1698,0
DA:1701,3
DA:1702,0
DA:1705,3
DA:1706,1
DA:1709,3
DA:1710,0
DA:1713,3
DA:1714,0
DA:1717,3
DA:1718,3
DA:1719,1
DA:1720,0
DA:1722,1
DA:1723,0
DA:1725,1
DA:1726,0
DA:1728,1
DA:1729,0
DA:1735,3
DA:1751,2
DA:1752,2
DA:1753,0
DA:1760,2
DA:1761,1
DA:1763,1
DA:1764,1
DA:1765,1
DA:1766,1
DA:1768,0
DA:1772,1
DA:1773,1
DA:1783,1
DA:1785,1
DA:1786,0
DA:1787,1
DA:1788,0
DA:1789,1
DA:1790,0
DA:1791,1
DA:1792,0
DA:1794,1
DA:1800,0
DA:1801,0
DA:1802,0
DA:1805,0
DA:1806,0
DA:1807,0
DA:1809,0
DA:1818,0
DA:1820,0
DA:1821,0
DA:1823,0
DA:1831,0
DA:1833,0
DA:1834,0
DA:1838,0
DA:1839,0
DA:1845,0
DA:1853,0
DA:1866,0
DA:1868,0
DA:1869,0
DA:1872,0
DA:1873,0
DA:1874,0
DA:1875,0
DA:1876,0
DA:1879,0
DA:1880,0
DA:1881,0
DA:1884,0
DA:1886,0
DA:1887,0
DA:1889,0
DA:1890,0
DA:1893,0
DA:1896,0
DA:1898,0
DA:1900,0
DA:1909,0
DA:1911,0
DA:1912,0
DA:1915,0
DA:1916,0
DA:1918,0
DA:1924,0
DA:1927,0
DA:1928,0
DA:1929,0
DA:1937,0
DA:1938,0
DA:1945,0
DA:1951,0
DA:1952,0
DA:1953,0
DA:1957,0
DA:1963,0
DA:1969,0
DA:1970,0
DA:1971,0
DA:1975,0
DA:1978,0
DA:1983,0
DA:1985,0
DA:1986,0
DA:1988,0
DA:1994,0
DA:2000,0
DA:2005,0
DA:2006,0
DA:2007,0
DA:2011,0
DA:2012,0
DA:2015,0
DA:2016,0
DA:2017,0
DA:2018,0
DA:2020,0
DA:2021,0
DA:2026,0
DA:2033,0
DA:2034,0
DA:2035,0
DA:2038,0
DA:2039,0
DA:2043,0
DA:2045,0
DA:2052,0
DA:2053,0
DA:2063,0
DA:2064,0
DA:2066,0
DA:2067,0
DA:2069,0
DA:2071,0
DA:2077,0
DA:2083,0
DA:2085,0
DA:2091,0
DA:2092,0
DA:2093,0
DA:2095,0
DA:2101,0
DA:2107,0
DA:2108,0
DA:2118,0
DA:2119,0
DA:2120,0
DA:2121,0
DA:2122,0
DA:2134,55
DA:2137,55
DA:2139,55
DA:2140,55
DA:2144,55
DA:2158,1
DA:2166,3
DA:2175,4
DA:2182,0
DA:2189,88
DA:2190,88
DA:2192,42
DA:2193,42
DA:2194,42
DA:2195,42
DA:2197,42
DA:2198,0
DA:2200,0
DA:2201,0
DA:2203,0
DA:2206,42
DA:2208,0
DA:2209,0
DA:2210,0
DA:2211,0
DA:2212,0
DA:2216,0
DA:2217,0
DA:2220,0
DA:2222,0
DA:2225,0
DA:2226,0
DA:2233,0
DA:2242,2
DA:2243,2
DA:2245,2
DA:2246,0
DA:2247,0
DA:2251,2
DA:2260,2
DA:2261,2
DA:2262,2
DA:2263,6
DA:2264,0
DA:2265,0
DA:2267,0
DA:2273,6
DA:2277,6
DA:2280,2
DA:2285,2
DA:2292,2
DA:2304,88
DA:2307,88
DA:2308,0
DA:2319,0
DA:2320,0
DA:2322,0
DA:2323,0
DA:2324,0
DA:2327,0
DA:2334,0
DA:2335,0
DA:2336,0
DA:2339,0
DA:2340,0
DA:2341,0
DA:2342,0
DA:2347,0
DA:2348,0
DA:2349,0
DA:2350,0
DA:2353,0
DA:2354,0
DA:2358,0
DA:2362,0
DA:2364,0
DA:2372,0
DA:2373,0
DA:2383,0
DA:2384,0
DA:2388,0
DA:2392,0
DA:2416,0
DA:2433,0
DA:2434,0
DA:2435,0
DA:2438,0
DA:2439,0
DA:2440,0
DA:2441,0
DA:2442,0
DA:2443,0
DA:2444,0
DA:2445,0
DA:2446,0
DA:2447,0
DA:2452,0
DA:2453,0
DA:2454,0
DA:2457,0
DA:2458,0
DA:2459,0
DA:2462,0
DA:2463,0
DA:2469,0
DA:2473,0
DA:2474,0
DA:2483,0
DA:2487,0
DA:2488,0
DA:2489,0
DA:2490,0
DA:2493,0
DA:2494,0
DA:2495,0
DA:2496,0
DA:2497,0
DA:2498,0
DA:2503,0
DA:2504,0
DA:2507,0
DA:2508,0
DA:2509,0
DA:2512,0
DA:2513,0
DA:2519,0
DA:2523,0
DA:2524,0
DA:2535,2
DA:2536,2
DA:2537,2
DA:2538,2
DA:2541,2
DA:2542,2
DA:2543,0
DA:2544,0
DA:2548,2
DA:2553,3
DA:2558,2
DA:2560,5
DA:2561,1
DA:2564,2
DA:2565,1
DA:2566,1
DA:2567,1
DA:2568,1
DA:2572,0
DA:2573,0
DA:2582,1
DA:2583,1
DA:2584,1
DA:2585,1
DA:2588,1
DA:2589,1
DA:2590,0
DA:2591,0
DA:2595,1
DA:2600,2
DA:2605,1
DA:2607,1
DA:2608,1
DA:2616,2
DA:2617,1
DA:2618,1
DA:2619,1
DA:2620,1
DA:2629,0
DA:2630,0
DA:2639,1
DA:2640,1
DA:2641,1
DA:2644,1
DA:2645,6
DA:2648,1
DA:2649,1
DA:2651,0
DA:2652,0
DA:2661,2
DA:2662,2
DA:2663,2
DA:2665,2
DA:2667,2
DA:2669,4
DA:2670,1
DA:2672,4
DA:2673,1
DA:2675,0
DA:2676,0
DA:2678,0
DA:2679,0
DA:2682,2
DA:2683,2
DA:2685,0
DA:2686,0
DA:2695,1
DA:2696,1
DA:2697,1
DA:2699,1
DA:2701,0
DA:2702,0
DA:2705,1
DA:2706,5
DA:2710,1
DA:2711,1
DA:2713,0
DA:2714,0
DA:2723,1
DA:2724,1
DA:2725,1
DA:2727,1
DA:2729,1
DA:2730,5
DA:2733,1
DA:2734,0
DA:2735,0
DA:2736,0
DA:2737,0
DA:2741,1
DA:2742,1
DA:2744,0
DA:2745,0
DA:2753,1
DA:2754,1
DA:2755,1
DA:2756,1
DA:2758,0
DA:2759,0
DA:2768,1
DA:2769,1
DA:2770,1
DA:2771,1
DA:2773,1
DA:2774,0
DA:2777,1
DA:2778,1
DA:2779,10
DA:2780,10
DA:2781,1
DA:2783,1
DA:2794,0
DA:2795,0
DA:2804,1
DA:2805,1
DA:2806,1
DA:2807,1
DA:2809,1
DA:2810,0
DA:2813,1
DA:2814,1
DA:2815,1
DA:2817,1
DA:2818,6
DA:2819,6
DA:2822,1
DA:2823,1
DA:2824,7
DA:2825,7
DA:2826,7
DA:2833,1
DA:2834,0
DA:2835,0
DA:2836,0
DA:2838,0
DA:2839,0
DA:2841,0
DA:2842,0
DA:2844,0
DA:2845,0
DA:2849,1
DA:2855,0
DA:2859,0
DA:2860,0
DA:2870,10
DA:2871,1
DA:2873,0
DA:2874,0
DA:2875,0
DA:2876,0
DA:2879,0
DA:2888,1
DA:2890,1
DA:2891,10
DA:2892,10
DA:2895,1
DA:2904,1
DA:2905,1
DA:2907,1
DA:2908,1
DA:2910,1
DA:2911,3
DA:2912,1
DA:2913,3
DA:2915,1
DA:2916,1
DA:2917,1
LF:1091
LH:510
BRDA:12,0,0,42
BRDA:12,0,1,0
BRDA:12,1,0,42
BRDA:12,1,1,42
BRDA:73,2,0,115
BRDA:73,2,1,44
BRDA:74,3,0,66
BRDA:74,3,1,49
BRDA:77,4,0,49
BRDA:77,4,1,0
BRDA:83,5,0,49
BRDA:83,5,1,17
BRDA:89,6,0,66
BRDA:89,6,1,4
BRDA:93,7,0,1
BRDA:93,7,1,48
BRDA:107,8,0,1
BRDA:107,8,1,1
BRDA:238,9,0,6386
BRDA:238,9,1,26
BRDA:256,10,0,152
BRDA:256,10,1,0
BRDA:282,11,0,152
BRDA:282,11,1,0
BRDA:284,12,0,152
BRDA:284,12,1,0
BRDA:307,13,0,12
BRDA:307,13,1,0
BRDA:310,14,0,5
BRDA:310,14,1,16
BRDA:312,15,0,0
BRDA:312,15,1,5
BRDA:315,16,0,0
BRDA:315,16,1,4
BRDA:342,17,0,6
BRDA:342,17,1,41
BRDA:342,18,0,47
BRDA:342,18,1,42
BRDA:344,19,0,1
BRDA:344,19,1,5
BRDA:367,20,0,28
BRDA:367,20,1,12
BRDA:375,21,0,40
BRDA:375,21,1,0
BRDA:378,22,0,34
BRDA:378,22,1,10
BRDA:379,23,0,34
BRDA:379,23,1,0
BRDA:386,24,0,32
BRDA:386,24,1,2
BRDA:438,25,0,4
BRDA:438,25,1,3
BRDA:445,26,0,2
BRDA:445,26,1,1
BRDA:445,27,0,3
BRDA:445,27,1,2
BRDA:446,28,0,1
BRDA:446,28,1,1
BRDA:452,29,0,1
BRDA:452,29,1,0
BRDA:454,30,0,0
BRDA:454,30,1,1
BRDA:487,31,0,5
BRDA:487,31,1,1
BRDA:519,32,0,1
BRDA:519,32,1,7
BRDA:519,33,0,8
BRDA:519,33,1,7
BRDA:524,34,0,1
BRDA:524,34,1,6
BRDA:538,35,0,1
BRDA:538,35,1,5
BRDA:554,36,0,0
BRDA:554,36,1,5
BRDA:566,37,0,5
BRDA:566,37,1,8
BRDA:574,38,0,1
BRDA:574,38,1,4
BRDA:583,39,0,0
BRDA:583,39,1,8
BRDA:583,40,0,8
BRDA:583,40,1,0
BRDA:617,41,0,1
BRDA:617,41,1,4
BRDA:657,42,0,0
BRDA:657,42,1,1
BRDA:673,43,0,0
BRDA:673,43,1,1
BRDA:723,44,0,0
BRDA:723,44,1,0
BRDA:730,45,0,0
BRDA:730,45,1,0
BRDA:739,46,0,0
BRDA:739,46,1,0
BRDA:746,47,0,0
BRDA:746,47,1,0
BRDA:758,48,0,0
BRDA:758,48,1,0
BRDA:769,49,0,0
BRDA:769,49,1,0
BRDA:770,50,0,0
BRDA:770,50,1,0
BRDA:787,51,0,0
BRDA:787,51,1,0
BRDA:807,52,0,0
BRDA:807,52,1,0
BRDA:807,53,0,0
BRDA:807,53,1,0
BRDA:813,54,0,0
BRDA:813,54,1,0
BRDA:815,55,0,0
BRDA:815,55,1,0
BRDA:823,56,0,0
BRDA:823,56,1,0
BRDA:833,57,0,0
BRDA:833,57,1,0
BRDA:836,58,0,0
BRDA:836,58,1,0
BRDA:846,59,0,0
BRDA:846,59,1,0
BRDA:867,60,0,0
BRDA:867,60,1,0
BRDA:868,61,0,0
BRDA:868,61,1,0
BRDA:873,62,0,0
BRDA:873,62,1,0
BRDA:874,63,0,0
BRDA:874,63,1,0
BRDA:891,64,0,1
BRDA:891,64,1,1
BRDA:898,65,0,0
BRDA:898,65,1,1
BRDA:902,66,0,0
BRDA:902,66,1,1
BRDA:909,67,0,1
BRDA:909,67,1,0
BRDA:924,68,0,1
BRDA:924,68,1,0
BRDA:926,69,0,0
BRDA:926,69,1,1
BRDA:952,70,0,0
BRDA:952,70,1,0
BRDA:957,71,0,0
BRDA:957,71,1,0
BRDA:959,72,0,0
BRDA:959,72,1,0
BRDA:982,73,0,0
BRDA:982,73,1,0
BRDA:982,74,0,0
BRDA:982,74,1,0
BRDA:988,75,0,0
BRDA:988,75,1,0
BRDA:1002,76,0,0
BRDA:1002,76,1,0
BRDA:1018,77,0,0
BRDA:1018,77,1,0
BRDA:1040,78,0,0
BRDA:1040,78,1,0
BRDA:1062,79,0,0
BRDA:1062,79,1,0
BRDA:1062,80,0,0
BRDA:1062,80,1,0
BRDA:1068,81,0,0
BRDA:1068,81,1,0
BRDA:1082,82,0,0
BRDA:1082,82,1,0
BRDA:1089,83,0,0
BRDA:1089,83,1,0
BRDA:1104,84,0,0
BRDA:1104,84,1,0
BRDA:1124,85,0,0
BRDA:1124,85,1,0
BRDA:1124,86,0,0
BRDA:1124,86,1,0
BRDA:1124,86,2,0
BRDA:1138,87,0,0
BRDA:1138,87,1,0
BRDA:1144,88,0,0
BRDA:1144,88,1,0
BRDA:1159,89,0,0
BRDA:1159,89,1,0
BRDA:1177,90,0,0
BRDA:1177,90,1,0
BRDA:1187,91,0,0
BRDA:1187,91,1,0
BRDA:1203,92,0,0
BRDA:1203,92,1,0
BRDA:1220,93,0,0
BRDA:1220,93,1,0
BRDA:1227,94,0,0
BRDA:1227,94,1,0
BRDA:1237,95,0,0
BRDA:1237,95,1,0
BRDA:1247,96,0,0
BRDA:1247,96,1,0
BRDA:1255,97,0,0
BRDA:1255,97,1,0
BRDA:1255,98,0,0
BRDA:1255,98,1,0
BRDA:1270,99,0,0
BRDA:1270,99,1,0
BRDA:1277,100,0,0
BRDA:1277,100,1,0
BRDA:1277,101,0,0
BRDA:1277,101,1,0
BRDA:1290,102,0,0
BRDA:1290,102,1,0
BRDA:1300,103,0,0
BRDA:1300,103,1,0
BRDA:1306,104,0,0
BRDA:1306,104,1,0
BRDA:1319,105,0,0
BRDA:1319,105,1,0
BRDA:1325,106,0,0
BRDA:1325,106,1,0
BRDA:1389,107,0,0
BRDA:1389,107,1,0
BRDA:1403,108,0,0
BRDA:1403,108,1,0
BRDA:1468,109,0,0
BRDA:1468,109,1,0
BRDA:1469,110,0,0
BRDA:1469,110,1,0
BRDA:1473,111,0,0
BRDA:1473,111,1,0
BRDA:1496,112,0,2
BRDA:1496,112,1,17
BRDA:1496,113,0,19
BRDA:1496,113,1,18
BRDA:1503,114,0,17
BRDA:1503,114,1,6
BRDA:1504,115,0,17
BRDA:1504,115,1,10
BRDA:1544,116,0,0
BRDA:1544,116,1,4
BRDA:1554,117,0,4
BRDA:1554,117,1,0
BRDA:1554,118,0,4
BRDA:1554,118,1,4
BRDA:1558,119,0,1
BRDA:1558,119,1,3
BRDA:1563,120,0,0
BRDA:1563,120,1,3
BRDA:1569,121,0,5
BRDA:1569,121,1,2
BRDA:1570,122,0,0
BRDA:1570,122,1,3
BRDA:1602,123,0,0
BRDA:1602,123,1,4
BRDA:1608,124,0,1
BRDA:1608,124,1,3
BRDA:1618,125,0,1
BRDA:1618,125,1,2
BRDA:1626,126,0,2
BRDA:1626,126,1,0
BRDA:1627,127,0,2
BRDA:1627,127,1,0
BRDA:1633,128,0,1
BRDA:1633,128,1,1
BRDA:1653,129,0,0
BRDA:1653,129,1,0
BRDA:1663,130,0,0
BRDA:1663,130,1,0
BRDA:1663,131,0,0
BRDA:1663,131,1,0
BRDA:1697,132,0,0
BRDA:1697,132,1,3
BRDA:1697,133,0,3
BRDA:1697,133,1,3
BRDA:1701,134,0,0
BRDA:1701,134,1,3
BRDA:1701,135,0,3
BRDA:1701,135,1,3
BRDA:1705,136,0,1
BRDA:1705,136,1,2
BRDA:1705,137,0,3
BRDA:1705,137,1,2
BRDA:1705,137,2,2
BRDA:1709,138,0,0
BRDA:1709,138,1,3
BRDA:1709,139,0,3
BRDA:1709,139,1,2
BRDA:1713,140,0,0
BRDA:1713,140,1,3
BRDA:1713,141,0,3
BRDA:1713,141,1,3
BRDA:1717,142,0,3
BRDA:1717,142,1,0
BRDA:1719,143,0,0
BRDA:1719,143,1,1
BRDA:1719,144,0,1
BRDA:1719,144,1,1
BRDA:1722,145,0,0
BRDA:1722,145,1,1
BRDA:1722,146,0,1
BRDA:1722,146,1,1
BRDA:1725,147,0,0
BRDA:1725,147,1,1
BRDA:1725,148,0,1
BRDA:1725,148,1,1
BRDA:1728,149,0,0
BRDA:1728,149,1,1
BRDA:1752,150,0,0
BRDA:1752,150,1,2
BRDA:1752,151,0,2
BRDA:1752,151,1,2
BRDA:1760,152,0,1
BRDA:1760,152,1,1
BRDA:1760,153,0,2
BRDA:1760,153,1,1
BRDA:1760,153,2,1
BRDA:1765,154,0,1
BRDA:1765,154,1,0
BRDA:1772,155,0,1
BRDA:1772,155,1,0
BRDA:1785,156,0,0
BRDA:1785,156,1,1
BRDA:1787,157,0,0
BRDA:1787,157,1,1
BRDA:1787,158,0,1
BRDA:1787,158,1,0
BRDA:1789,159,0,0
BRDA:1789,159,1,1
BRDA:1789,160,0,1
BRDA:1789,160,1,0
BRDA:1791,161,0,0
BRDA:1791,161,1,1
BRDA:1791,162,0,1
BRDA:1791,162,1,0
BRDA:1791,162,2,0
BRDA:1802,163,0,0
BRDA:1802,163,1,0
BRDA:1802,164,0,0
BRDA:1802,164,1,0
BRDA:1805,165,0,0
BRDA:1805,165,1,0
BRDA:1806,166,0,0
BRDA:1806,166,1,0
BRDA:1806,167,0,0
BRDA:1806,167,1,0
BRDA:1806,167,2,0
BRDA:1812,168,0,0
BRDA:1812,168,1,0
BRDA:1813,169,0,0
BRDA:1813,169,1,0
BRDA:1818,170,0,0
BRDA:1818,170,1,0
BRDA:1818,171,0,0
BRDA:1818,171,1,0
BRDA:1818,171,2,0
BRDA:1820,172,0,0
BRDA:1820,172,1,0
BRDA:1820,173,0,0
BRDA:1820,173,1,0
BRDA:1824,174,0,0
BRDA:1824,174,1,0
BRDA:1827,175,0,0
BRDA:1827,175,1,0
BRDA:1838,176,0,0
BRDA:1838,176,1,0
BRDA:1873,177,0,0
BRDA:1873,177,1,0
BRDA:1873,178,0,0
BRDA:1873,178,1,0
BRDA:1874,179,0,0
BRDA:1874,179,1,0
BRDA:1874,180,0,0
BRDA:1874,180,1,0
BRDA:1875,181,0,0
BRDA:1875,181,1,0
BRDA:1875,182,0,0
BRDA:1875,182,1,0
BRDA:1879,183,0,0
BRDA:1879,183,1,0
BRDA:1884,184,0,0
BRDA:1884,184,1,0
BRDA:1886,185,0,0
BRDA:1886,185,1,0
BRDA:1890,186,0,0
BRDA:1890,186,1,0
BRDA:1898,187,0,0
BRDA:1898,187,1,0
BRDA:1909,188,0,0
BRDA:1909,188,1,0
BRDA:1911,189,0,0
BRDA:1911,189,1,0
BRDA:1912,190,0,0
BRDA:1912,190,1,0
BRDA:1916,191,0,0
BRDA:1916,191,1,0
BRDA:1916,191,2,0
BRDA:1916,191,3,0
BRDA:1921,192,0,0
BRDA:1921,192,1,0
BRDA:1928,193,0,0
BRDA:1928,193,1,0
BRDA:1945,194,0,0
BRDA:1945,194,1,0
BRDA:1963,195,0,0
BRDA:1963,195,1,0
BRDA:1983,196,0,0
BRDA:1983,196,1,0
BRDA:1986,197,0,0
BRDA:1986,197,1,0
BRDA:1994,198,0,0
BRDA:1994,198,1,0
BRDA:2005,199,0,0
BRDA:2005,199,1,0
BRDA:2012,200,0,0
BRDA:2012,200,1,0
BRDA:2016,201,0,0
BRDA:2016,201,1,0
BRDA:2016,202,0,0
BRDA:2016,202,1,0
BRDA:2038,203,0,0
BRDA:2038,203,1,0
BRDA:2039,204,0,0
BRDA:2039,204,1,0
BRDA:2048,205,0,0
BRDA:2048,205,1,0
BRDA:2064,206,0,0
BRDA:2064,206,1,0
BRDA:2083,207,0,0
BRDA:2083,207,1,0
BRDA:2083,208,0,0
BRDA:2083,208,1,0
BRDA:2103,209,0,0
BRDA:2103,209,1,0
BRDA:2132,210,0,1
BRDA:2137,211,0,55
BRDA:2137,211,1,0
BRDA:2139,212,0,55
BRDA:2139,212,1,0
BRDA:2139,213,0,55
BRDA:2139,213,1,55
BRDA:2190,214,0,46
BRDA:2190,214,1,42
BRDA:2198,215,0,0
BRDA:2198,215,1,0
BRDA:2198,216,0,0
BRDA:2198,216,1,0
BRDA:2206,217,0,0
BRDA:2206,217,1,42
BRDA:2225,218,0,0
BRDA:2225,218,1,0
BRDA:2245,219,0,0
BRDA:2245,219,1,2
BRDA:2252,220,0,0
BRDA:2252,220,1,2
BRDA:2263,221,0,0
BRDA:2263,221,1,6
BRDA:2264,222,0,0
BRDA:2264,222,1,0
BRDA:2265,223,0,0
BRDA:2265,223,1,0
BRDA:2335,224,0,0
BRDA:2335,224,1,0
BRDA:2340,225,0,0
BRDA:2340,225,1,0
BRDA:2348,226,0,0
BRDA:2348,226,1,0
BRDA:2349,227,0,0
BRDA:2349,227,1,0
BRDA:2353,228,0,0
BRDA:2353,228,1,0
BRDA:2384,229,0,0
BRDA:2384,229,1,0
BRDA:2388,230,0,0
BRDA:2388,230,1,0
BRDA:2419,231,0,0
BRDA:2419,231,1,0
BRDA:2434,232,0,0
BRDA:2434,232,1,0
BRDA:2439,233,0,0
BRDA:2439,233,1,0
BRDA:2440,234,0,0
BRDA:2440,234,1,0
BRDA:2441,235,0,0
BRDA:2441,235,1,0
BRDA:2452,236,0,0
BRDA:2452,236,1,0
BRDA:2458,237,0,0
BRDA:2458,237,1,0
BRDA:2487,238,0,0
BRDA:2487,238,1,0
BRDA:2489,239,0,0
BRDA:2489,239,1,0
BRDA:2494,240,0,0
BRDA:2494,240,1,0
BRDA:2496,241,0,0
BRDA:2496,241,1,0
BRDA:2497,242,0,0
BRDA:2497,242,1,0
BRDA:2503,243,0,0
BRDA:2503,243,1,0
BRDA:2508,244,0,0
BRDA:2508,244,1,0
BRDA:2537,245,0,2
BRDA:2537,245,1,0
BRDA:2542,246,0,0
BRDA:2542,246,1,2
BRDA:2558,247,0,1
BRDA:2558,247,1,1
BRDA:2558,248,0,2
BRDA:2558,248,1,2
BRDA:2565,249,0,1
BRDA:2565,249,1,0
BRDA:2584,250,0,1
BRDA:2584,250,1,0
BRDA:2589,251,0,0
BRDA:2589,251,1,1
BRDA:2605,252,0,1
BRDA:2605,252,1,0
BRDA:2605,253,0,1
BRDA:2605,253,1,1
BRDA:2607,254,0,0
BRDA:2607,254,1,1
BRDA:2617,255,0,1
BRDA:2617,255,1,0
BRDA:2641,256,0,1
BRDA:2641,256,1,0
BRDA:2663,257,0,2
BRDA:2663,257,1,0
BRDA:2667,258,0,1
BRDA:2667,258,1,1
BRDA:2667,258,2,0
BRDA:2667,258,3,0
BRDA:2675,259,0,0
BRDA:2675,259,1,0
BRDA:2675,260,0,0
BRDA:2675,260,1,0
BRDA:2697,261,0,1
BRDA:2697,261,1,0
BRDA:2699,262,0,0
BRDA:2699,262,1,1
BRDA:2699,263,0,1
BRDA:2699,263,1,1
BRDA:2706,264,0,5
BRDA:2706,264,1,4
BRDA:2725,265,0,1
BRDA:2725,265,1,0
BRDA:2729,266,0,1
BRDA:2729,266,1,0
BRDA:2733,267,0,0
BRDA:2733,267,1,1
BRDA:2735,268,0,0
BRDA:2735,268,1,0
BRDA:2736,269,0,0
BRDA:2736,269,1,0
BRDA:2754,270,0,1
BRDA:2754,270,1,0
BRDA:2770,271,0,1
BRDA:2770,271,1,0
BRDA:2773,272,0,0
BRDA:2773,272,1,1
BRDA:2777,273,0,1
BRDA:2777,273,1,0
BRDA:2781,274,0,1
BRDA:2781,274,1,0
BRDA:2805,275,0,0
BRDA:2806,276,0,1
BRDA:2806,276,1,0
BRDA:2809,277,0,0
BRDA:2809,277,1,1
BRDA:2813,278,0,1
BRDA:2813,278,1,0
BRDA:2838,279,0,0
BRDA:2838,279,1,0
BRDA:2841,280,0,0
BRDA:2841,280,1,0
BRDA:2841,281,0,0
BRDA:2841,281,1,0
BRDA:2844,282,0,0
BRDA:2844,282,1,0
BRDA:2870,283,0,10
BRDA:2870,283,1,4
BRDA:2871,284,0,1
BRDA:2871,284,1,0
BRDA:2888,285,0,0
BRDA:2888,285,1,1
BRDA:2892,286,0,1
BRDA:2892,286,1,9
BRDA:2895,287,0,1
BRDA:2895,287,1,0
BRDA:2905,288,0,0
BRDA:2905,288,1,1
BRDA:2915,289,0,0
BRDA:2915,289,1,1
BRDA:2916,290,0,0
BRDA:2916,290,1,1
BRF:590
BRH:206
end_of_record
TN:
SF:scripts/modules/models.js
FN:7,generateUniqueId
FN:18,(anonymous_1)
FN:37,(anonymous_2)
FN:64,(anonymous_3)
FN:86,(anonymous_4)
FN:94,(anonymous_5)
FN:102,(anonymous_6)
FN:122,(anonymous_7)
FN:142,(anonymous_8)
FN:151,(anonymous_9)
FN:165,(anonymous_10)
FN:194,(anonymous_11)
FN:222,(anonymous_12)
FN:254,(anonymous_13)
FN:262,(anonymous_14)
FN:270,(anonymous_15)
FN:278,(anonymous_16)
FN:289,(anonymous_17)
FN:304,(anonymous_18)
FN:313,(anonymous_19)
FN:328,(anonymous_20)
FN:341,(anonymous_21)
FN:354,(anonymous_22)
FN:373,(anonymous_23)
FN:407,(anonymous_24)
FN:408,(anonymous_25)
FN:426,(anonymous_26)
FN:427,(anonymous_27)
FN:434,(anonymous_28)
FN:442,(anonymous_29)
FN:450,(anonymous_30)
FN:457,(anonymous_31)
FN:471,(anonymous_32)
FN:487,(anonymous_33)
FN:497,createBoard
FN:506,createTask
FN:515,createColumn
FNF:37
FNH:11
FNDA:98,generateUniqueId
FNDA:145,(anonymous_1)
FNDA:145,(anonymous_2)
FNDA:0,(anonymous_3)
FNDA:0,(anonymous_4)
FNDA:0,(anonymous_5)
FNDA:6421,(anonymous_6)
FNDA:1,(anonymous_7)
FNDA:0,(anonymous_8)
FNDA:154,(anonymous_9)
FNDA:154,(anonymous_10)
FNDA:0,(anonymous_11)
FNDA:3,(anonymous_12)
FNDA:0,(anonymous_13)
FNDA:0,(anonymous_14)
FNDA:0,(anonymous_15)
FNDA:0,(anonymous_16)
FNDA:113,(anonymous_17)
FNDA:0,(anonymous_18)
FNDA:0,(anonymous_19)
FNDA:0,(anonymous_20)
FNDA:0,(anonymous_21)
FNDA:0,(anonymous_22)
FNDA:0,(anonymous_23)
FNDA:0,(anonymous_24)
FNDA:0,(anonymous_25)
FNDA:0,(anonymous_26)
FNDA:0,(anonymous_27)
FNDA:0,(anonymous_28)
FNDA:0,(anonymous_29)
FNDA:0,(anonymous_30)
FNDA:0,(anonymous_31)
FNDA:0,(anonymous_32)
FNDA:0,(anonymous_33)
FNDA:62,createBoard
FNDA:67,createTask
FNDA:0,createColumn
DA:8,98
DA:9,98
DA:11,0
DA:19,145
DA:20,145
DA:21,145
DA:22,145
DA:23,145
DA:24,145
DA:25,145
DA:26,145
DA:27,145
DA:28,145
DA:30,145
DA:38,145
DA:39,0
DA:42,145
DA:43,0
DA:46,145
DA:47,0
DA:50,145
DA:51,0
DA:54,145
DA:55,0
DA:65,0
DA:71,0
DA:73,0
DA:79,0
DA:87,0
DA:95,0
DA:103,6421
DA:123,1
DA:134,1
DA:143,0
DA:152,154
DA:153,154
DA:154,154
DA:155,154
DA:156,154
DA:158,154
DA:166,154
DA:168,154
DA:169,0
DA:172,154
DA:173,0
DA:176,154
DA:177,0
DA:180,154
DA:181,0
DA:184,154
DA:185,0
DA:195,0
DA:197,0
DA:198,0
DA:200,0
DA:201,0
DA:204,0
DA:205,0
DA:208,0
DA:214,0
DA:223,3
DA:224,0
DA:227,3
DA:228,3
DA:229,3
DA:232,3
DA:233,2
DA:237,3
DA:238,1
DA:241,3
DA:247,3
DA:255,0
DA:263,0
DA:271,0
DA:279,0
DA:290,113
DA:305,0
DA:314,0
DA:315,0
DA:316,0
DA:317,0
DA:318,0
DA:319,0
DA:321,0
DA:329,0
DA:334,0
DA:342,0
DA:347,0
DA:355,0
DA:356,0
DA:359,0
DA:360,0
DA:363,0
DA:364,0
DA:374,0
DA:375,0
DA:378,0
DA:379,0
DA:384,0
DA:388,0
DA:389,0
DA:392,0
DA:394,0
DA:399,0
DA:408,0
DA:409,0
DA:411,0
DA:413,0
DA:418,0
DA:427,0
DA:435,0
DA:443,0
DA:451,0
DA:458,0
DA:459,0
DA:461,0
DA:472,0
DA:488,0
DA:498,62
DA:507,67
DA:516,0
LF:121
LH:46
BRDA:8,0,0,98
BRDA:8,0,1,0
BRDA:8,1,0,98
BRDA:8,1,1,98
BRDA:18,2,0,0
BRDA:19,3,0,145
BRDA:19,3,1,62
BRDA:20,4,0,145
BRDA:20,4,1,0
BRDA:21,5,0,145
BRDA:21,5,1,17
BRDA:22,6,0,145
BRDA:22,6,1,55
BRDA:23,7,0,145
BRDA:23,7,1,54
BRDA:24,8,0,145
BRDA:24,8,1,59
BRDA:25,9,0,145
BRDA:25,9,1,62
BRDA:26,10,0,145
BRDA:26,10,1,65
BRDA:27,11,0,145
BRDA:27,11,1,145
BRDA:28,12,0,145
BRDA:28,12,1,34
BRDA:38,13,0,0
BRDA:38,13,1,145
BRDA:38,14,0,145
BRDA:38,14,1,145
BRDA:38,14,2,145
BRDA:42,15,0,0
BRDA:42,15,1,145
BRDA:46,16,0,0
BRDA:46,16,1,145
BRDA:46,17,0,145
BRDA:46,17,1,128
BRDA:50,18,0,0
BRDA:50,18,1,145
BRDA:54,19,0,0
BRDA:54,19,1,145
BRDA:126,20,0,1
BRDA:126,20,1,0
BRDA:151,21,0,0
BRDA:152,22,0,154
BRDA:152,22,1,35
BRDA:153,23,0,154
BRDA:153,23,1,0
BRDA:154,24,0,154
BRDA:154,24,1,32
BRDA:155,25,0,154
BRDA:155,25,1,69
BRDA:156,26,0,154
BRDA:156,26,1,71
BRDA:168,27,0,0
BRDA:168,27,1,154
BRDA:168,28,0,154
BRDA:168,28,1,154
BRDA:168,28,2,154
BRDA:172,29,0,0
BRDA:172,29,1,154
BRDA:172,30,0,154
BRDA:172,30,1,154
BRDA:176,31,0,0
BRDA:176,31,1,154
BRDA:180,32,0,0
BRDA:180,32,1,154
BRDA:180,33,0,154
BRDA:180,33,1,154
BRDA:184,34,0,0
BRDA:184,34,1,154
BRDA:223,35,0,0
BRDA:223,35,1,3
BRDA:232,36,0,2
BRDA:232,36,1,1
BRDA:232,37,0,3
BRDA:232,37,1,2
BRDA:237,38,0,1
BRDA:237,38,1,2
BRDA:237,39,0,3
BRDA:237,39,1,1
BRDA:313,40,0,0
BRDA:314,41,0,0
BRDA:314,41,1,0
BRDA:314,41,2,0
BRDA:315,42,0,0
BRDA:315,42,1,0
BRDA:316,43,0,0
BRDA:316,43,1,0
BRDA:318,44,0,0
BRDA:318,44,1,0
BRDA:319,45,0,0
BRDA:319,45,1,0
BRDA:334,46,0,0
BRDA:334,46,1,0
BRDA:347,47,0,0
BRDA:347,47,1,0
BRDA:355,48,0,0
BRDA:355,48,1,0
BRDA:355,49,0,0
BRDA:355,49,1,0
BRDA:359,50,0,0
BRDA:359,50,1,0
BRDA:359,51,0,0
BRDA:359,51,1,0
BRDA:363,52,0,0
BRDA:363,52,1,0
BRDA:363,53,0,0
BRDA:363,53,1,0
BRDA:363,53,2,0
BRDA:374,54,0,0
BRDA:374,54,1,0
BRDA:378,55,0,0
BRDA:378,55,1,0
BRDA:378,56,0,0
BRDA:378,56,1,0
BRDA:388,57,0,0
BRDA:388,57,1,0
BRDA:409,58,0,0
BRDA:409,58,1,0
BRDA:427,59,0,0
BRDA:427,59,1,0
BRDA:451,60,0,0
BRDA:451,60,1,0
BRF:123
BRH:63
end_of_record
TN:
SF:scripts/modules/security.js
FN:7,(anonymous_0)
FN:31,(anonymous_1)
FN:95,(anonymous_2)
FN:109,(anonymous_3)
FN:137,(anonymous_4)
FN:195,(anonymous_5)
FN:232,(anonymous_6)
FN:252,(anonymous_7)
FN:324,(anonymous_8)
FN:346,(anonymous_9)
FN:359,(anonymous_10)
FN:399,(anonymous_11)
FN:405,(anonymous_12)
FN:441,(anonymous_13)
FN:462,(anonymous_14)
FNF:15
FNH:15
FNDA:6,(anonymous_0)
FNDA:16,(anonymous_1)
FNDA:10,(anonymous_2)
FNDA:8,(anonymous_3)
FNDA:14,(anonymous_4)
FNDA:6,(anonymous_5)
FNDA:6,(anonymous_6)
FNDA:31,(anonymous_7)
FNDA:65,(anonymous_8)
FNDA:10,(anonymous_9)
FNDA:11,(anonymous_10)
FNDA:65,(anonymous_11)
FNDA:12,(anonymous_12)
FNDA:73,(anonymous_13)
FNDA:16,(anonymous_14)
DA:9,6
DA:10,6
DA:15,6
DA:18,6
DA:19,6
DA:20,6
DA:21,6
DA:23,6
DA:32,16
DA:38,16
DA:40,16
DA:41,2
DA:42,2
DA:46,14
DA:47,2
DA:48,2
DA:51,12
DA:52,2
DA:53,2
DA:57,10
DA:58,10
DA:60,10
DA:61,2
DA:62,2
DA:65,8
DA:66,1
DA:70,8
DA:71,6
DA:72,6
DA:75,2
DA:76,2
DA:83,0
DA:84,0
DA:87,2
DA:96,10
DA:97,0
DA:100,10
DA:101,10
DA:110,8
DA:111,0
DA:115,8
DA:116,4
DA:120,4
DA:121,1
DA:125,3
DA:126,1
DA:129,2
DA:138,14
DA:144,14
DA:146,14
DA:147,6
DA:148,6
DA:152,8
DA:153,2
DA:154,2
DA:158,6
DA:159,3
DA:160,3
DA:164,3
DA:167,1
DA:168,1
DA:169,0
DA:170,0
DA:173,1
DA:174,1
DA:175,1
DA:179,2
DA:180,2
DA:182,0
DA:184,2
DA:187,3
DA:196,6
DA:198,6
DA:199,6
DA:201,6
DA:202,1196
DA:203,1196
DA:204,27
DA:205,27
DA:206,27
DA:207,2
DA:209,1169
DA:210,5
DA:215,4
DA:216,4
DA:217,1
DA:220,3
DA:223,0
DA:233,6
DA:235,3
DA:236,3
DA:238,3
DA:239,1460
DA:242,3
DA:243,3
DA:253,31
DA:255,31
DA:257,31
DA:258,1
DA:259,1
DA:260,1
DA:264,30
DA:265,4
DA:266,1
DA:267,1
DA:268,1
DA:272,3
DA:273,3
DA:274,3
DA:275,0
DA:278,26
DA:279,17
DA:280,17
DA:281,1
DA:282,1
DA:283,1
DA:287,16
DA:289,22
DA:290,0
DA:291,0
DA:292,0
DA:296,22
DA:297,22
DA:298,11
DA:301,9
DA:302,9
DA:303,1
DA:304,1
DA:305,1
DA:310,0
DA:311,0
DA:312,0
DA:315,16
DA:326,65
DA:338,65
DA:347,10
DA:348,9
DA:349,9
DA:350,9
DA:351,9
DA:360,11
DA:367,11
DA:368,11
DA:369,5
DA:370,5
DA:374,6
DA:377,6
DA:378,1
DA:379,1
DA:382,5
DA:383,5
DA:384,5
DA:387,0
DA:388,0
DA:391,5
DA:400,65
DA:401,1
DA:404,64
DA:405,12
DA:408,55
DA:409,19
DA:410,19
DA:412,44
DA:413,44
DA:414,44
DA:417,19
DA:420,36
DA:421,26
DA:425,10
DA:426,9
DA:429,1
DA:430,1
DA:433,0
DA:442,73
DA:443,0
DA:447,73
DA:450,73
DA:451,1
DA:454,73
DA:463,16
DA:464,4
DA:468,12
DA:469,3
DA:473,9
DA:474,3
DA:478,6
DA:479,2
DA:483,4
DA:484,2
DA:487,2
LF:190
LH:171
BRDA:40,0,0,2
BRDA:40,0,1,14
BRDA:46,1,0,2
BRDA:46,1,1,12
BRDA:51,2,0,2
BRDA:51,2,1,10
BRDA:60,3,0,2
BRDA:60,3,1,8
BRDA:60,4,0,10
BRDA:60,4,1,3
BRDA:65,5,0,1
BRDA:65,5,1,7
BRDA:65,6,0,8
BRDA:65,6,1,1
BRDA:70,7,0,6
BRDA:70,7,1,2
BRDA:96,8,0,0
BRDA:96,8,1,10
BRDA:96,9,0,10
BRDA:96,9,1,10
BRDA:110,10,0,0
BRDA:110,10,1,8
BRDA:110,11,0,8
BRDA:110,11,1,8
BRDA:115,12,0,4
BRDA:115,12,1,4
BRDA:115,13,0,8
BRDA:115,13,1,4
BRDA:115,13,2,4
BRDA:120,14,0,1
BRDA:120,14,1,3
BRDA:125,15,0,1
BRDA:125,15,1,2
BRDA:146,16,0,6
BRDA:146,16,1,8
BRDA:146,17,0,14
BRDA:146,17,1,12
BRDA:152,18,0,2
BRDA:152,18,1,6
BRDA:158,19,0,3
BRDA:158,19,1,3
BRDA:168,20,0,0
BRDA:168,20,1,1
BRDA:179,21,0,2
BRDA:179,21,1,0
BRDA:203,22,0,27
BRDA:203,22,1,1169
BRDA:203,23,0,1196
BRDA:203,23,1,1170
BRDA:206,24,0,2
BRDA:206,24,1,25
BRDA:209,25,0,5
BRDA:209,25,1,1164
BRDA:209,26,0,1169
BRDA:209,26,1,1165
BRDA:216,27,0,1
BRDA:216,27,1,3
BRDA:233,28,0,3
BRDA:233,28,1,3
BRDA:239,29,0,1460
BRDA:239,29,1,29
BRDA:252,30,0,6
BRDA:257,31,0,1
BRDA:257,31,1,30
BRDA:264,32,0,4
BRDA:264,32,1,26
BRDA:265,33,0,1
BRDA:265,33,1,3
BRDA:274,34,0,0
BRDA:274,34,1,3
BRDA:278,35,0,17
BRDA:278,35,1,9
BRDA:278,36,0,26
BRDA:278,36,1,26
BRDA:280,37,0,1
BRDA:280,37,1,16
BRDA:289,38,0,0
BRDA:289,38,1,22
BRDA:289,39,0,22
BRDA:289,39,1,22
BRDA:297,40,0,11
BRDA:297,40,1,11
BRDA:301,41,0,9
BRDA:301,41,1,0
BRDA:302,42,0,1
BRDA:302,42,1,8
BRDA:324,43,0,0
BRDA:338,44,0,65
BRDA:338,44,1,1
BRDA:347,45,0,1
BRDA:347,45,1,9
BRDA:368,46,0,5
BRDA:368,46,1,6
BRDA:368,47,0,11
BRDA:368,47,1,9
BRDA:377,48,0,1
BRDA:377,48,1,5
BRDA:400,49,0,1
BRDA:400,49,1,64
BRDA:400,50,0,65
BRDA:400,50,1,64
BRDA:404,51,0,9
BRDA:404,51,1,55
BRDA:408,52,0,19
BRDA:408,52,1,36
BRDA:413,53,0,44
BRDA:413,53,1,0
BRDA:413,54,0,44
BRDA:413,54,1,44
BRDA:420,55,0,26
BRDA:420,55,1,10
BRDA:425,56,0,9
BRDA:425,56,1,1
BRDA:426,57,0,6
BRDA:426,57,1,3
BRDA:429,58,0,1
BRDA:429,58,1,0
BRDA:442,59,0,0
BRDA:442,59,1,73
BRDA:450,60,0,1
BRDA:450,60,1,72
BRDA:463,61,0,4
BRDA:463,61,1,12
BRDA:463,62,0,16
BRDA:463,62,1,14
BRDA:468,63,0,3
BRDA:468,63,1,9
BRDA:468,64,0,12
BRDA:468,64,1,5
BRDA:468,64,2,3
BRDA:473,65,0,3
BRDA:473,65,1,6
BRDA:473,66,0,9
BRDA:473,66,1,3
BRDA:478,67,0,2
BRDA:478,67,1,4
BRDA:483,68,0,2
BRDA:483,68,1,2
BRDA:483,69,0,4
BRDA:483,69,1,2
BRDA:483,69,2,1
BRDA:483,69,3,1
BRF:142
BRH:131
end_of_record
TN:
SF:scripts/modules/settings.js
FN:10,(anonymous_0)
FN:33,(anonymous_1)
FN:41,(anonymous_2)
FN:42,(anonymous_3)
FN:43,(anonymous_4)
FN:44,(anonymous_5)
FN:45,(anonymous_6)
FN:46,(anonymous_7)
FN:53,(anonymous_8)
FN:85,(anonymous_9)
FN:118,(anonymous_10)
FN:157,(anonymous_11)
FN:178,(anonymous_12)
FN:187,(anonymous_13)
FN:196,(anonymous_14)
FN:205,(anonymous_15)
FN:220,(anonymous_16)
FN:265,(anonymous_17)
FN:287,(anonymous_18)
FN:298,(anonymous_19)
FN:316,(anonymous_20)
FN:439,(anonymous_21)
FN:441,(anonymous_22)
FN:481,(anonymous_23)
FN:490,(anonymous_24)
FN:499,(anonymous_25)
FN:508,(anonymous_26)
FN:517,(anonymous_27)
FN:526,(anonymous_28)
FN:535,(anonymous_29)
FNF:30
FNH:11
FNDA:4,(anonymous_0)
FNDA:4,(anonymous_1)
FNDA:4,(anonymous_2)
FNDA:0,(anonymous_3)
FNDA:0,(anonymous_4)
FNDA:0,(anonymous_5)
FNDA:0,(anonymous_6)
FNDA:0,(anonymous_7)
FNDA:46,(anonymous_8)
FNDA:0,(anonymous_9)
FNDA:46,(anonymous_10)
FNDA:0,(anonymous_11)
FNDA:155,(anonymous_12)
FNDA:126,(anonymous_13)
FNDA:0,(anonymous_14)
FNDA:0,(anonymous_15)
FNDA:0,(anonymous_16)
FNDA:42,(anonymous_17)
FNDA:42,(anonymous_18)
FNDA:0,(anonymous_19)
FNDA:0,(anonymous_20)
FNDA:0,(anonymous_21)
FNDA:0,(anonymous_22)
FNDA:114,(anonymous_23)
FNDA:0,(anonymous_24)
FNDA:0,(anonymous_25)
FNDA:38,(anonymous_26)
FNDA:0,(anonymous_27)
FNDA:0,(anonymous_28)
FNDA:0,(anonymous_29)
DA:11,4
DA:12,4
DA:26,4
DA:27,4
DA:34,4
DA:35,4
DA:42,4
DA:43,4
DA:44,4
DA:45,4
DA:46,4
DA:54,46
DA:55,46
DA:56,46
DA:59,46
DA:65,46
DA:67,46
DA:68,46
DA:71,0
DA:72,0
DA:73,0
DA:77,0
DA:86,0
DA:88,0
DA:94,0
DA:95,0
DA:98,0
DA:99,0
DA:101,0
DA:104,0
DA:105,0
DA:109,0
DA:119,46
DA:120,0
DA:124,46
DA:125,46
DA:126,46
DA:127,0
DA:132,46
DA:133,46
DA:134,46
DA:135,0
DA:140,46
DA:145,46
DA:146,322
DA:147,0
DA:151,46
DA:158,0
DA:159,0
DA:160,0
DA:162,0
DA:163,0
DA:166,0
DA:167,0
DA:179,155
DA:188,126
DA:197,0
DA:198,0
DA:206,0
DA:212,0
DA:213,0
DA:221,0
DA:222,0
DA:223,0
DA:229,0
DA:231,0
DA:234,0
DA:238,0
DA:239,0
DA:243,0
DA:248,0
DA:250,0
DA:253,0
DA:254,0
DA:258,0
DA:266,42
DA:267,42
DA:269,42
DA:271,42
DA:272,0
DA:274,42
DA:277,0
DA:280,42
DA:288,42
DA:299,0
DA:302,0
DA:303,0
DA:304,0
DA:306,0
DA:309,0
DA:317,0
DA:319,0
DA:440,0
DA:441,0
DA:442,0
DA:443,0
DA:444,0
DA:446,0
DA:449,0
DA:450,0
DA:452,0
DA:453,0
DA:456,0
DA:467,0
DA:468,0
DA:474,4
DA:480,4
DA:482,114
DA:483,114
DA:484,114
DA:491,0
DA:492,0
DA:493,0
DA:500,0
DA:501,0
DA:502,0
DA:509,38
DA:510,38
DA:511,38
DA:518,0
DA:519,0
DA:520,0
DA:527,0
DA:528,0
DA:529,0
DA:536,0
DA:537,0
DA:538,0
LF:128
LH:46
BRDA:56,0,0,0
BRDA:56,0,1,46
BRDA:94,1,0,0
BRDA:94,1,1,0
BRDA:118,2,0,46
BRDA:119,3,0,0
BRDA:119,3,1,46
BRDA:119,4,0,46
BRDA:119,4,1,46
BRDA:124,5,0,46
BRDA:124,5,1,0
BRDA:126,6,0,0
BRDA:126,6,1,46
BRDA:126,7,0,46
BRDA:126,7,1,46
BRDA:126,7,2,46
BRDA:132,8,0,46
BRDA:132,8,1,0
BRDA:134,9,0,0
BRDA:134,9,1,46
BRDA:146,10,0,0
BRDA:146,10,1,322
BRDA:146,11,0,322
BRDA:146,11,1,322
BRDA:222,12,0,0
BRDA:222,12,1,0
BRDA:222,13,0,0
BRDA:222,13,1,0
BRDA:229,14,0,0
BRDA:229,14,1,0
BRDA:238,15,0,0
BRDA:238,15,1,0
BRDA:269,16,0,42
BRDA:269,16,1,0
BRDA:271,17,0,0
BRDA:271,17,1,42
BRDA:302,18,0,0
BRDA:302,18,1,0
BRDA:343,19,0,0
BRDA:343,19,1,0
BRDA:357,20,0,0
BRDA:357,20,1,0
BRDA:358,21,0,0
BRDA:358,21,1,0
BRDA:359,22,0,0
BRDA:359,22,1,0
BRDA:367,23,0,0
BRDA:367,23,1,0
BRDA:378,24,0,0
BRDA:378,24,1,0
BRDA:394,25,0,0
BRDA:394,25,1,0
BRDA:405,26,0,0
BRDA:405,26,1,0
BRDA:416,27,0,0
BRDA:416,27,1,0
BRDA:443,28,0,0
BRDA:443,28,1,0
BRDA:452,29,0,0
BRDA:452,29,1,0
BRDA:483,30,0,114
BRDA:483,30,1,0
BRDA:492,31,0,0
BRDA:492,31,1,0
BRDA:501,32,0,0
BRDA:501,32,1,0
BRDA:510,33,0,38
BRDA:510,33,1,0
BRDA:519,34,0,0
BRDA:519,34,1,0
BRDA:528,35,0,0
BRDA:528,35,1,0
BRDA:537,36,0,0
BRDA:537,36,1,0
BRF:74
BRH:19
end_of_record
TN:
SF:scripts/modules/state.js
FN:8,(anonymous_0)
FN:26,(anonymous_1)
FN:35,(anonymous_2)
FN:44,(anonymous_3)
FN:59,(anonymous_4)
FN:79,(anonymous_5)
FN:102,(anonymous_6)
FN:128,(anonymous_7)
FN:154,(anonymous_8)
FN:162,(anonymous_9)
FN:172,(anonymous_10)
FN:187,(anonymous_11)
FN:189,(anonymous_12)
FN:196,(anonymous_13)
FN:197,(anonymous_14)
FN:203,(anonymous_15)
FN:228,(anonymous_16)
FN:235,(anonymous_17)
FN:243,(anonymous_18)
FN:261,(anonymous_19)
FN:262,(anonymous_20)
FN:284,(anonymous_21)
FN:288,(anonymous_22)
FN:312,(anonymous_23)
FN:313,(anonymous_24)
FN:319,(anonymous_25)
FN:335,(anonymous_26)
FN:350,(anonymous_27)
FN:351,(anonymous_28)
FN:358,(anonymous_29)
FN:359,(anonymous_30)
FN:365,(anonymous_31)
FN:372,(anonymous_32)
FNF:33
FNH:13
FNDA:2,(anonymous_0)
FNDA:171,(anonymous_1)
FNDA:20651,(anonymous_2)
FNDA:163,(anonymous_3)
FNDA:538,(anonymous_4)
FNDA:0,(anonymous_5)
FNDA:0,(anonymous_6)
FNDA:0,(anonymous_7)
FNDA:0,(anonymous_8)
FNDA:0,(anonymous_9)
FNDA:126,(anonymous_10)
FNDA:3844,(anonymous_11)
FNDA:3249,(anonymous_12)
FNDA:10,(anonymous_13)
FNDA:10,(anonymous_14)
FNDA:0,(anonymous_15)
FNDA:0,(anonymous_16)
FNDA:0,(anonymous_17)
FNDA:10,(anonymous_18)
FNDA:0,(anonymous_19)
FNDA:0,(anonymous_20)
FNDA:0,(anonymous_21)
FNDA:0,(anonymous_22)
FNDA:0,(anonymous_23)
FNDA:0,(anonymous_24)
FNDA:0,(anonymous_25)
FNDA:0,(anonymous_26)
FNDA:3696,(anonymous_27)
FNDA:4201,(anonymous_28)
FNDA:0,(anonymous_29)
FNDA:0,(anonymous_30)
FNDA:0,(anonymous_31)
FNDA:0,(anonymous_32)
DA:9,2
DA:19,2
DA:27,171
DA:36,20651
DA:45,163
DA:48,163
DA:49,0
DA:52,163
DA:55,163
DA:57,163
DA:59,163
DA:60,538
DA:68,163
DA:81,0
DA:84,0
DA:85,0
DA:86,0
DA:88,0
DA:91,0
DA:92,0
DA:94,0
DA:103,0
DA:104,0
DA:105,0
DA:107,0
DA:113,0
DA:114,0
DA:119,0
DA:121,0
DA:129,0
DA:130,0
DA:131,0
DA:133,0
DA:139,0
DA:140,0
DA:145,0
DA:147,0
DA:155,0
DA:163,0
DA:173,126
DA:175,0
DA:176,0
DA:179,126
DA:188,3844
DA:189,3249
DA:197,10
DA:198,10
DA:199,0
DA:203,10
DA:205,0
DA:206,0
DA:207,0
DA:208,0
DA:210,0
DA:211,0
DA:214,0
DA:217,10
DA:231,0
DA:232,0
DA:235,0
DA:236,0
DA:244,10
DA:245,10
DA:248,10
DA:249,0
DA:250,0
DA:253,10
DA:262,0
DA:263,0
DA:265,0
DA:266,0
DA:267,0
DA:268,0
DA:270,0
DA:271,0
DA:274,0
DA:277,0
DA:280,0
DA:283,0
DA:284,0
DA:285,0
DA:287,0
DA:288,0
DA:289,0
DA:290,0
DA:291,0
DA:293,0
DA:294,0
DA:297,0
DA:299,0
DA:301,0
DA:305,0
DA:313,0
DA:314,0
DA:317,0
DA:318,0
DA:319,0
DA:320,0
DA:321,0
DA:323,0
DA:324,0
DA:328,0
DA:336,0
DA:338,0
DA:339,0
DA:343,0
DA:351,4201
DA:359,0
DA:366,0
DA:373,0
DA:383,0
DA:384,0
LF:112
LH:25
BRDA:44,0,0,52
BRDA:45,1,0,163
BRDA:45,2,0,52
BRDA:48,3,0,0
BRDA:48,3,1,163
BRDA:48,4,0,163
BRDA:48,4,1,52
BRDA:57,5,0,163
BRDA:57,5,1,0
BRDA:91,6,0,0
BRDA:91,6,1,0
BRDA:103,7,0,0
BRDA:103,7,1,0
BRDA:115,8,0,0
BRDA:115,8,1,0
BRDA:129,9,0,0
BRDA:129,9,1,0
BRDA:141,10,0,0
BRDA:141,10,1,0
BRDA:173,11,0,0
BRDA:173,11,1,126
BRDA:188,12,0,595
BRDA:188,12,1,3249
BRDA:189,13,0,3249
BRDA:189,13,1,0
BRDA:197,14,0,10
BRDA:197,14,1,0
BRDA:198,15,0,0
BRDA:198,15,1,10
BRDA:203,16,0,10
BRDA:203,16,1,0
BRDA:205,17,0,0
BRDA:205,17,1,0
BRDA:206,18,0,0
BRDA:206,18,1,0
BRDA:206,19,0,0
BRDA:206,19,1,0
BRDA:206,19,2,0
BRDA:231,20,0,0
BRDA:231,20,1,0
BRDA:231,21,0,0
BRDA:231,21,1,0
BRDA:235,22,0,0
BRDA:235,22,1,0
BRDA:236,23,0,0
BRDA:236,23,1,0
BRDA:236,24,0,0
BRDA:236,24,1,0
BRDA:248,25,0,0
BRDA:248,25,1,10
BRDA:248,26,0,10
BRDA:248,26,1,10
BRDA:250,27,0,0
BRDA:250,27,1,0
BRDA:263,28,0,0
BRDA:263,28,1,0
BRDA:265,29,0,0
BRDA:265,29,1,0
BRDA:266,30,0,0
BRDA:266,30,1,0
BRDA:283,31,0,0
BRDA:283,31,1,0
BRDA:285,32,0,0
BRDA:285,32,1,0
BRDA:287,33,0,0
BRDA:287,33,1,0
BRDA:288,34,0,0
BRDA:288,34,1,0
BRDA:289,35,0,0
BRDA:289,35,1,0
BRDA:289,36,0,0
BRDA:289,36,1,0
BRDA:289,36,2,0
BRDA:317,37,0,0
BRDA:317,37,1,0
BRDA:318,38,0,0
BRDA:318,38,1,0
BRDA:319,39,0,0
BRDA:319,39,1,0
BRDA:321,40,0,0
BRDA:321,40,1,0
BRDA:336,41,0,0
BRDA:336,41,1,0
BRF:83
BRH:17
end_of_record
TN:
SF:scripts/modules/storage.js
FN:8,(anonymous_0)
FN:21,(anonymous_1)
FN:39,(anonymous_2)
FN:54,(anonymous_3)
FN:77,(anonymous_4)
FN:96,(anonymous_5)
FN:111,(anonymous_6)
FN:124,(anonymous_7)
FN:144,(anonymous_8)
FN:174,(anonymous_9)
FN:206,(anonymous_10)
FN:246,(anonymous_11)
FN:282,(anonymous_12)
FN:290,(anonymous_13)
FN:308,(anonymous_14)
FN:347,(anonymous_15)
FN:358,(anonymous_16)
FN:384,(anonymous_17)
FN:400,(anonymous_18)
FNF:19
FNH:11
FNDA:2,(anonymous_0)
FNDA:3,(anonymous_1)
FNDA:117,(anonymous_2)
FNDA:5552,(anonymous_3)
FNDA:114,(anonymous_4)
FNDA:0,(anonymous_5)
FNDA:0,(anonymous_6)
FNDA:0,(anonymous_7)
FNDA:3,(anonymous_8)
FNDA:2,(anonymous_9)
FNDA:0,(anonymous_10)
FNDA:1,(anonymous_11)
FNDA:0,(anonymous_12)
FNDA:3,(anonymous_13)
FNDA:5,(anonymous_14)
FNDA:1,(anonymous_15)
FNDA:0,(anonymous_16)
FNDA:0,(anonymous_17)
FNDA:0,(anonymous_18)
DA:9,2
DA:10,2
DA:11,2
DA:15,2
DA:22,3
DA:23,3
DA:24,3
DA:25,3
DA:28,3
DA:30,0
DA:31,0
DA:40,117
DA:41,117
DA:42,117
DA:44,1
DA:45,1
DA:55,5552
DA:56,5552
DA:62,5552
DA:63,5552
DA:64,5552
DA:66,0
DA:67,0
DA:68,0
DA:78,114
DA:79,114
DA:80,114
DA:81,70
DA:82,70
DA:84,44
DA:86,0
DA:87,0
DA:88,0
DA:97,0
DA:98,0
DA:99,0
DA:100,0
DA:102,0
DA:103,0
DA:104,0
DA:112,0
DA:114,0
DA:117,0
DA:120,0
DA:123,0
DA:124,0
DA:125,0
DA:126,0
DA:130,0
DA:131,0
DA:133,0
DA:134,0
DA:135,0
DA:145,3
DA:148,3
DA:149,2
DA:153,3
DA:154,3
DA:155,1
DA:159,3
DA:160,1
DA:163,3
DA:175,2
DA:177,2
DA:178,2
DA:179,0
DA:180,0
DA:183,0
DA:195,0
DA:203,2
DA:204,2
DA:205,0
DA:206,0
DA:212,0
DA:215,0
DA:227,0
DA:234,2
DA:236,0
DA:237,0
DA:247,1
DA:249,1
DA:251,0
DA:258,1
DA:270,1
DA:283,0
DA:291,3
DA:292,3
DA:294,3
DA:309,5
DA:310,5
DA:311,2
DA:314,3
DA:317,3
DA:319,0
DA:323,3
DA:324,0
DA:325,0
DA:326,0
DA:328,0
DA:333,3
DA:334,3
DA:335,3
DA:337,2
DA:338,2
DA:339,2
DA:348,1
DA:349,1
DA:351,0
DA:359,0
DA:360,0
DA:361,0
DA:363,0
DA:371,0
DA:385,0
DA:386,0
DA:387,0
DA:388,0
DA:389,0
DA:391,0
DA:401,0
DA:402,0
DA:403,0
DA:404,0
DA:405,0
LF:124
LH:61
BRDA:24,0,0,3
BRDA:24,0,1,0
BRDA:24,1,0,3
BRDA:24,1,1,1
BRDA:42,2,0,72
BRDA:42,2,1,45
BRDA:77,3,0,114
BRDA:80,4,0,70
BRDA:80,4,1,44
BRDA:80,5,0,114
BRDA:80,5,1,70
BRDA:125,6,0,0
BRDA:125,6,1,0
BRDA:145,7,0,3
BRDA:145,7,1,2
BRDA:148,8,0,2
BRDA:148,8,1,1
BRDA:154,9,0,1
BRDA:154,9,1,2
BRDA:154,10,0,3
BRDA:154,10,1,1
BRDA:159,11,0,1
BRDA:159,11,1,2
BRDA:178,12,0,0
BRDA:178,12,1,2
BRDA:204,13,0,0
BRDA:204,13,1,2
BRDA:209,14,0,0
BRDA:209,14,1,0
BRDA:210,15,0,0
BRDA:210,15,1,0
BRDA:249,16,0,0
BRDA:249,16,1,1
BRDA:249,17,0,1
BRDA:249,17,1,1
BRDA:263,18,0,1
BRDA:263,18,1,0
BRDA:273,19,0,1
BRDA:273,19,1,1
BRDA:310,20,0,2
BRDA:310,20,1,3
BRDA:310,21,0,5
BRDA:310,21,1,3
BRDA:314,22,0,3
BRDA:314,22,1,2
BRDA:317,23,0,0
BRDA:317,23,1,3
BRDA:323,24,0,0
BRDA:323,24,1,3
BRDA:323,25,0,3
BRDA:323,25,1,0
BRDA:348,26,0,1
BRDA:348,26,1,0
BRDA:348,27,0,1
BRDA:348,27,1,1
BRDA:361,28,0,0
BRDA:361,28,1,0
BRDA:401,29,0,0
BRDA:401,29,1,0
BRF:59
BRH:40
end_of_record
