TN:
SF:scripts/app-modular.js
FN:9,(anonymous_0)
FN:18,(anonymous_1)
FN:35,(anonymous_2)
FN:41,(anonymous_3)
FN:42,(anonymous_4)
FN:43,(anonymous_5)
FN:44,(anonymous_6)
FN:45,(anonymous_7)
FN:46,(anonymous_8)
FN:47,(anonymous_9)
FN:65,(anonymous_10)
FN:99,(anonymous_11)
FN:103,(anonymous_12)
FN:107,(anonymous_13)
FN:111,(anonymous_14)
FN:128,(anonymous_15)
FNF:16
FNH:0
FNDA:0,(anonymous_0)
FNDA:0,(anonymous_1)
FNDA:0,(anonymous_2)
FNDA:0,(anonymous_3)
FNDA:0,(anonymous_4)
FNDA:0,(anonymous_5)
FNDA:0,(anonymous_6)
FNDA:0,(anonymous_7)
FNDA:0,(anonymous_8)
FNDA:0,(anonymous_9)
FNDA:0,(anonymous_10)
FNDA:0,(anonymous_11)
FNDA:0,(anonymous_12)
FNDA:0,(anonymous_13)
FNDA:0,(anonymous_14)
FNDA:0,(anonymous_15)
DA:9,0
DA:10,0
DA:12,0
DA:15,0
DA:18,0
DA:19,0
DA:22,0
DA:24,0
DA:27,0
DA:29,0
DA:30,0
DA:35,0
DA:36,0
DA:40,0
DA:41,0
DA:42,0
DA:43,0
DA:44,0
DA:45,0
DA:46,0
DA:47,0
DA:50,0
DA:51,0
DA:52,0
DA:55,0
DA:56,0
DA:57,0
DA:63,0
DA:65,0
DA:66,0
DA:67,0
DA:72,0
DA:75,0
DA:82,0
DA:83,0
DA:84,0
DA:92,0
DA:97,0
DA:98,0
DA:100,0
DA:101,0
DA:104,0
DA:105,0
DA:108,0
DA:112,0
DA:128,0
DA:129,0
DA:130,0
LF:48
LH:0
BRDA:29,0,0,0
BRDA:29,0,1,0
BRDA:66,1,0,0
BRDA:66,1,1,0
BRDA:97,2,0,0
BRDA:97,2,1,0
BRDA:122,3,0,0
BRDA:122,3,1,0
BRDA:129,4,0,0
BRDA:129,4,1,0
BRF:10
BRH:0
end_of_record
TN:
SF:scripts/modules/accessibility.js
FN:7,(anonymous_0)
FN:26,(anonymous_1)
FN:39,(anonymous_2)
FN:63,(anonymous_3)
FN:128,(anonymous_4)
FN:130,(anonymous_5)
FN:149,(anonymous_6)
FN:164,(anonymous_7)
FN:167,(anonymous_8)
FN:177,(anonymous_9)
FN:215,(anonymous_10)
FN:230,(anonymous_11)
FN:241,(anonymous_12)
FN:242,(anonymous_13)
FN:260,(anonymous_14)
FN:262,(anonymous_15)
FN:269,(anonymous_16)
FN:279,(anonymous_17)
FN:281,(anonymous_18)
FN:286,(anonymous_19)
FN:291,(anonymous_20)
FN:297,(anonymous_21)
FN:302,(anonymous_22)
FN:306,(anonymous_23)
FN:310,(anonymous_24)
FN:314,(anonymous_25)
FN:319,(anonymous_26)
FN:323,(anonymous_27)
FN:332,(anonymous_28)
FN:397,(anonymous_29)
FN:412,(anonymous_30)
FN:437,(anonymous_31)
FN:466,(anonymous_32)
FN:483,(anonymous_33)
FN:492,(anonymous_34)
FN:507,(anonymous_35)
FN:532,(anonymous_36)
FN:553,(anonymous_37)
FN:561,(anonymous_38)
FN:571,(anonymous_39)
FN:587,(anonymous_40)
FN:614,(anonymous_41)
FN:630,(anonymous_42)
FN:640,(anonymous_43)
FN:654,(anonymous_44)
FN:656,(anonymous_45)
FN:672,(anonymous_46)
FN:682,(anonymous_47)
FN:691,(anonymous_48)
FN:701,(anonymous_49)
FN:709,(anonymous_50)
FN:718,(anonymous_51)
FN:736,(anonymous_52)
FN:751,(anonymous_53)
FN:758,(anonymous_54)
FN:761,(anonymous_55)
FN:770,(anonymous_56)
FN:771,(anonymous_57)
FNF:58
FNH:20
FNDA:2,(anonymous_0)
FNDA:2,(anonymous_1)
FNDA:2,(anonymous_2)
FNDA:2,(anonymous_3)
FNDA:2,(anonymous_4)
FNDA:3,(anonymous_5)
FNDA:0,(anonymous_6)
FNDA:0,(anonymous_7)
FNDA:0,(anonymous_8)
FNDA:2,(anonymous_9)
FNDA:2,(anonymous_10)
FNDA:0,(anonymous_11)
FNDA:2,(anonymous_12)
FNDA:0,(anonymous_13)
FNDA:2,(anonymous_14)
FNDA:0,(anonymous_15)
FNDA:0,(anonymous_16)
FNDA:2,(anonymous_17)
FNDA:32,(anonymous_18)
FNDA:0,(anonymous_19)
FNDA:0,(anonymous_20)
FNDA:0,(anonymous_21)
FNDA:0,(anonymous_22)
FNDA:0,(anonymous_23)
FNDA:0,(anonymous_24)
FNDA:0,(anonymous_25)
FNDA:0,(anonymous_26)
FNDA:0,(anonymous_27)
FNDA:0,(anonymous_28)
FNDA:0,(anonymous_29)
FNDA:0,(anonymous_30)
FNDA:0,(anonymous_31)
FNDA:0,(anonymous_32)
FNDA:0,(anonymous_33)
FNDA:0,(anonymous_34)
FNDA:0,(anonymous_35)
FNDA:0,(anonymous_36)
FNDA:0,(anonymous_37)
FNDA:0,(anonymous_38)
FNDA:0,(anonymous_39)
FNDA:0,(anonymous_40)
FNDA:0,(anonymous_41)
FNDA:0,(anonymous_42)
FNDA:0,(anonymous_43)
FNDA:138,(anonymous_44)
FNDA:414,(anonymous_45)
FNDA:75,(anonymous_46)
FNDA:0,(anonymous_47)
FNDA:0,(anonymous_48)
FNDA:32,(anonymous_49)
FNDA:27,(anonymous_50)
FNDA:75,(anonymous_51)
FNDA:0,(anonymous_52)
FNDA:0,(anonymous_53)
FNDA:0,(anonymous_54)
FNDA:0,(anonymous_55)
FNDA:106,(anonymous_56)
FNDA:75,(anonymous_57)
DA:8,2
DA:9,2
DA:14,2
DA:20,2
DA:27,2
DA:28,2
DA:29,2
DA:30,2
DA:31,2
DA:33,2
DA:40,2
DA:41,2
DA:42,2
DA:43,2
DA:44,2
DA:45,2
DA:57,2
DA:65,2
DA:66,2
DA:67,1
DA:70,2
DA:71,2
DA:72,1
DA:75,2
DA:76,2
DA:77,0
DA:81,2
DA:82,2
DA:83,1
DA:84,1
DA:87,2
DA:88,2
DA:89,1
DA:90,1
DA:93,1
DA:94,1
DA:95,1
DA:96,1
DA:97,1
DA:101,2
DA:102,2
DA:103,0
DA:104,0
DA:105,0
DA:108,0
DA:109,0
DA:110,0
DA:111,0
DA:112,0
DA:116,2
DA:119,2
DA:122,2
DA:129,2
DA:130,2
DA:131,3
DA:132,3
DA:133,3
DA:134,3
DA:135,3
DA:137,3
DA:138,0
DA:141,3
DA:142,0
DA:143,0
DA:144,0
DA:145,0
DA:146,0
DA:149,0
DA:150,0
DA:154,0
DA:155,0
DA:156,0
DA:157,0
DA:158,0
DA:162,3
DA:163,0
DA:164,0
DA:165,0
DA:167,0
DA:168,0
DA:179,2
DA:180,2
DA:181,1
DA:182,1
DA:183,1
DA:184,1
DA:185,1
DA:186,1
DA:190,2
DA:191,2
DA:192,1
DA:193,1
DA:194,1
DA:195,1
DA:196,1
DA:197,1
DA:201,2
DA:202,2
DA:203,1
DA:204,1
DA:205,1
DA:206,1
DA:207,1
DA:208,1
DA:216,2
DA:217,2
DA:218,1
DA:219,1
DA:220,1
DA:221,1
DA:224,1
DA:225,1
DA:226,1
DA:227,1
DA:228,1
DA:229,1
DA:230,1
DA:231,0
DA:233,1
DA:242,2
DA:244,0
DA:245,0
DA:249,0
DA:250,0
DA:251,0
DA:252,0
DA:262,2
DA:263,0
DA:264,0
DA:269,2
DA:270,0
DA:271,0
DA:281,2
DA:282,32
DA:283,32
DA:286,2
DA:287,0
DA:288,0
DA:291,2
DA:292,0
DA:293,0
DA:294,0
DA:297,2
DA:298,0
DA:302,2
DA:303,0
DA:306,2
DA:307,0
DA:310,2
DA:311,0
DA:314,2
DA:315,0
DA:319,2
DA:320,0
DA:323,2
DA:324,0
DA:333,0
DA:334,0
DA:336,0
DA:337,0
DA:339,0
DA:341,0
DA:342,0
DA:343,0
DA:346,0
DA:347,0
DA:348,0
DA:351,0
DA:352,0
DA:353,0
DA:356,0
DA:357,0
DA:358,0
DA:361,0
DA:362,0
DA:363,0
DA:364,0
DA:366,0
DA:370,0
DA:371,0
DA:372,0
DA:373,0
DA:375,0
DA:378,0
DA:379,0
DA:380,0
DA:382,0
DA:385,0
DA:386,0
DA:387,0
DA:389,0
DA:398,0
DA:400,0
DA:401,0
DA:402,0
DA:413,0
DA:415,0
DA:416,0
DA:417,0
DA:418,0
DA:422,0
DA:423,0
DA:425,0
DA:426,0
DA:427,0
DA:428,0
DA:429,0
DA:438,0
DA:439,0
DA:441,0
DA:443,0
DA:444,0
DA:446,0
DA:449,0
DA:450,0
DA:453,0
DA:454,0
DA:456,0
DA:457,0
DA:458,0
DA:467,0
DA:468,0
DA:469,0
DA:470,0
DA:471,0
DA:473,0
DA:474,0
DA:475,0
DA:484,0
DA:485,0
DA:487,0
DA:488,0
DA:491,0
DA:492,0
DA:493,0
DA:496,0
DA:497,0
DA:500,0
DA:508,0
DA:510,0
DA:513,0
DA:514,0
DA:515,0
DA:518,0
DA:519,0
DA:520,0
DA:523,0
DA:524,0
DA:525,0
DA:533,0
DA:534,0
DA:535,0
DA:536,0
DA:539,0
DA:540,0
DA:542,0
DA:544,0
DA:546,0
DA:547,0
DA:554,0
DA:555,0
DA:563,0
DA:564,0
DA:565,0
DA:566,0
DA:570,0
DA:571,0
DA:572,0
DA:576,0
DA:577,0
DA:580,0
DA:588,0
DA:589,0
DA:591,0
DA:595,0
DA:596,0
DA:598,0
DA:599,0
DA:600,0
DA:601,0
DA:604,0
DA:605,0
DA:606,0
DA:615,0
DA:616,0
DA:618,0
DA:622,0
DA:623,0
DA:631,0
DA:632,0
DA:641,0
DA:642,0
DA:644,0
DA:645,0
DA:647,0
DA:655,138
DA:656,138
DA:657,414
DA:658,414
DA:659,414
DA:661,414
DA:662,0
DA:673,75
DA:674,75
DA:683,0
DA:692,0
DA:693,0
DA:702,32
DA:705,32
DA:706,32
DA:709,32
DA:710,27
DA:719,75
DA:720,75
DA:723,75
DA:724,75
DA:725,75
DA:726,75
DA:727,75
DA:728,75
DA:731,75
DA:732,75
DA:733,0
DA:735,0
DA:736,0
DA:737,0
DA:738,0
DA:739,0
DA:745,0
DA:751,75
DA:752,0
DA:753,0
DA:758,75
DA:760,0
DA:761,0
DA:762,0
DA:771,106
DA:772,75
DA:775,106
LF:339
LH:134
BRDA:66,0,0,1
BRDA:66,0,1,1
BRDA:71,1,0,1
BRDA:71,1,1,1
BRDA:76,2,0,0
BRDA:76,2,1,2
BRDA:82,3,0,1
BRDA:82,3,1,1
BRDA:88,4,0,1
BRDA:88,4,1,1
BRDA:102,5,0,0
BRDA:102,5,1,2
BRDA:137,6,0,0
BRDA:137,6,1,3
BRDA:141,7,0,0
BRDA:141,7,1,3
BRDA:157,8,0,0
BRDA:157,8,1,0
BRDA:157,9,0,0
BRDA:157,9,1,0
BRDA:162,10,0,0
BRDA:162,10,1,3
BRDA:180,11,0,1
BRDA:180,11,1,1
BRDA:191,12,0,1
BRDA:191,12,1,1
BRDA:202,13,0,1
BRDA:202,13,1,1
BRDA:217,14,0,1
BRDA:217,14,1,1
BRDA:225,15,0,1
BRDA:225,15,1,0
BRDA:244,16,0,0
BRDA:244,16,1,0
BRDA:244,17,0,0
BRDA:244,17,1,0
BRDA:249,18,0,0
BRDA:249,18,1,0
BRDA:251,19,0,0
BRDA:251,19,1,0
BRDA:263,20,0,0
BRDA:263,20,1,0
BRDA:270,21,0,0
BRDA:270,21,1,0
BRDA:270,22,0,0
BRDA:270,22,1,0
BRDA:334,23,0,0
BRDA:334,23,1,0
BRDA:339,24,0,0
BRDA:339,24,1,0
BRDA:339,24,2,0
BRDA:339,24,3,0
BRDA:339,24,4,0
BRDA:339,24,5,0
BRDA:339,24,6,0
BRDA:339,24,7,0
BRDA:339,24,8,0
BRDA:361,25,0,0
BRDA:361,25,1,0
BRDA:370,26,0,0
BRDA:370,26,1,0
BRDA:378,27,0,0
BRDA:378,27,1,0
BRDA:385,28,0,0
BRDA:385,28,1,0
BRDA:398,29,0,0
BRDA:413,30,0,0
BRDA:413,30,1,0
BRDA:416,31,0,0
BRDA:416,31,1,0
BRDA:422,32,0,0
BRDA:422,32,1,0
BRDA:423,33,0,0
BRDA:423,33,1,0
BRDA:426,34,0,0
BRDA:426,34,1,0
BRDA:441,35,0,0
BRDA:441,35,1,0
BRDA:443,36,0,0
BRDA:443,36,1,0
BRDA:453,37,0,0
BRDA:453,37,1,0
BRDA:454,38,0,0
BRDA:454,38,1,0
BRDA:457,39,0,0
BRDA:457,39,1,0
BRDA:468,40,0,0
BRDA:468,40,1,0
BRDA:470,41,0,0
BRDA:470,41,1,0
BRDA:474,42,0,0
BRDA:474,42,1,0
BRDA:508,43,0,0
BRDA:508,43,1,0
BRDA:510,44,0,0
BRDA:510,44,1,0
BRDA:510,44,2,0
BRDA:510,44,3,0
BRDA:514,45,0,0
BRDA:514,45,1,0
BRDA:534,46,0,0
BRDA:534,46,1,0
BRDA:534,47,0,0
BRDA:534,47,1,0
BRDA:546,48,0,0
BRDA:546,48,1,0
BRDA:564,49,0,0
BRDA:564,49,1,0
BRDA:589,50,0,0
BRDA:589,50,1,0
BRDA:589,51,0,0
BRDA:589,51,1,0
BRDA:598,52,0,0
BRDA:598,52,1,0
BRDA:599,53,0,0
BRDA:599,53,1,0
BRDA:604,54,0,0
BRDA:604,54,1,0
BRDA:616,55,0,0
BRDA:616,55,1,0
BRDA:622,56,0,0
BRDA:622,56,1,0
BRDA:631,57,0,0
BRDA:631,57,1,0
BRDA:642,58,0,0
BRDA:642,58,1,0
BRDA:644,59,0,0
BRDA:644,59,1,0
BRDA:661,60,0,0
BRDA:661,60,1,414
BRDA:661,61,0,414
BRDA:661,61,1,0
BRDA:661,61,2,0
BRDA:674,62,0,0
BRDA:674,62,1,75
BRDA:693,63,0,0
BRDA:693,63,1,0
BRDA:693,63,2,0
BRDA:701,64,0,32
BRDA:702,65,0,0
BRDA:702,65,1,32
BRDA:732,66,0,0
BRDA:732,66,1,75
BRDA:738,67,0,0
BRDA:738,67,1,0
BRDA:738,68,0,0
BRDA:738,68,1,0
BRDA:745,69,0,0
BRDA:745,69,1,0
BRDA:752,70,0,0
BRDA:752,70,1,0
BRF:151
BRH:28
end_of_record
TN:
SF:scripts/modules/dom.js
FN:9,(anonymous_0)
FN:18,(anonymous_1)
FN:33,(anonymous_2)
FN:91,(anonymous_3)
FN:101,(anonymous_4)
FN:103,(anonymous_5)
FN:137,(anonymous_6)
FN:150,(anonymous_7)
FN:162,(anonymous_8)
FN:165,(anonymous_9)
FN:176,(anonymous_10)
FN:182,(anonymous_11)
FN:192,(anonymous_12)
FN:199,(anonymous_13)
FN:205,(anonymous_14)
FN:213,(anonymous_15)
FN:219,(anonymous_16)
FN:257,(anonymous_17)
FN:259,(anonymous_18)
FN:287,(anonymous_19)
FN:290,(anonymous_20)
FN:298,(anonymous_21)
FN:306,(anonymous_22)
FN:315,(anonymous_23)
FN:322,(anonymous_24)
FN:329,(anonymous_25)
FN:337,(anonymous_26)
FN:345,(anonymous_27)
FN:353,(anonymous_28)
FN:360,(anonymous_29)
FN:370,(anonymous_30)
FN:380,(anonymous_31)
FN:388,(anonymous_32)
FN:396,(anonymous_33)
FN:411,(anonymous_34)
FN:418,(anonymous_35)
FN:423,(anonymous_36)
FN:426,(anonymous_37)
FN:439,(anonymous_38)
FN:442,(anonymous_39)
FN:445,(anonymous_40)
FN:450,(anonymous_41)
FN:457,(anonymous_42)
FN:487,(anonymous_43)
FN:488,(anonymous_44)
FN:506,(anonymous_45)
FN:576,(anonymous_46)
FN:620,(anonymous_47)
FN:623,(anonymous_48)
FN:624,(anonymous_49)
FN:646,(anonymous_50)
FN:652,(anonymous_51)
FN:662,(anonymous_52)
FN:674,(anonymous_53)
FN:709,(anonymous_54)
FN:715,(anonymous_55)
FN:733,(anonymous_56)
FN:745,(anonymous_57)
FN:758,(anonymous_58)
FN:759,(anonymous_59)
FN:770,(anonymous_60)
FN:780,(anonymous_61)
FN:793,(anonymous_62)
FN:803,(anonymous_63)
FN:835,(anonymous_64)
FN:851,(anonymous_65)
FN:859,(anonymous_66)
FN:866,(anonymous_67)
FN:876,(anonymous_68)
FN:891,(anonymous_69)
FN:902,(anonymous_70)
FN:910,(anonymous_71)
FN:922,(anonymous_72)
FN:955,(anonymous_73)
FN:960,(anonymous_74)
FN:962,(anonymous_75)
FN:986,(anonymous_76)
FN:995,(anonymous_77)
FN:1018,(anonymous_78)
FN:1027,(anonymous_79)
FN:1044,(anonymous_80)
FN:1084,(anonymous_81)
FN:1100,(anonymous_82)
FN:1103,(anonymous_83)
FN:1104,(anonymous_84)
FN:1134,(anonymous_85)
FNF:86
FNH:34
FNDA:2,(anonymous_0)
FNDA:42,(anonymous_1)
FNDA:2,(anonymous_2)
FNDA:72,(anonymous_3)
FNDA:2,(anonymous_4)
FNDA:0,(anonymous_5)
FNDA:0,(anonymous_6)
FNDA:0,(anonymous_7)
FNDA:2,(anonymous_8)
FNDA:0,(anonymous_9)
FNDA:0,(anonymous_10)
FNDA:0,(anonymous_11)
FNDA:0,(anonymous_12)
FNDA:0,(anonymous_13)
FNDA:0,(anonymous_14)
FNDA:0,(anonymous_15)
FNDA:0,(anonymous_16)
FNDA:2,(anonymous_17)
FNDA:0,(anonymous_18)
FNDA:2,(anonymous_19)
FNDA:0,(anonymous_20)
FNDA:0,(anonymous_21)
FNDA:0,(anonymous_22)
FNDA:0,(anonymous_23)
FNDA:0,(anonymous_24)
FNDA:0,(anonymous_25)
FNDA:0,(anonymous_26)
FNDA:0,(anonymous_27)
FNDA:0,(anonymous_28)
FNDA:0,(anonymous_29)
FNDA:0,(anonymous_30)
FNDA:0,(anonymous_31)
FNDA:0,(anonymous_32)
FNDA:0,(anonymous_33)
FNDA:0,(anonymous_34)
FNDA:0,(anonymous_35)
FNDA:0,(anonymous_36)
FNDA:0,(anonymous_37)
FNDA:2,(anonymous_38)
FNDA:6,(anonymous_39)
FNDA:0,(anonymous_40)
FNDA:0,(anonymous_41)
FNDA:0,(anonymous_42)
FNDA:8,(anonymous_43)
FNDA:0,(anonymous_44)
FNDA:75,(anonymous_45)
FNDA:75,(anonymous_46)
FNDA:106,(anonymous_47)
FNDA:75,(anonymous_48)
FNDA:75,(anonymous_49)
FNDA:0,(anonymous_50)
FNDA:2544,(anonymous_51)
FNDA:318,(anonymous_52)
FNDA:75,(anonymous_53)
FNDA:75,(anonymous_54)
FNDA:70,(anonymous_55)
FNDA:293,(anonymous_56)
FNDA:293,(anonymous_57)
FNDA:106,(anonymous_58)
FNDA:318,(anonymous_59)
FNDA:0,(anonymous_60)
FNDA:32,(anonymous_61)
FNDA:36,(anonymous_62)
FNDA:36,(anonymous_63)
FNDA:0,(anonymous_64)
FNDA:0,(anonymous_65)
FNDA:0,(anonymous_66)
FNDA:0,(anonymous_67)
FNDA:0,(anonymous_68)
FNDA:0,(anonymous_69)
FNDA:0,(anonymous_70)
FNDA:0,(anonymous_71)
FNDA:0,(anonymous_72)
FNDA:0,(anonymous_73)
FNDA:0,(anonymous_74)
FNDA:0,(anonymous_75)
FNDA:4501,(anonymous_76)
FNDA:0,(anonymous_77)
FNDA:0,(anonymous_78)
FNDA:3696,(anonymous_79)
FNDA:4201,(anonymous_80)
FNDA:75,(anonymous_81)
FNDA:2,(anonymous_82)
FNDA:4,(anonymous_83)
FNDA:0,(anonymous_84)
FNDA:0,(anonymous_85)
DA:10,2
DA:11,2
DA:12,2
DA:19,42
DA:21,2
DA:22,2
DA:23,2
DA:24,2
DA:26,2
DA:27,2
DA:34,2
DA:91,2
DA:92,72
DA:93,24
DA:103,2
DA:104,0
DA:105,0
DA:106,0
DA:107,0
DA:109,0
DA:111,0
DA:113,0
DA:114,0
DA:116,0
DA:117,0
DA:119,0
DA:120,0
DA:122,0
DA:123,0
DA:125,0
DA:126,0
DA:128,0
DA:129,0
DA:131,0
DA:132,0
DA:137,2
DA:138,0
DA:139,0
DA:145,0
DA:146,0
DA:147,0
DA:150,2
DA:151,0
DA:152,0
DA:154,0
DA:155,0
DA:164,2
DA:165,2
DA:166,0
DA:167,0
DA:168,0
DA:169,0
DA:175,2
DA:176,2
DA:177,0
DA:181,2
DA:182,2
DA:183,0
DA:184,0
DA:185,0
DA:186,0
DA:191,2
DA:192,2
DA:193,0
DA:198,2
DA:199,2
DA:200,0
DA:204,2
DA:205,2
DA:206,0
DA:212,2
DA:213,2
DA:214,0
DA:219,2
DA:221,0
DA:222,0
DA:223,0
DA:227,0
DA:228,0
DA:229,0
DA:233,0
DA:234,0
DA:235,0
DA:239,0
DA:240,0
DA:245,2
DA:248,2
DA:251,2
DA:259,2
DA:260,0
DA:261,0
DA:263,0
DA:264,0
DA:266,0
DA:268,0
DA:269,0
DA:271,0
DA:272,0
DA:274,0
DA:275,0
DA:277,0
DA:278,0
DA:289,2
DA:290,0
DA:291,0
DA:292,0
DA:297,2
DA:298,0
DA:299,0
DA:300,0
DA:305,2
DA:306,0
DA:307,0
DA:308,0
DA:314,2
DA:315,0
DA:316,0
DA:317,0
DA:321,2
DA:322,0
DA:323,0
DA:324,0
DA:328,2
DA:329,0
DA:330,0
DA:331,0
DA:332,0
DA:336,2
DA:337,0
DA:338,0
DA:339,0
DA:340,0
DA:344,2
DA:345,0
DA:346,0
DA:347,0
DA:352,2
DA:353,0
DA:354,0
DA:355,0
DA:359,2
DA:360,0
DA:361,0
DA:362,0
DA:366,0
DA:370,2
DA:371,0
DA:372,0
DA:381,0
DA:382,0
DA:383,0
DA:386,0
DA:387,0
DA:388,0
DA:397,0
DA:398,0
DA:399,0
DA:402,0
DA:403,0
DA:412,0
DA:419,0
DA:421,0
DA:423,0
DA:424,0
DA:425,0
DA:428,0
DA:432,0
DA:440,2
DA:442,2
DA:443,6
DA:445,6
DA:446,0
DA:447,0
DA:450,6
DA:452,0
DA:453,0
DA:457,6
DA:458,0
DA:459,0
DA:461,0
DA:462,0
DA:464,0
DA:471,0
DA:472,0
DA:473,0
DA:475,0
DA:488,8
DA:489,0
DA:490,0
DA:491,0
DA:495,8
DA:498,8
DA:508,75
DA:509,0
DA:510,0
DA:514,75
DA:515,75
DA:516,0
DA:517,0
DA:521,75
DA:522,75
DA:523,75
DA:524,75
DA:525,75
DA:526,75
DA:527,75
DA:528,75
DA:531,75
DA:532,75
DA:533,0
DA:536,75
DA:559,75
DA:566,75
DA:577,75
DA:578,75
DA:580,75
DA:581,0
DA:588,75
DA:589,75
DA:596,75
DA:597,75
DA:605,75
DA:606,0
DA:613,75
DA:622,106
DA:623,106
DA:624,106
DA:625,106
DA:626,106
DA:628,106
DA:642,106
DA:645,106
DA:646,106
DA:647,0
DA:648,0
DA:652,106
DA:653,2544
DA:656,318
DA:661,106
DA:662,106
DA:663,318
DA:664,318
DA:665,0
DA:666,0
DA:669,318
DA:671,318
DA:672,293
DA:674,25
DA:675,75
DA:681,75
DA:684,75
DA:685,0
DA:686,0
DA:690,75
DA:691,0
DA:692,0
DA:696,75
DA:697,75
DA:698,0
DA:699,0
DA:702,75
DA:703,75
DA:709,106
DA:710,106
DA:711,106
DA:712,20
DA:715,70
DA:720,106
DA:723,106
DA:725,106
DA:734,293
DA:735,293
DA:736,293
DA:737,293
DA:746,293
DA:751,293
DA:759,106
DA:760,318
DA:761,318
DA:762,318
DA:771,0
DA:772,0
DA:773,0
DA:781,32
DA:782,32
DA:801,36
DA:803,36
DA:804,36
DA:805,0
DA:806,0
DA:807,0
DA:810,36
DA:811,36
DA:812,36
DA:813,36
DA:814,36
DA:815,36
DA:818,36
DA:819,36
DA:820,36
DA:823,36
DA:824,36
DA:825,0
DA:827,36
DA:829,36
DA:830,36
DA:831,36
DA:832,36
DA:833,36
DA:835,36
DA:836,0
DA:839,0
DA:840,0
DA:841,0
DA:842,0
DA:845,0
DA:846,0
DA:847,0
DA:851,36
DA:852,0
DA:853,0
DA:854,0
DA:855,0
DA:856,0
DA:859,36
DA:860,0
DA:861,0
DA:862,0
DA:863,0
DA:866,36
DA:869,0
DA:870,0
DA:871,0
DA:872,0
DA:876,36
DA:877,0
DA:878,0
DA:879,0
DA:880,0
DA:885,36
DA:886,36
DA:887,36
DA:888,36
DA:891,36
DA:892,0
DA:896,36
DA:897,36
DA:898,36
DA:901,36
DA:902,0
DA:911,0
DA:912,0
DA:924,0
DA:925,0
DA:926,0
DA:927,0
DA:928,0
DA:929,0
DA:933,0
DA:934,0
DA:936,0
DA:943,0
DA:952,0
DA:955,0
DA:956,0
DA:960,0
DA:961,0
DA:962,0
DA:963,0
DA:964,0
DA:970,0
DA:971,0
DA:974,0
DA:975,0
DA:978,0
DA:987,4501
DA:988,4501
DA:989,4501
DA:996,0
DA:997,0
DA:1003,0
DA:1004,0
DA:1011,0
DA:1019,0
DA:1029,3696
DA:1030,3101
DA:1034,3696
DA:1035,3696
DA:1037,3696
DA:1038,595
DA:1039,595
DA:1040,595
DA:1041,595
DA:1044,3101
DA:1045,4201
DA:1046,4201
DA:1048,4201
DA:1074,4201
DA:1085,75
DA:1086,75
DA:1087,75
DA:1093,0
DA:1101,2
DA:1103,2
DA:1104,4
DA:1105,0
DA:1106,0
DA:1107,0
DA:1108,0
DA:1109,0
DA:1110,0
DA:1122,0
DA:1124,0
DA:1125,0
DA:1127,0
DA:1128,0
DA:1130,0
DA:1134,4
DA:1135,0
DA:1136,0
DA:1137,0
LF:421
LH:187
BRDA:19,0,0,40
BRDA:19,0,1,2
BRDA:92,1,0,24
BRDA:92,1,1,48
BRDA:111,2,0,0
BRDA:111,2,1,0
BRDA:111,2,2,0
BRDA:111,2,3,0
BRDA:111,2,4,0
BRDA:111,2,5,0
BRDA:111,2,6,0
BRDA:164,3,0,2
BRDA:164,3,1,0
BRDA:168,4,0,0
BRDA:168,4,1,0
BRDA:175,5,0,2
BRDA:175,5,1,0
BRDA:181,6,0,2
BRDA:181,6,1,0
BRDA:184,7,0,0
BRDA:184,7,1,0
BRDA:191,8,0,2
BRDA:191,8,1,0
BRDA:198,9,0,2
BRDA:198,9,1,0
BRDA:204,10,0,2
BRDA:204,10,1,0
BRDA:212,11,0,2
BRDA:212,11,1,0
BRDA:221,12,0,0
BRDA:221,12,1,0
BRDA:221,13,0,0
BRDA:221,13,1,0
BRDA:221,13,2,0
BRDA:221,13,3,0
BRDA:227,14,0,0
BRDA:227,14,1,0
BRDA:227,15,0,0
BRDA:227,15,1,0
BRDA:227,15,2,0
BRDA:227,15,3,0
BRDA:233,16,0,0
BRDA:233,16,1,0
BRDA:233,17,0,0
BRDA:233,17,1,0
BRDA:233,17,2,0
BRDA:239,18,0,0
BRDA:239,18,1,0
BRDA:266,19,0,0
BRDA:266,19,1,0
BRDA:266,19,2,0
BRDA:266,19,3,0
BRDA:289,20,0,0
BRDA:289,20,1,2
BRDA:297,21,0,0
BRDA:297,21,1,2
BRDA:305,22,0,0
BRDA:305,22,1,2
BRDA:307,23,0,0
BRDA:307,23,1,0
BRDA:314,24,0,0
BRDA:314,24,1,2
BRDA:321,25,0,0
BRDA:321,25,1,2
BRDA:328,26,0,0
BRDA:328,26,1,2
BRDA:336,27,0,0
BRDA:336,27,1,2
BRDA:344,28,0,0
BRDA:344,28,1,2
BRDA:352,29,0,0
BRDA:352,29,1,2
BRDA:359,30,0,0
BRDA:359,30,1,2
BRDA:371,31,0,0
BRDA:371,31,1,0
BRDA:371,32,0,0
BRDA:371,32,1,0
BRDA:381,33,0,0
BRDA:381,33,1,0
BRDA:387,34,0,0
BRDA:387,34,1,0
BRDA:397,35,0,0
BRDA:397,35,1,0
BRDA:402,36,0,0
BRDA:402,36,1,0
BRDA:419,37,0,0
BRDA:419,37,1,0
BRDA:425,38,0,0
BRDA:425,38,1,0
BRDA:443,39,0,0
BRDA:443,39,1,6
BRDA:452,40,0,0
BRDA:452,40,1,0
BRDA:471,41,0,0
BRDA:471,41,1,0
BRDA:471,42,0,0
BRDA:471,42,1,0
BRDA:490,43,0,0
BRDA:490,43,1,0
BRDA:508,44,0,0
BRDA:508,44,1,75
BRDA:508,45,0,75
BRDA:508,45,1,75
BRDA:515,46,0,0
BRDA:515,46,1,75
BRDA:532,47,0,0
BRDA:532,47,1,75
BRDA:562,48,0,75
BRDA:562,48,1,0
BRDA:576,49,0,0
BRDA:580,50,0,0
BRDA:580,50,1,75
BRDA:588,51,0,75
BRDA:588,51,1,0
BRDA:596,52,0,75
BRDA:596,52,1,0
BRDA:605,53,0,0
BRDA:605,53,1,75
BRDA:631,54,0,106
BRDA:631,54,1,81
BRDA:632,55,0,106
BRDA:632,55,1,106
BRDA:633,56,0,106
BRDA:633,56,1,106
BRDA:653,57,0,318
BRDA:653,57,1,2226
BRDA:653,58,0,2544
BRDA:653,58,1,2544
BRDA:653,58,2,2544
BRDA:653,58,3,2544
BRDA:664,59,0,0
BRDA:664,59,1,318
BRDA:671,60,0,293
BRDA:671,60,1,25
BRDA:677,61,0,75
BRDA:677,61,1,0
BRDA:684,62,0,0
BRDA:684,62,1,75
BRDA:690,63,0,0
BRDA:690,63,1,75
BRDA:690,64,0,75
BRDA:690,64,1,75
BRDA:697,65,0,0
BRDA:697,65,1,75
BRDA:697,66,0,75
BRDA:697,66,1,0
BRDA:711,67,0,20
BRDA:711,67,1,86
BRDA:751,68,0,293
BRDA:751,68,1,0
BRDA:761,69,0,318
BRDA:761,69,1,0
BRDA:771,70,0,0
BRDA:771,70,1,0
BRDA:781,71,0,32
BRDA:781,71,1,0
BRDA:793,72,0,0
BRDA:795,73,0,36
BRDA:796,74,0,36
BRDA:797,75,0,0
BRDA:798,76,0,36
BRDA:799,77,0,36
BRDA:800,78,0,36
BRDA:804,79,0,0
BRDA:804,79,1,36
BRDA:824,80,0,0
BRDA:824,80,1,36
BRDA:829,81,0,0
BRDA:829,81,1,36
BRDA:831,82,0,0
BRDA:831,82,1,36
BRDA:845,83,0,0
BRDA:845,83,1,0
BRDA:854,84,0,0
BRDA:854,84,1,0
BRDA:870,85,0,0
BRDA:870,85,1,0
BRDA:870,86,0,0
BRDA:870,86,1,0
BRDA:877,87,0,0
BRDA:877,87,1,0
BRDA:901,88,0,0
BRDA:901,88,1,36
BRDA:911,89,0,0
BRDA:911,89,1,0
BRDA:922,90,0,0
BRDA:922,91,0,0
BRDA:925,92,0,0
BRDA:925,92,1,0
BRDA:936,93,0,0
BRDA:936,93,1,0
BRDA:963,94,0,0
BRDA:963,94,1,0
BRDA:974,95,0,0
BRDA:974,95,1,0
BRDA:1003,96,0,0
BRDA:1003,96,1,0
BRDA:1003,97,0,0
BRDA:1003,97,1,0
BRDA:1029,98,0,3101
BRDA:1029,98,1,595
BRDA:1029,99,0,3696
BRDA:1029,99,1,3696
BRDA:1034,100,0,3696
BRDA:1034,100,1,0
BRDA:1037,101,0,595
BRDA:1037,101,1,3101
BRDA:1046,102,0,4201
BRDA:1046,102,1,4201
BRDA:1049,103,0,4201
BRDA:1049,103,1,0
BRDA:1057,104,0,4201
BRDA:1057,104,1,0
BRDA:1063,105,0,1565
BRDA:1063,105,1,2636
BRDA:1069,106,0,4201
BRDA:1069,106,1,0
BRDA:1106,107,0,0
BRDA:1106,107,1,0
BRDA:1135,108,0,0
BRDA:1135,108,1,0
BRF:222
BRH:83
end_of_record
TN:
SF:scripts/modules/dropdown.js
FN:5,(anonymous_0)
FN:10,(anonymous_1)
FN:12,(anonymous_2)
FN:31,(anonymous_3)
FN:38,(anonymous_4)
FN:57,(anonymous_5)
FN:69,(anonymous_6)
FN:84,(anonymous_7)
FN:86,(anonymous_8)
FNF:9
FNH:0
FNDA:0,(anonymous_0)
FNDA:0,(anonymous_1)
FNDA:0,(anonymous_2)
FNDA:0,(anonymous_3)
FNDA:0,(anonymous_4)
FNDA:0,(anonymous_5)
FNDA:0,(anonymous_6)
FNDA:0,(anonymous_7)
FNDA:0,(anonymous_8)
DA:6,0
DA:7,0
DA:12,0
DA:13,0
DA:15,0
DA:16,0
DA:17,0
DA:20,0
DA:21,0
DA:23,0
DA:25,0
DA:31,0
DA:32,0
DA:33,0
DA:39,0
DA:40,0
DA:41,0
DA:45,0
DA:46,0
DA:50,0
DA:51,0
DA:53,0
DA:58,0
DA:59,0
DA:60,0
DA:63,0
DA:64,0
DA:65,0
DA:70,0
DA:71,0
DA:74,0
DA:75,0
DA:76,0
DA:79,0
DA:80,0
DA:85,0
DA:86,0
DA:87,0
DA:93,0
LF:39
LH:0
BRDA:15,0,0,0
BRDA:15,0,1,0
BRDA:23,1,0,0
BRDA:23,1,1,0
BRDA:23,2,0,0
BRDA:23,2,1,0
BRDA:32,3,0,0
BRDA:32,3,1,0
BRDA:40,4,0,0
BRDA:40,4,1,0
BRDA:40,5,0,0
BRDA:40,5,1,0
BRDA:45,6,0,0
BRDA:45,6,1,0
BRDA:45,7,0,0
BRDA:45,7,1,0
BRDA:50,8,0,0
BRDA:50,8,1,0
BRDA:64,9,0,0
BRDA:64,9,1,0
BRDA:75,10,0,0
BRDA:75,10,1,0
BRDA:79,11,0,0
BRDA:79,11,1,0
BRF:24
BRH:0
end_of_record
TN:
SF:scripts/modules/errorHandler.js
FN:13,(anonymous_0)
FN:14,(anonymous_1)
FN:31,(anonymous_2)
FN:32,(anonymous_3)
FN:50,(anonymous_4)
FN:60,(anonymous_5)
FN:67,(anonymous_6)
FN:79,(anonymous_7)
FN:103,(anonymous_8)
FN:112,(anonymous_9)
FN:124,(anonymous_10)
FN:133,(anonymous_11)
FN:145,(anonymous_12)
FN:154,(anonymous_13)
FN:167,(anonymous_14)
FN:186,(anonymous_15)
FN:197,(anonymous_16)
FN:219,(anonymous_17)
FN:234,(anonymous_18)
FN:236,(anonymous_19)
FN:249,(anonymous_20)
FN:269,(anonymous_21)
FN:278,(anonymous_22)
FN:286,(anonymous_23)
FN:294,(anonymous_24)
FN:302,(anonymous_25)
FNF:26
FNH:0
FNDA:0,(anonymous_0)
FNDA:0,(anonymous_1)
FNDA:0,(anonymous_2)
FNDA:0,(anonymous_3)
FNDA:0,(anonymous_4)
FNDA:0,(anonymous_5)
FNDA:0,(anonymous_6)
FNDA:0,(anonymous_7)
FNDA:0,(anonymous_8)
FNDA:0,(anonymous_9)
FNDA:0,(anonymous_10)
FNDA:0,(anonymous_11)
FNDA:0,(anonymous_12)
FNDA:0,(anonymous_13)
FNDA:0,(anonymous_14)
FNDA:0,(anonymous_15)
FNDA:0,(anonymous_16)
FNDA:0,(anonymous_17)
FNDA:0,(anonymous_18)
FNDA:0,(anonymous_19)
FNDA:0,(anonymous_20)
FNDA:0,(anonymous_21)
FNDA:0,(anonymous_22)
FNDA:0,(anonymous_23)
FNDA:0,(anonymous_24)
FNDA:0,(anonymous_25)
DA:14,0
DA:15,0
DA:16,0
DA:18,0
DA:19,0
DA:20,0
DA:32,0
DA:33,0
DA:34,0
DA:36,0
DA:37,0
DA:38,0
DA:45,2
DA:52,0
DA:53,0
DA:54,0
DA:55,0
DA:56,0
DA:60,0
DA:61,0
DA:62,0
DA:63,0
DA:67,0
DA:68,0
DA:69,0
DA:85,0
DA:88,0
DA:90,0
DA:91,0
DA:95,0
DA:104,0
DA:106,0
DA:108,0
DA:109,0
DA:111,0
DA:112,0
DA:113,0
DA:125,0
DA:127,0
DA:129,0
DA:130,0
DA:132,0
DA:133,0
DA:134,0
DA:146,0
DA:148,0
DA:150,0
DA:151,0
DA:153,0
DA:154,0
DA:155,0
DA:168,0
DA:169,0
DA:170,0
DA:185,0
DA:186,0
DA:188,0
DA:198,0
DA:211,0
DA:220,0
DA:227,0
DA:235,0
DA:236,0
DA:237,0
DA:238,0
DA:252,0
DA:263,0
DA:270,0
DA:271,0
DA:279,0
DA:280,0
DA:281,0
DA:287,0
DA:288,0
DA:289,0
DA:295,0
DA:296,0
DA:301,2
DA:302,2
DA:303,0
LF:80
LH:3
BRDA:13,0,0,0
BRDA:31,1,0,0
BRDA:52,2,0,0
BRDA:52,2,1,0
BRDA:79,3,0,0
BRDA:79,4,0,0
BRDA:81,5,0,0
BRDA:82,6,0,0
BRDA:83,7,0,0
BRDA:84,8,0,0
BRDA:90,9,0,0
BRDA:90,9,1,0
BRDA:103,10,0,0
BRDA:104,11,0,0
BRDA:104,12,0,0
BRDA:108,13,0,0
BRDA:108,13,1,0
BRDA:111,14,0,0
BRDA:111,14,1,0
BRDA:124,15,0,0
BRDA:125,16,0,0
BRDA:125,17,0,0
BRDA:129,18,0,0
BRDA:129,18,1,0
BRDA:132,19,0,0
BRDA:132,19,1,0
BRDA:145,20,0,0
BRDA:146,21,0,0
BRDA:146,22,0,0
BRDA:150,23,0,0
BRDA:150,23,1,0
BRDA:153,24,0,0
BRDA:153,24,1,0
BRDA:211,25,0,0
BRDA:211,25,1,0
BRDA:227,26,0,0
BRDA:227,26,1,0
BRDA:237,27,0,0
BRDA:237,27,1,0
BRDA:270,28,0,0
BRDA:270,28,1,0
BRDA:278,29,0,0
BRDA:286,30,0,0
BRDA:301,31,0,2
BRDA:301,31,1,0
BRF:45
BRH:1
end_of_record
TN:
SF:scripts/modules/eventBus.js
FN:5,(anonymous_0)
FN:15,(anonymous_1)
FN:22,(anonymous_2)
FN:30,(anonymous_3)
FN:44,(anonymous_4)
FN:47,(anonymous_5)
FN:62,(anonymous_6)
FN:63,(anonymous_7)
FNF:8
FNH:8
FNDA:2,(anonymous_0)
FNDA:1631,(anonymous_1)
FNDA:5,(anonymous_2)
FNDA:5,(anonymous_3)
FNDA:12198,(anonymous_4)
FNDA:5706,(anonymous_5)
FNDA:5,(anonymous_6)
FNDA:5,(anonymous_7)
DA:6,2
DA:16,1631
DA:17,103
DA:19,1631
DA:22,1631
DA:31,5
DA:33,5
DA:34,5
DA:35,5
DA:45,12198
DA:47,5288
DA:48,5706
DA:49,5706
DA:51,0
DA:63,5
DA:64,5
DA:65,5
DA:67,5
LF:18
LH:17
BRDA:16,0,0,103
BRDA:16,0,1,1528
BRDA:31,1,0,0
BRDA:31,1,1,5
BRDA:34,2,0,5
BRDA:34,2,1,0
BRDA:45,3,0,6910
BRDA:45,3,1,5288
BRF:8
BRH:6
end_of_record
TN:
SF:scripts/modules/keyboardNav.js
FN:7,(anonymous_0)
FN:17,(anonymous_1)
FN:26,(anonymous_2)
FN:30,(anonymous_3)
FN:36,(anonymous_4)
FN:42,(anonymous_5)
FN:51,(anonymous_6)
FN:60,(anonymous_7)
FN:66,(anonymous_8)
FN:72,(anonymous_9)
FN:79,(anonymous_10)
FN:85,(anonymous_11)
FN:91,(anonymous_12)
FN:98,(anonymous_13)
FN:107,(anonymous_14)
FN:116,(anonymous_15)
FN:122,(anonymous_16)
FN:133,(anonymous_17)
FN:134,(anonymous_18)
FN:149,(anonymous_19)
FN:165,(anonymous_20)
FN:174,(anonymous_21)
FN:189,(anonymous_22)
FN:200,(anonymous_23)
FN:215,(anonymous_24)
FN:231,(anonymous_25)
FN:247,(anonymous_26)
FN:256,(anonymous_27)
FN:270,(anonymous_28)
FN:279,(anonymous_29)
FN:293,(anonymous_30)
FN:295,(anonymous_31)
FN:301,(anonymous_32)
FN:315,(anonymous_33)
FN:329,(anonymous_34)
FN:343,(anonymous_35)
FN:347,(anonymous_36)
FN:363,(anonymous_37)
FN:381,(anonymous_38)
FN:384,(anonymous_39)
FN:391,(anonymous_40)
FN:413,(anonymous_41)
FN:431,(anonymous_42)
FN:438,(anonymous_43)
FNF:44
FNH:0
FNDA:0,(anonymous_0)
FNDA:0,(anonymous_1)
FNDA:0,(anonymous_2)
FNDA:0,(anonymous_3)
FNDA:0,(anonymous_4)
FNDA:0,(anonymous_5)
FNDA:0,(anonymous_6)
FNDA:0,(anonymous_7)
FNDA:0,(anonymous_8)
FNDA:0,(anonymous_9)
FNDA:0,(anonymous_10)
FNDA:0,(anonymous_11)
FNDA:0,(anonymous_12)
FNDA:0,(anonymous_13)
FNDA:0,(anonymous_14)
FNDA:0,(anonymous_15)
FNDA:0,(anonymous_16)
FNDA:0,(anonymous_17)
FNDA:0,(anonymous_18)
FNDA:0,(anonymous_19)
FNDA:0,(anonymous_20)
FNDA:0,(anonymous_21)
FNDA:0,(anonymous_22)
FNDA:0,(anonymous_23)
FNDA:0,(anonymous_24)
FNDA:0,(anonymous_25)
FNDA:0,(anonymous_26)
FNDA:0,(anonymous_27)
FNDA:0,(anonymous_28)
FNDA:0,(anonymous_29)
FNDA:0,(anonymous_30)
FNDA:0,(anonymous_31)
FNDA:0,(anonymous_32)
FNDA:0,(anonymous_33)
FNDA:0,(anonymous_34)
FNDA:0,(anonymous_35)
FNDA:0,(anonymous_36)
FNDA:0,(anonymous_37)
FNDA:0,(anonymous_38)
FNDA:0,(anonymous_39)
FNDA:0,(anonymous_40)
FNDA:0,(anonymous_41)
FNDA:0,(anonymous_42)
FNDA:0,(anonymous_43)
DA:8,0
DA:9,0
DA:10,0
DA:11,0
DA:18,0
DA:19,0
DA:20,0
DA:28,0
DA:30,0
DA:34,0
DA:36,0
DA:40,0
DA:43,0
DA:44,0
DA:49,0
DA:52,0
DA:53,0
DA:58,0
DA:60,0
DA:64,0
DA:66,0
DA:70,0
DA:72,0
DA:77,0
DA:79,0
DA:83,0
DA:85,0
DA:89,0
DA:91,0
DA:96,0
DA:99,0
DA:100,0
DA:105,0
DA:108,0
DA:109,0
DA:114,0
DA:116,0
DA:120,0
DA:123,0
DA:124,0
DA:134,0
DA:136,0
DA:137,0
DA:140,0
DA:141,0
DA:143,0
DA:144,0
DA:149,0
DA:150,0
DA:151,0
DA:153,0
DA:154,0
DA:155,0
DA:157,0
DA:166,0
DA:167,0
DA:175,0
DA:177,0
DA:178,0
DA:179,0
DA:181,0
DA:183,0
DA:190,0
DA:191,0
DA:192,0
DA:193,0
DA:202,0
DA:203,0
DA:204,0
DA:205,0
DA:209,0
DA:216,0
DA:217,0
DA:218,0
DA:219,0
DA:221,0
DA:232,0
DA:234,0
DA:235,0
DA:236,0
DA:237,0
DA:238,0
DA:239,0
DA:248,0
DA:249,0
DA:251,0
DA:252,0
DA:253,0
DA:256,0
DA:257,0
DA:260,0
DA:261,0
DA:263,0
DA:271,0
DA:272,0
DA:274,0
DA:275,0
DA:276,0
DA:279,0
DA:280,0
DA:283,0
DA:284,0
DA:286,0
DA:294,0
DA:295,0
DA:302,0
DA:304,0
DA:305,0
DA:307,0
DA:308,0
DA:316,0
DA:318,0
DA:319,0
DA:321,0
DA:322,0
DA:330,0
DA:332,0
DA:333,0
DA:335,0
DA:336,0
DA:344,0
DA:347,0
DA:348,0
DA:349,0
DA:351,0
DA:357,0
DA:364,0
DA:382,0
DA:384,0
DA:385,0
DA:391,0
DA:392,0
DA:400,0
DA:406,0
DA:407,0
DA:414,0
DA:415,0
DA:432,0
DA:439,0
LF:139
LH:0
BRDA:136,0,0,0
BRDA:136,0,1,0
BRDA:143,1,0,0
BRDA:143,1,1,0
BRDA:153,2,0,0
BRDA:153,2,1,0
BRDA:155,3,0,0
BRDA:155,3,1,0
BRDA:167,4,0,0
BRDA:167,4,1,0
BRDA:177,5,0,0
BRDA:177,5,1,0
BRDA:178,6,0,0
BRDA:178,6,1,0
BRDA:179,7,0,0
BRDA:179,7,1,0
BRDA:179,8,0,0
BRDA:179,8,1,0
BRDA:191,9,0,0
BRDA:191,9,1,0
BRDA:203,10,0,0
BRDA:203,10,1,0
BRDA:203,11,0,0
BRDA:203,11,1,0
BRDA:216,12,0,0
BRDA:216,12,1,0
BRDA:218,13,0,0
BRDA:218,13,1,0
BRDA:234,14,0,0
BRDA:234,14,1,0
BRDA:237,15,0,0
BRDA:237,15,1,0
BRDA:249,16,0,0
BRDA:249,16,1,0
BRDA:251,17,0,0
BRDA:251,17,1,0
BRDA:260,18,0,0
BRDA:260,18,1,0
BRDA:272,19,0,0
BRDA:272,19,1,0
BRDA:274,20,0,0
BRDA:274,20,1,0
BRDA:283,21,0,0
BRDA:283,21,1,0
BRDA:302,22,0,0
BRDA:302,22,1,0
BRDA:307,23,0,0
BRDA:307,23,1,0
BRDA:316,24,0,0
BRDA:316,24,1,0
BRDA:321,25,0,0
BRDA:321,25,1,0
BRDA:330,26,0,0
BRDA:330,26,1,0
BRDA:335,27,0,0
BRDA:335,27,1,0
BRDA:348,28,0,0
BRDA:348,28,1,0
BRDA:414,29,0,0
BRDA:414,29,1,0
BRF:60
BRH:0
end_of_record
TN:
SF:scripts/modules/main.js
FN:10,generateUniqueId
FN:21,(anonymous_1)
FN:33,(anonymous_2)
FN:68,(anonymous_3)
FN:75,(anonymous_4)
FN:76,(anonymous_5)
FN:77,(anonymous_6)
FN:81,(anonymous_7)
FN:82,(anonymous_8)
FN:94,(anonymous_9)
FN:98,(anonymous_10)
FN:129,(anonymous_11)
FN:149,(anonymous_12)
FN:151,(anonymous_13)
FN:157,(anonymous_14)
FN:163,(anonymous_15)
FN:226,(anonymous_16)
FN:233,(anonymous_17)
FN:249,(anonymous_18)
FN:256,(anonymous_19)
FN:257,(anonymous_20)
FN:258,(anonymous_21)
FN:262,(anonymous_22)
FN:263,(anonymous_23)
FN:275,(anonymous_24)
FN:288,(anonymous_25)
FN:300,(anonymous_26)
FN:304,(anonymous_27)
FN:310,(anonymous_28)
FN:332,(anonymous_29)
FN:361,(anonymous_30)
FN:364,(anonymous_31)
FN:372,(anonymous_32)
FN:390,(anonymous_33)
FN:403,(anonymous_34)
FN:427,(anonymous_35)
FN:431,(anonymous_36)
FN:446,(anonymous_37)
FN:461,(anonymous_38)
FN:473,(anonymous_39)
FN:484,(anonymous_40)
FN:499,(anonymous_41)
FN:507,(anonymous_42)
FN:527,(anonymous_43)
FN:532,(anonymous_44)
FN:548,(anonymous_45)
FN:553,(anonymous_46)
FN:560,(anonymous_47)
FN:591,(anonymous_48)
FN:592,(anonymous_49)
FN:593,(anonymous_50)
FN:597,(anonymous_51)
FN:598,(anonymous_52)
FN:599,(anonymous_53)
FN:646,(anonymous_54)
FN:650,(anonymous_55)
FN:672,(anonymous_56)
FN:680,(anonymous_57)
FN:688,(anonymous_58)
FN:696,(anonymous_59)
FN:730,(anonymous_60)
FN:762,(anonymous_61)
FN:773,(anonymous_62)
FN:846,(anonymous_63)
FN:849,(anonymous_64)
FN:864,(anonymous_65)
FN:876,(anonymous_66)
FN:896,(anonymous_67)
FN:906,(anonymous_68)
FN:916,(anonymous_69)
FN:923,(anonymous_70)
FN:930,(anonymous_71)
FN:938,(anonymous_72)
FN:942,(anonymous_73)
FN:949,(anonymous_74)
FN:958,(anonymous_75)
FN:968,(anonymous_76)
FN:979,(anonymous_77)
FN:980,(anonymous_78)
FN:986,(anonymous_79)
FN:997,(anonymous_80)
FN:1044,(anonymous_81)
FN:1048,(anonymous_82)
FN:1059,(anonymous_83)
FN:1070,(anonymous_84)
FN:1078,(anonymous_85)
FN:1093,(anonymous_86)
FN:1108,(anonymous_87)
FN:1186,(anonymous_88)
FN:1222,(anonymous_89)
FN:1253,(anonymous_90)
FN:1268,(anonymous_91)
FN:1272,(anonymous_92)
FN:1299,(anonymous_93)
FN:1327,(anonymous_94)
FN:1330,(anonymous_95)
FN:1378,(anonymous_96)
FN:1381,(anonymous_97)
FN:1411,(anonymous_98)
FN:1424,(anonymous_99)
FN:1448,(anonymous_100)
FN:1480,(anonymous_101)
FN:1530,(anonymous_102)
FN:1595,(anonymous_103)
FN:1602,(anonymous_104)
FN:1626,(anonymous_105)
FN:1645,(anonymous_106)
FN:1648,(anonymous_107)
FN:1657,(anonymous_108)
FN:1675,(anonymous_109)
FN:1693,(anonymous_110)
FN:1715,(anonymous_111)
FN:1724,(anonymous_112)
FN:1742,(anonymous_113)
FN:1745,(anonymous_114)
FN:1746,(anonymous_115)
FN:1792,(anonymous_116)
FN:1797,(anonymous_117)
FN:1847,(anonymous_118)
FN:1848,(anonymous_119)
FN:1850,(anonymous_120)
FN:1851,(anonymous_121)
FN:1861,(anonymous_122)
FN:1880,(anonymous_123)
FN:1888,(anonymous_124)
FN:1897,(anonymous_125)
FN:1904,(anonymous_126)
FN:1911,(anonymous_127)
FN:1920,(anonymous_128)
FN:1932,(anonymous_129)
FN:1939,(anonymous_130)
FN:1964,(anonymous_131)
FN:1966,(anonymous_132)
FN:1971,(anonymous_133)
FN:1988,(anonymous_134)
FN:1993,(anonymous_135)
FN:2004,(anonymous_136)
FN:2008,(anonymous_137)
FN:2019,(anonymous_138)
FN:2025,(anonymous_139)
FN:2027,(anonymous_140)
FN:2033,(anonymous_141)
FN:2068,(anonymous_142)
FN:2069,(anonymous_143)
FN:2118,(anonymous_144)
FN:2124,(anonymous_145)
FN:2126,(anonymous_146)
FN:2148,(anonymous_147)
FN:2168,(anonymous_148)
FN:2172,(anonymous_149)
FN:2179,(anonymous_150)
FN:2182,(anonymous_151)
FN:2198,(anonymous_152)
FN:2220,(anonymous_153)
FN:2227,(anonymous_154)
FN:2239,(anonymous_155)
FN:2246,(anonymous_156)
FN:2250,(anonymous_157)
FN:2267,(anonymous_158)
FN:2274,(anonymous_159)
FN:2286,(anonymous_160)
FN:2302,(anonymous_161)
FN:2324,(anonymous_162)
FN:2330,(anonymous_163)
FN:2331,(anonymous_164)
FN:2346,(anonymous_165)
FN:2355,(anonymous_166)
FN:2358,(anonymous_167)
FN:2361,(anonymous_168)
FN:2380,(anonymous_169)
FN:2391,(anonymous_170)
FN:2408,(anonymous_171)
FN:2416,(anonymous_172)
FN:2420,(anonymous_173)
FN:2438,(anonymous_174)
FN:2453,(anonymous_175)
FN:2457,(anonymous_176)
FN:2465,(anonymous_177)
FN:2466,(anonymous_178)
FN:2489,(anonymous_179)
FN:2493,(anonymous_180)
FN:2503,(anonymous_181)
FN:2519,(anonymous_182)
FN:2541,(anonymous_183)
FN:2555,(anonymous_184)
FN:2556,(anonymous_185)
FN:2559,(anonymous_186)
FN:2573,(anonymous_187)
FN:2576,(anonymous_188)
FN:2589,(anonymous_189)
FN:2596,(anonymous_190)
FN:2598,(anonymous_191)
FNF:192
FNH:115
FNDA:42,generateUniqueId
FNDA:90,(anonymous_1)
FNDA:90,(anonymous_2)
FNDA:159,(anonymous_3)
FNDA:49,(anonymous_4)
FNDA:43,(anonymous_5)
FNDA:43,(anonymous_6)
FNDA:49,(anonymous_7)
FNDA:43,(anonymous_8)
FNDA:1,(anonymous_9)
FNDA:1,(anonymous_10)
FNDA:94,(anonymous_11)
FNDA:88,(anonymous_12)
FNDA:1938,(anonymous_13)
FNDA:1938,(anonymous_14)
FNDA:1662,(anonymous_15)
FNDA:5557,(anonymous_16)
FNDA:6412,(anonymous_17)
FNDA:152,(anonymous_18)
FNDA:162,(anonymous_19)
FNDA:162,(anonymous_20)
FNDA:162,(anonymous_21)
FNDA:456,(anonymous_22)
FNDA:50,(anonymous_23)
FNDA:152,(anonymous_24)
FNDA:3745,(anonymous_25)
FNDA:14,(anonymous_26)
FNDA:25,(anonymous_27)
FNDA:4,(anonymous_28)
FNDA:49,(anonymous_29)
FNDA:132,(anonymous_30)
FNDA:122,(anonymous_31)
FNDA:44,(anonymous_32)
FNDA:172,(anonymous_33)
FNDA:0,(anonymous_34)
FNDA:9,(anonymous_35)
FNDA:3,(anonymous_36)
FNDA:1,(anonymous_37)
FNDA:1,(anonymous_38)
FNDA:8,(anonymous_39)
FNDA:1,(anonymous_40)
FNDA:0,(anonymous_41)
FNDA:8,(anonymous_42)
FNDA:13,(anonymous_43)
FNDA:6,(anonymous_44)
FNDA:13,(anonymous_45)
FNDA:0,(anonymous_46)
FNDA:13,(anonymous_47)
FNDA:13,(anonymous_48)
FNDA:13,(anonymous_49)
FNDA:13,(anonymous_50)
FNDA:13,(anonymous_51)
FNDA:13,(anonymous_52)
FNDA:13,(anonymous_53)
FNDA:1,(anonymous_54)
FNDA:1,(anonymous_55)
FNDA:2,(anonymous_56)
FNDA:2,(anonymous_57)
FNDA:0,(anonymous_58)
FNDA:0,(anonymous_59)
FNDA:0,(anonymous_60)
FNDA:0,(anonymous_61)
FNDA:0,(anonymous_62)
FNDA:2,(anonymous_63)
FNDA:4,(anonymous_64)
FNDA:2,(anonymous_65)
FNDA:3,(anonymous_66)
FNDA:0,(anonymous_67)
FNDA:0,(anonymous_68)
FNDA:0,(anonymous_69)
FNDA:0,(anonymous_70)
FNDA:0,(anonymous_71)
FNDA:0,(anonymous_72)
FNDA:0,(anonymous_73)
FNDA:0,(anonymous_74)
FNDA:0,(anonymous_75)
FNDA:0,(anonymous_76)
FNDA:0,(anonymous_77)
FNDA:0,(anonymous_78)
FNDA:0,(anonymous_79)
FNDA:0,(anonymous_80)
FNDA:0,(anonymous_81)
FNDA:0,(anonymous_82)
FNDA:0,(anonymous_83)
FNDA:35,(anonymous_84)
FNDA:50,(anonymous_85)
FNDA:4,(anonymous_86)
FNDA:0,(anonymous_87)
FNDA:0,(anonymous_88)
FNDA:19,(anonymous_89)
FNDA:5,(anonymous_90)
FNDA:4,(anonymous_91)
FNDA:5,(anonymous_92)
FNDA:5,(anonymous_93)
FNDA:4,(anonymous_94)
FNDA:8,(anonymous_95)
FNDA:0,(anonymous_96)
FNDA:0,(anonymous_97)
FNDA:0,(anonymous_98)
FNDA:3,(anonymous_99)
FNDA:1,(anonymous_100)
FNDA:2,(anonymous_101)
FNDA:0,(anonymous_102)
FNDA:0,(anonymous_103)
FNDA:0,(anonymous_104)
FNDA:0,(anonymous_105)
FNDA:0,(anonymous_106)
FNDA:0,(anonymous_107)
FNDA:0,(anonymous_108)
FNDA:0,(anonymous_109)
FNDA:0,(anonymous_110)
FNDA:0,(anonymous_111)
FNDA:0,(anonymous_112)
FNDA:0,(anonymous_113)
FNDA:0,(anonymous_114)
FNDA:0,(anonymous_115)
FNDA:0,(anonymous_116)
FNDA:0,(anonymous_117)
FNDA:0,(anonymous_118)
FNDA:0,(anonymous_119)
FNDA:0,(anonymous_120)
FNDA:0,(anonymous_121)
FNDA:56,(anonymous_122)
FNDA:1,(anonymous_123)
FNDA:3,(anonymous_124)
FNDA:4,(anonymous_125)
FNDA:0,(anonymous_126)
FNDA:88,(anonymous_127)
FNDA:0,(anonymous_128)
FNDA:0,(anonymous_129)
FNDA:0,(anonymous_130)
FNDA:1,(anonymous_131)
FNDA:1,(anonymous_132)
FNDA:1,(anonymous_133)
FNDA:88,(anonymous_134)
FNDA:0,(anonymous_135)
FNDA:0,(anonymous_136)
FNDA:0,(anonymous_137)
FNDA:0,(anonymous_138)
FNDA:0,(anonymous_139)
FNDA:0,(anonymous_140)
FNDA:0,(anonymous_141)
FNDA:0,(anonymous_142)
FNDA:0,(anonymous_143)
FNDA:0,(anonymous_144)
FNDA:0,(anonymous_145)
FNDA:0,(anonymous_146)
FNDA:0,(anonymous_147)
FNDA:0,(anonymous_148)
FNDA:0,(anonymous_149)
FNDA:0,(anonymous_150)
FNDA:0,(anonymous_151)
FNDA:0,(anonymous_152)
FNDA:2,(anonymous_153)
FNDA:2,(anonymous_154)
FNDA:3,(anonymous_155)
FNDA:5,(anonymous_156)
FNDA:2,(anonymous_157)
FNDA:1,(anonymous_158)
FNDA:1,(anonymous_159)
FNDA:2,(anonymous_160)
FNDA:2,(anonymous_161)
FNDA:1,(anonymous_162)
FNDA:3,(anonymous_163)
FNDA:6,(anonymous_164)
FNDA:2,(anonymous_165)
FNDA:4,(anonymous_166)
FNDA:4,(anonymous_167)
FNDA:0,(anonymous_168)
FNDA:1,(anonymous_169)
FNDA:5,(anonymous_170)
FNDA:1,(anonymous_171)
FNDA:5,(anonymous_172)
FNDA:0,(anonymous_173)
FNDA:1,(anonymous_174)
FNDA:1,(anonymous_175)
FNDA:1,(anonymous_176)
FNDA:10,(anonymous_177)
FNDA:10,(anonymous_178)
FNDA:1,(anonymous_179)
FNDA:1,(anonymous_180)
FNDA:6,(anonymous_181)
FNDA:0,(anonymous_182)
FNDA:0,(anonymous_183)
FNDA:1,(anonymous_184)
FNDA:10,(anonymous_185)
FNDA:0,(anonymous_186)
FNDA:1,(anonymous_187)
FNDA:10,(anonymous_188)
FNDA:1,(anonymous_189)
FNDA:3,(anonymous_190)
FNDA:3,(anonymous_191)
DA:11,42
DA:12,42
DA:14,0
DA:22,90
DA:23,90
DA:24,90
DA:25,90
DA:27,90
DA:34,90
DA:36,90
DA:39,90
DA:42,88
DA:45,88
DA:46,88
DA:49,88
DA:53,88
DA:54,88
DA:56,88
DA:57,88
DA:60,2
DA:61,2
DA:69,159
DA:70,159
DA:72,159
DA:73,115
DA:75,66
DA:76,49
DA:77,49
DA:81,66
DA:82,66
DA:84,66
DA:91,66
DA:92,49
DA:94,1
DA:95,1
DA:98,1
DA:102,1
DA:109,1
DA:112,48
DA:116,44
DA:119,2
DA:120,2
DA:122,2
DA:130,94
DA:136,94
DA:143,90
DA:151,88
DA:152,1938
DA:153,1938
DA:154,1938
DA:157,88
DA:158,1938
DA:159,1938
DA:160,1938
DA:163,88
DA:164,1662
DA:165,1662
DA:166,1662
DA:167,1662
DA:171,88
DA:172,88
DA:173,88
DA:174,88
DA:175,88
DA:176,88
DA:177,88
DA:178,88
DA:179,88
DA:182,88
DA:183,88
DA:186,88
DA:189,88
DA:190,88
DA:193,88
DA:194,88
DA:195,88
DA:198,88
DA:199,88
DA:200,88
DA:201,88
DA:202,88
DA:203,88
DA:206,88
DA:207,88
DA:208,88
DA:209,88
DA:210,88
DA:211,88
DA:212,88
DA:213,88
DA:214,88
DA:217,88
DA:218,88
DA:219,88
DA:227,5557
DA:228,5557
DA:229,5557
DA:230,5557
DA:232,5557
DA:233,6412
DA:239,5557
DA:241,0
DA:242,0
DA:250,152
DA:251,152
DA:255,152
DA:256,162
DA:257,162
DA:258,162
DA:262,152
DA:263,456
DA:266,152
DA:269,152
DA:276,152
DA:277,152
DA:278,152
DA:279,152
DA:281,152
DA:289,3745
DA:290,3745
DA:291,3745
DA:293,3745
DA:301,14
DA:302,14
DA:303,14
DA:304,14
DA:305,25
DA:307,5
DA:308,5
DA:310,4
DA:313,20
DA:316,14
DA:322,0
DA:333,49
DA:334,49
DA:337,47
DA:338,6
DA:341,6
DA:345,41
DA:351,40
DA:358,40
DA:361,132
DA:362,40
DA:363,28
DA:364,122
DA:369,40
DA:370,40
DA:371,40
DA:372,40
DA:373,44
DA:374,34
DA:375,34
DA:381,34
DA:382,34
DA:384,10
DA:387,40
DA:388,40
DA:390,172
DA:394,40
DA:400,0
DA:401,0
DA:403,0
DA:406,0
DA:412,38
DA:414,38
DA:415,38
DA:418,5
DA:419,5
DA:428,9
DA:429,9
DA:430,7
DA:431,7
DA:433,7
DA:435,3
DA:440,3
DA:441,2
DA:442,1
DA:443,1
DA:446,1
DA:447,1
DA:449,1
DA:450,0
DA:453,1
DA:454,1
DA:457,0
DA:460,1
DA:461,1
DA:464,2
DA:465,2
DA:474,8
DA:475,8
DA:477,6
DA:482,6
DA:483,5
DA:484,5
DA:486,5
DA:487,1
DA:490,6
DA:491,6
DA:500,0
DA:508,8
DA:509,8
DA:511,8
DA:514,8
DA:515,1
DA:516,1
DA:519,7
DA:520,1
DA:521,1
DA:524,6
DA:525,6
DA:527,13
DA:532,6
DA:533,6
DA:534,1
DA:535,1
DA:538,5
DA:539,5
DA:548,13
DA:549,5
DA:550,0
DA:553,0
DA:560,5
DA:561,13
DA:562,5
DA:569,5
DA:570,1
DA:573,4
DA:574,4
DA:578,8
DA:579,0
DA:585,8
DA:590,5
DA:591,13
DA:592,13
DA:593,13
DA:596,5
DA:597,13
DA:598,13
DA:599,13
DA:602,5
DA:608,5
DA:612,5
DA:613,1
DA:620,5
DA:625,5
DA:627,5
DA:628,5
DA:634,5
DA:637,0
DA:638,0
DA:647,1
DA:648,1
DA:649,1
DA:650,1
DA:652,1
DA:653,0
DA:654,0
DA:658,1
DA:660,0
DA:663,1
DA:664,1
DA:673,2
DA:681,2
DA:689,0
DA:697,0
DA:698,0
DA:700,0
DA:701,0
DA:702,0
DA:706,0
DA:707,0
DA:708,0
DA:709,0
DA:712,0
DA:713,0
DA:716,0
DA:718,0
DA:719,0
DA:720,0
DA:723,0
DA:726,0
DA:727,0
DA:729,0
DA:730,0
DA:731,0
DA:732,0
DA:738,0
DA:739,0
DA:745,0
DA:747,0
DA:748,0
DA:750,0
DA:754,0
DA:755,0
DA:763,0
DA:764,0
DA:765,0
DA:767,0
DA:768,0
DA:769,0
DA:773,0
DA:775,0
DA:776,0
DA:777,0
DA:781,0
DA:793,0
DA:795,0
DA:796,0
DA:797,0
DA:798,0
DA:801,0
DA:803,0
DA:808,0
DA:811,0
DA:812,0
DA:815,0
DA:819,0
DA:820,0
DA:821,0
DA:822,0
DA:823,0
DA:825,0
DA:827,0
DA:831,0
DA:838,0
DA:839,0
DA:847,2
DA:848,2
DA:849,4
DA:851,2
DA:852,1
DA:853,1
DA:856,1
DA:861,1
DA:863,1
DA:864,1
DA:865,2
DA:866,2
DA:870,1
DA:876,3
DA:877,1
DA:879,1
DA:884,1
DA:888,0
DA:889,0
DA:897,0
DA:898,0
DA:899,0
DA:907,0
DA:908,0
DA:909,0
DA:917,0
DA:919,0
DA:924,0
DA:925,0
DA:930,0
DA:931,0
DA:940,0
DA:941,0
DA:942,0
DA:943,0
DA:947,0
DA:948,0
DA:949,0
DA:950,0
DA:951,0
DA:952,0
DA:956,0
DA:957,0
DA:958,0
DA:959,0
DA:960,0
DA:961,0
DA:966,0
DA:967,0
DA:968,0
DA:969,0
DA:970,0
DA:971,0
DA:972,0
DA:977,0
DA:978,0
DA:979,0
DA:980,0
DA:981,0
DA:985,0
DA:986,0
DA:987,0
DA:998,0
DA:999,0
DA:1000,0
DA:1001,0
DA:1004,0
DA:1007,0
DA:1008,0
DA:1009,0
DA:1013,0
DA:1014,0
DA:1016,0
DA:1017,0
DA:1020,0
DA:1021,0
DA:1024,0
DA:1030,0
DA:1031,0
DA:1035,0
DA:1036,0
DA:1037,0
DA:1045,0
DA:1049,0
DA:1050,0
DA:1051,0
DA:1054,0
DA:1055,0
DA:1056,0
DA:1059,0
DA:1060,0
DA:1071,35
DA:1072,35
DA:1079,50
DA:1080,50
DA:1081,50
DA:1082,50
DA:1083,50
DA:1085,0
DA:1086,0
DA:1094,4
DA:1095,4
DA:1096,4
DA:1097,4
DA:1098,4
DA:1100,0
DA:1101,0
DA:1109,0
DA:1110,0
DA:1119,0
DA:1120,0
DA:1124,0
DA:1133,0
DA:1134,0
DA:1138,0
DA:1141,0
DA:1144,0
DA:1151,0
DA:1159,0
DA:1162,0
DA:1165,0
DA:1166,0
DA:1169,0
DA:1178,0
DA:1179,0
DA:1187,0
DA:1188,0
DA:1189,0
DA:1192,0
DA:1195,0
DA:1198,0
DA:1199,0
DA:1201,0
DA:1211,0
DA:1212,0
DA:1223,19
DA:1224,19
DA:1226,19
DA:1227,2
DA:1228,2
DA:1231,17
DA:1237,16
DA:1238,15
DA:1239,15
DA:1241,15
DA:1244,2
DA:1245,2
DA:1254,5
DA:1255,5
DA:1256,5
DA:1257,5
DA:1259,0
DA:1260,0
DA:1269,4
DA:1270,4
DA:1271,4
DA:1272,5
DA:1274,4
DA:1275,0
DA:1276,0
DA:1279,4
DA:1284,4
DA:1285,4
DA:1288,4
DA:1289,1
DA:1290,1
DA:1293,3
DA:1294,0
DA:1295,0
DA:1299,5
DA:1300,3
DA:1301,0
DA:1302,0
DA:1306,3
DA:1311,3
DA:1312,3
DA:1314,3
DA:1315,3
DA:1318,0
DA:1319,0
DA:1328,4
DA:1329,4
DA:1330,8
DA:1332,4
DA:1333,0
DA:1334,0
DA:1338,4
DA:1339,1
DA:1343,1
DA:1347,3
DA:1348,3
DA:1349,1
DA:1353,1
DA:1356,2
DA:1357,2
DA:1361,2
DA:1363,2
DA:1364,1
DA:1365,1
DA:1366,1
DA:1369,0
DA:1370,0
DA:1379,0
DA:1380,0
DA:1381,0
DA:1383,0
DA:1384,0
DA:1385,0
DA:1388,0
DA:1393,0
DA:1394,0
DA:1395,0
DA:1396,0
DA:1397,0
DA:1403,0
DA:1404,0
DA:1414,0
DA:1425,3
DA:1427,3
DA:1428,0
DA:1431,3
DA:1432,0
DA:1435,3
DA:1436,1
DA:1439,3
DA:1440,0
DA:1443,3
DA:1444,0
DA:1447,3
DA:1448,3
DA:1449,1
DA:1450,0
DA:1452,1
DA:1453,0
DA:1455,1
DA:1456,0
DA:1458,1
DA:1459,0
DA:1465,3
DA:1481,2
DA:1482,2
DA:1483,0
DA:1490,2
DA:1491,1
DA:1493,1
DA:1494,1
DA:1495,1
DA:1496,1
DA:1498,0
DA:1502,1
DA:1503,1
DA:1513,1
DA:1515,1
DA:1516,0
DA:1517,1
DA:1518,0
DA:1519,1
DA:1520,0
DA:1521,1
DA:1522,0
DA:1524,1
DA:1530,0
DA:1531,0
DA:1532,0
DA:1535,0
DA:1536,0
DA:1537,0
DA:1539,0
DA:1548,0
DA:1550,0
DA:1551,0
DA:1553,0
DA:1561,0
DA:1563,0
DA:1564,0
DA:1568,0
DA:1569,0
DA:1575,0
DA:1583,0
DA:1596,0
DA:1598,0
DA:1599,0
DA:1602,0
DA:1603,0
DA:1604,0
DA:1605,0
DA:1606,0
DA:1609,0
DA:1610,0
DA:1611,0
DA:1614,0
DA:1616,0
DA:1617,0
DA:1619,0
DA:1620,0
DA:1623,0
DA:1626,0
DA:1628,0
DA:1630,0
DA:1639,0
DA:1641,0
DA:1642,0
DA:1645,0
DA:1646,0
DA:1648,0
DA:1654,0
DA:1657,0
DA:1658,0
DA:1659,0
DA:1667,0
DA:1668,0
DA:1675,0
DA:1681,0
DA:1682,0
DA:1683,0
DA:1687,0
DA:1693,0
DA:1699,0
DA:1700,0
DA:1701,0
DA:1705,0
DA:1708,0
DA:1713,0
DA:1715,0
DA:1716,0
DA:1718,0
DA:1724,0
DA:1730,0
DA:1735,0
DA:1736,0
DA:1737,0
DA:1741,0
DA:1742,0
DA:1745,0
DA:1746,0
DA:1747,0
DA:1748,0
DA:1750,0
DA:1751,0
DA:1756,0
DA:1763,0
DA:1764,0
DA:1765,0
DA:1768,0
DA:1769,0
DA:1773,0
DA:1775,0
DA:1782,0
DA:1783,0
DA:1793,0
DA:1794,0
DA:1796,0
DA:1797,0
DA:1799,0
DA:1801,0
DA:1807,0
DA:1813,0
DA:1815,0
DA:1821,0
DA:1822,0
DA:1823,0
DA:1825,0
DA:1831,0
DA:1837,0
DA:1838,0
DA:1848,0
DA:1849,0
DA:1850,0
DA:1851,0
DA:1852,0
DA:1863,56
DA:1864,56
DA:1867,56
DA:1868,56
DA:1871,56
DA:1881,1
DA:1889,3
DA:1898,4
DA:1905,0
DA:1912,88
DA:1913,88
DA:1915,42
DA:1916,42
DA:1917,42
DA:1918,42
DA:1920,42
DA:1921,0
DA:1923,0
DA:1924,0
DA:1926,0
DA:1929,42
DA:1931,0
DA:1932,0
DA:1933,0
DA:1934,0
DA:1935,0
DA:1939,0
DA:1940,0
DA:1943,0
DA:1945,0
DA:1948,0
DA:1949,0
DA:1956,0
DA:1965,1
DA:1966,1
DA:1968,1
DA:1971,1
DA:1974,1
DA:1977,1
DA:1979,0
DA:1982,0
DA:1990,88
DA:1993,88
DA:1994,0
DA:2005,0
DA:2006,0
DA:2008,0
DA:2009,0
DA:2010,0
DA:2013,0
DA:2020,0
DA:2021,0
DA:2022,0
DA:2025,0
DA:2026,0
DA:2027,0
DA:2028,0
DA:2033,0
DA:2034,0
DA:2035,0
DA:2036,0
DA:2039,0
DA:2040,0
DA:2044,0
DA:2048,0
DA:2050,0
DA:2058,0
DA:2059,0
DA:2069,0
DA:2070,0
DA:2074,0
DA:2078,0
DA:2102,0
DA:2119,0
DA:2120,0
DA:2121,0
DA:2124,0
DA:2125,0
DA:2126,0
DA:2127,0
DA:2128,0
DA:2129,0
DA:2130,0
DA:2131,0
DA:2132,0
DA:2133,0
DA:2138,0
DA:2139,0
DA:2140,0
DA:2143,0
DA:2144,0
DA:2145,0
DA:2148,0
DA:2149,0
DA:2155,0
DA:2159,0
DA:2160,0
DA:2169,0
DA:2173,0
DA:2174,0
DA:2175,0
DA:2176,0
DA:2179,0
DA:2180,0
DA:2181,0
DA:2182,0
DA:2183,0
DA:2184,0
DA:2189,0
DA:2190,0
DA:2193,0
DA:2194,0
DA:2195,0
DA:2198,0
DA:2199,0
DA:2205,0
DA:2209,0
DA:2210,0
DA:2221,2
DA:2222,2
DA:2223,2
DA:2224,2
DA:2227,2
DA:2228,2
DA:2229,0
DA:2230,0
DA:2234,2
DA:2239,3
DA:2244,2
DA:2246,5
DA:2247,1
DA:2250,2
DA:2251,1
DA:2252,1
DA:2253,1
DA:2254,1
DA:2258,0
DA:2259,0
DA:2268,1
DA:2269,1
DA:2270,1
DA:2271,1
DA:2274,1
DA:2275,1
DA:2276,0
DA:2277,0
DA:2281,1
DA:2286,2
DA:2291,1
DA:2293,1
DA:2294,1
DA:2302,2
DA:2303,1
DA:2304,1
DA:2305,1
DA:2306,1
DA:2315,0
DA:2316,0
DA:2325,1
DA:2326,1
DA:2327,1
DA:2330,1
DA:2331,6
DA:2334,1
DA:2335,1
DA:2337,0
DA:2338,0
DA:2347,2
DA:2348,2
DA:2349,2
DA:2351,2
DA:2353,2
DA:2355,4
DA:2356,1
DA:2358,4
DA:2359,1
DA:2361,0
DA:2362,0
DA:2364,0
DA:2365,0
DA:2368,2
DA:2369,2
DA:2371,0
DA:2372,0
DA:2381,1
DA:2382,1
DA:2383,1
DA:2385,1
DA:2387,0
DA:2388,0
DA:2391,1
DA:2392,5
DA:2396,1
DA:2397,1
DA:2399,0
DA:2400,0
DA:2409,1
DA:2410,1
DA:2411,1
DA:2413,1
DA:2415,1
DA:2416,5
DA:2419,1
DA:2420,0
DA:2421,0
DA:2422,0
DA:2423,0
DA:2427,1
DA:2428,1
DA:2430,0
DA:2431,0
DA:2439,1
DA:2440,1
DA:2441,1
DA:2442,1
DA:2444,0
DA:2445,0
DA:2454,1
DA:2455,1
DA:2456,1
DA:2457,1
DA:2459,1
DA:2460,0
DA:2463,1
DA:2464,1
DA:2465,10
DA:2466,10
DA:2467,1
DA:2469,1
DA:2480,0
DA:2481,0
DA:2490,1
DA:2491,1
DA:2492,1
DA:2493,1
DA:2495,1
DA:2496,0
DA:2499,1
DA:2500,1
DA:2501,1
DA:2503,1
DA:2504,6
DA:2505,6
DA:2508,1
DA:2509,1
DA:2510,7
DA:2511,7
DA:2512,7
DA:2519,1
DA:2520,0
DA:2521,0
DA:2522,0
DA:2524,0
DA:2525,0
DA:2527,0
DA:2528,0
DA:2530,0
DA:2531,0
DA:2535,1
DA:2541,0
DA:2545,0
DA:2546,0
DA:2556,10
DA:2557,1
DA:2559,0
DA:2560,0
DA:2561,0
DA:2562,0
DA:2565,0
DA:2574,1
DA:2576,1
DA:2577,10
DA:2578,10
DA:2581,1
DA:2590,1
DA:2591,1
DA:2593,1
DA:2594,1
DA:2596,1
DA:2597,3
DA:2598,1
DA:2599,3
DA:2601,1
DA:2602,1
DA:2603,1
LF:982
LH:499
BRDA:11,0,0,42
BRDA:11,0,1,0
BRDA:11,1,0,42
BRDA:11,1,1,42
BRDA:72,2,0,115
BRDA:72,2,1,44
BRDA:73,3,0,66
BRDA:73,3,1,49
BRDA:76,4,0,49
BRDA:76,4,1,0
BRDA:82,5,0,49
BRDA:82,5,1,17
BRDA:88,6,0,66
BRDA:88,6,1,4
BRDA:92,7,0,1
BRDA:92,7,1,48
BRDA:106,8,0,1
BRDA:106,8,1,1
BRDA:233,9,0,6386
BRDA:233,9,1,26
BRDA:251,10,0,152
BRDA:251,10,1,0
BRDA:277,11,0,152
BRDA:277,11,1,0
BRDA:279,12,0,152
BRDA:279,12,1,0
BRDA:302,13,0,14
BRDA:302,13,1,0
BRDA:305,14,0,5
BRDA:305,14,1,20
BRDA:307,15,0,0
BRDA:307,15,1,5
BRDA:310,16,0,0
BRDA:310,16,1,4
BRDA:337,17,0,6
BRDA:337,17,1,41
BRDA:337,18,0,47
BRDA:337,18,1,42
BRDA:339,19,0,1
BRDA:339,19,1,5
BRDA:362,20,0,28
BRDA:362,20,1,12
BRDA:370,21,0,40
BRDA:370,21,1,0
BRDA:373,22,0,34
BRDA:373,22,1,10
BRDA:374,23,0,34
BRDA:374,23,1,0
BRDA:381,24,0,32
BRDA:381,24,1,2
BRDA:433,25,0,4
BRDA:433,25,1,3
BRDA:440,26,0,2
BRDA:440,26,1,1
BRDA:440,27,0,3
BRDA:440,27,1,2
BRDA:441,28,0,1
BRDA:441,28,1,1
BRDA:447,29,0,1
BRDA:447,29,1,0
BRDA:449,30,0,0
BRDA:449,30,1,1
BRDA:482,31,0,5
BRDA:482,31,1,1
BRDA:514,32,0,1
BRDA:514,32,1,7
BRDA:514,33,0,8
BRDA:514,33,1,7
BRDA:519,34,0,1
BRDA:519,34,1,6
BRDA:533,35,0,1
BRDA:533,35,1,5
BRDA:549,36,0,0
BRDA:549,36,1,5
BRDA:561,37,0,5
BRDA:561,37,1,8
BRDA:569,38,0,1
BRDA:569,38,1,4
BRDA:578,39,0,0
BRDA:578,39,1,8
BRDA:578,40,0,8
BRDA:578,40,1,0
BRDA:612,41,0,1
BRDA:612,41,1,4
BRDA:652,42,0,0
BRDA:652,42,1,1
BRDA:700,43,0,0
BRDA:700,43,1,0
BRDA:700,44,0,0
BRDA:700,44,1,0
BRDA:707,45,0,0
BRDA:707,45,1,0
BRDA:718,46,0,0
BRDA:718,46,1,0
BRDA:719,47,0,0
BRDA:719,47,1,0
BRDA:729,48,0,0
BRDA:729,48,1,0
BRDA:730,49,0,0
BRDA:730,49,1,0
BRDA:747,50,0,0
BRDA:747,50,1,0
BRDA:767,51,0,0
BRDA:767,51,1,0
BRDA:767,52,0,0
BRDA:767,52,1,0
BRDA:773,53,0,0
BRDA:773,53,1,0
BRDA:775,54,0,0
BRDA:775,54,1,0
BRDA:783,55,0,0
BRDA:783,55,1,0
BRDA:793,56,0,0
BRDA:793,56,1,0
BRDA:796,57,0,0
BRDA:796,57,1,0
BRDA:806,58,0,0
BRDA:806,58,1,0
BRDA:827,59,0,0
BRDA:827,59,1,0
BRDA:828,60,0,0
BRDA:828,60,1,0
BRDA:833,61,0,0
BRDA:833,61,1,0
BRDA:834,62,0,0
BRDA:834,62,1,0
BRDA:851,63,0,1
BRDA:851,63,1,1
BRDA:861,64,0,1
BRDA:861,64,1,0
BRDA:898,65,0,0
BRDA:898,65,1,0
BRDA:908,66,0,0
BRDA:908,66,1,0
BRDA:924,67,0,0
BRDA:924,67,1,0
BRDA:941,68,0,0
BRDA:941,68,1,0
BRDA:948,69,0,0
BRDA:948,69,1,0
BRDA:957,70,0,0
BRDA:957,70,1,0
BRDA:967,71,0,0
BRDA:967,71,1,0
BRDA:977,72,0,0
BRDA:977,72,1,0
BRDA:985,73,0,0
BRDA:985,73,1,0
BRDA:985,74,0,0
BRDA:985,74,1,0
BRDA:1000,75,0,0
BRDA:1000,75,1,0
BRDA:1007,76,0,0
BRDA:1007,76,1,0
BRDA:1007,77,0,0
BRDA:1007,77,1,0
BRDA:1020,78,0,0
BRDA:1020,78,1,0
BRDA:1030,79,0,0
BRDA:1030,79,1,0
BRDA:1036,80,0,0
BRDA:1036,80,1,0
BRDA:1049,81,0,0
BRDA:1049,81,1,0
BRDA:1055,82,0,0
BRDA:1055,82,1,0
BRDA:1119,83,0,0
BRDA:1119,83,1,0
BRDA:1133,84,0,0
BRDA:1133,84,1,0
BRDA:1198,85,0,0
BRDA:1198,85,1,0
BRDA:1199,86,0,0
BRDA:1199,86,1,0
BRDA:1203,87,0,0
BRDA:1203,87,1,0
BRDA:1226,88,0,2
BRDA:1226,88,1,17
BRDA:1226,89,0,19
BRDA:1226,89,1,18
BRDA:1233,90,0,17
BRDA:1233,90,1,6
BRDA:1234,91,0,17
BRDA:1234,91,1,10
BRDA:1274,92,0,0
BRDA:1274,92,1,4
BRDA:1284,93,0,4
BRDA:1284,93,1,0
BRDA:1284,94,0,4
BRDA:1284,94,1,4
BRDA:1288,95,0,1
BRDA:1288,95,1,3
BRDA:1293,96,0,0
BRDA:1293,96,1,3
BRDA:1299,97,0,5
BRDA:1299,97,1,2
BRDA:1300,98,0,0
BRDA:1300,98,1,3
BRDA:1332,99,0,0
BRDA:1332,99,1,4
BRDA:1338,100,0,1
BRDA:1338,100,1,3
BRDA:1348,101,0,1
BRDA:1348,101,1,2
BRDA:1356,102,0,2
BRDA:1356,102,1,0
BRDA:1357,103,0,2
BRDA:1357,103,1,0
BRDA:1363,104,0,1
BRDA:1363,104,1,1
BRDA:1383,105,0,0
BRDA:1383,105,1,0
BRDA:1393,106,0,0
BRDA:1393,106,1,0
BRDA:1393,107,0,0
BRDA:1393,107,1,0
BRDA:1427,108,0,0
BRDA:1427,108,1,3
BRDA:1427,109,0,3
BRDA:1427,109,1,3
BRDA:1431,110,0,0
BRDA:1431,110,1,3
BRDA:1431,111,0,3
BRDA:1431,111,1,3
BRDA:1435,112,0,1
BRDA:1435,112,1,2
BRDA:1435,113,0,3
BRDA:1435,113,1,2
BRDA:1435,113,2,2
BRDA:1439,114,0,0
BRDA:1439,114,1,3
BRDA:1439,115,0,3
BRDA:1439,115,1,2
BRDA:1443,116,0,0
BRDA:1443,116,1,3
BRDA:1443,117,0,3
BRDA:1443,117,1,3
BRDA:1447,118,0,3
BRDA:1447,118,1,0
BRDA:1449,119,0,0
BRDA:1449,119,1,1
BRDA:1449,120,0,1
BRDA:1449,120,1,1
BRDA:1452,121,0,0
BRDA:1452,121,1,1
BRDA:1452,122,0,1
BRDA:1452,122,1,1
BRDA:1455,123,0,0
BRDA:1455,123,1,1
BRDA:1455,124,0,1
BRDA:1455,124,1,1
BRDA:1458,125,0,0
BRDA:1458,125,1,1
BRDA:1482,126,0,0
BRDA:1482,126,1,2
BRDA:1482,127,0,2
BRDA:1482,127,1,2
BRDA:1490,128,0,1
BRDA:1490,128,1,1
BRDA:1490,129,0,2
BRDA:1490,129,1,1
BRDA:1490,129,2,1
BRDA:1495,130,0,1
BRDA:1495,130,1,0
BRDA:1502,131,0,1
BRDA:1502,131,1,0
BRDA:1515,132,0,0
BRDA:1515,132,1,1
BRDA:1517,133,0,0
BRDA:1517,133,1,1
BRDA:1517,134,0,1
BRDA:1517,134,1,0
BRDA:1519,135,0,0
BRDA:1519,135,1,1
BRDA:1519,136,0,1
BRDA:1519,136,1,0
BRDA:1521,137,0,0
BRDA:1521,137,1,1
BRDA:1521,138,0,1
BRDA:1521,138,1,0
BRDA:1521,138,2,0
BRDA:1532,139,0,0
BRDA:1532,139,1,0
BRDA:1532,140,0,0
BRDA:1532,140,1,0
BRDA:1535,141,0,0
BRDA:1535,141,1,0
BRDA:1536,142,0,0
BRDA:1536,142,1,0
BRDA:1536,143,0,0
BRDA:1536,143,1,0
BRDA:1536,143,2,0
BRDA:1542,144,0,0
BRDA:1542,144,1,0
BRDA:1543,145,0,0
BRDA:1543,145,1,0
BRDA:1548,146,0,0
BRDA:1548,146,1,0
BRDA:1548,147,0,0
BRDA:1548,147,1,0
BRDA:1548,147,2,0
BRDA:1550,148,0,0
BRDA:1550,148,1,0
BRDA:1550,149,0,0
BRDA:1550,149,1,0
BRDA:1554,150,0,0
BRDA:1554,150,1,0
BRDA:1557,151,0,0
BRDA:1557,151,1,0
BRDA:1568,152,0,0
BRDA:1568,152,1,0
BRDA:1603,153,0,0
BRDA:1603,153,1,0
BRDA:1603,154,0,0
BRDA:1603,154,1,0
BRDA:1604,155,0,0
BRDA:1604,155,1,0
BRDA:1604,156,0,0
BRDA:1604,156,1,0
BRDA:1605,157,0,0
BRDA:1605,157,1,0
BRDA:1605,158,0,0
BRDA:1605,158,1,0
BRDA:1609,159,0,0
BRDA:1609,159,1,0
BRDA:1614,160,0,0
BRDA:1614,160,1,0
BRDA:1616,161,0,0
BRDA:1616,161,1,0
BRDA:1620,162,0,0
BRDA:1620,162,1,0
BRDA:1628,163,0,0
BRDA:1628,163,1,0
BRDA:1639,164,0,0
BRDA:1639,164,1,0
BRDA:1641,165,0,0
BRDA:1641,165,1,0
BRDA:1642,166,0,0
BRDA:1642,166,1,0
BRDA:1646,167,0,0
BRDA:1646,167,1,0
BRDA:1646,167,2,0
BRDA:1646,167,3,0
BRDA:1651,168,0,0
BRDA:1651,168,1,0
BRDA:1658,169,0,0
BRDA:1658,169,1,0
BRDA:1675,170,0,0
BRDA:1675,170,1,0
BRDA:1693,171,0,0
BRDA:1693,171,1,0
BRDA:1713,172,0,0
BRDA:1713,172,1,0
BRDA:1716,173,0,0
BRDA:1716,173,1,0
BRDA:1724,174,0,0
BRDA:1724,174,1,0
BRDA:1735,175,0,0
BRDA:1735,175,1,0
BRDA:1742,176,0,0
BRDA:1742,176,1,0
BRDA:1746,177,0,0
BRDA:1746,177,1,0
BRDA:1746,178,0,0
BRDA:1746,178,1,0
BRDA:1768,179,0,0
BRDA:1768,179,1,0
BRDA:1769,180,0,0
BRDA:1769,180,1,0
BRDA:1778,181,0,0
BRDA:1778,181,1,0
BRDA:1794,182,0,0
BRDA:1794,182,1,0
BRDA:1813,183,0,0
BRDA:1813,183,1,0
BRDA:1813,184,0,0
BRDA:1813,184,1,0
BRDA:1833,185,0,0
BRDA:1833,185,1,0
BRDA:1863,186,0,56
BRDA:1863,186,1,0
BRDA:1863,187,0,56
BRDA:1863,187,1,0
BRDA:1867,188,0,56
BRDA:1867,188,1,0
BRDA:1867,189,0,56
BRDA:1867,189,1,56
BRDA:1913,190,0,46
BRDA:1913,190,1,42
BRDA:1921,191,0,0
BRDA:1921,191,1,0
BRDA:1921,192,0,0
BRDA:1921,192,1,0
BRDA:1929,193,0,0
BRDA:1929,193,1,42
BRDA:1948,194,0,0
BRDA:1948,194,1,0
BRDA:1968,195,0,0
BRDA:1968,195,1,1
BRDA:2021,196,0,0
BRDA:2021,196,1,0
BRDA:2026,197,0,0
BRDA:2026,197,1,0
BRDA:2034,198,0,0
BRDA:2034,198,1,0
BRDA:2035,199,0,0
BRDA:2035,199,1,0
BRDA:2039,200,0,0
BRDA:2039,200,1,0
BRDA:2070,201,0,0
BRDA:2070,201,1,0
BRDA:2074,202,0,0
BRDA:2074,202,1,0
BRDA:2105,203,0,0
BRDA:2105,203,1,0
BRDA:2120,204,0,0
BRDA:2120,204,1,0
BRDA:2125,205,0,0
BRDA:2125,205,1,0
BRDA:2126,206,0,0
BRDA:2126,206,1,0
BRDA:2127,207,0,0
BRDA:2127,207,1,0
BRDA:2138,208,0,0
BRDA:2138,208,1,0
BRDA:2144,209,0,0
BRDA:2144,209,1,0
BRDA:2173,210,0,0
BRDA:2173,210,1,0
BRDA:2175,211,0,0
BRDA:2175,211,1,0
BRDA:2180,212,0,0
BRDA:2180,212,1,0
BRDA:2182,213,0,0
BRDA:2182,213,1,0
BRDA:2183,214,0,0
BRDA:2183,214,1,0
BRDA:2189,215,0,0
BRDA:2189,215,1,0
BRDA:2194,216,0,0
BRDA:2194,216,1,0
BRDA:2223,217,0,2
BRDA:2223,217,1,0
BRDA:2228,218,0,0
BRDA:2228,218,1,2
BRDA:2244,219,0,1
BRDA:2244,219,1,1
BRDA:2244,220,0,2
BRDA:2244,220,1,2
BRDA:2251,221,0,1
BRDA:2251,221,1,0
BRDA:2270,222,0,1
BRDA:2270,222,1,0
BRDA:2275,223,0,0
BRDA:2275,223,1,1
BRDA:2291,224,0,1
BRDA:2291,224,1,0
BRDA:2291,225,0,1
BRDA:2291,225,1,1
BRDA:2293,226,0,0
BRDA:2293,226,1,1
BRDA:2303,227,0,1
BRDA:2303,227,1,0
BRDA:2327,228,0,1
BRDA:2327,228,1,0
BRDA:2349,229,0,2
BRDA:2349,229,1,0
BRDA:2353,230,0,1
BRDA:2353,230,1,1
BRDA:2353,230,2,0
BRDA:2353,230,3,0
BRDA:2361,231,0,0
BRDA:2361,231,1,0
BRDA:2361,232,0,0
BRDA:2361,232,1,0
BRDA:2383,233,0,1
BRDA:2383,233,1,0
BRDA:2385,234,0,0
BRDA:2385,234,1,1
BRDA:2385,235,0,1
BRDA:2385,235,1,1
BRDA:2392,236,0,5
BRDA:2392,236,1,4
BRDA:2411,237,0,1
BRDA:2411,237,1,0
BRDA:2415,238,0,1
BRDA:2415,238,1,0
BRDA:2419,239,0,0
BRDA:2419,239,1,1
BRDA:2421,240,0,0
BRDA:2421,240,1,0
BRDA:2422,241,0,0
BRDA:2422,241,1,0
BRDA:2440,242,0,1
BRDA:2440,242,1,0
BRDA:2456,243,0,1
BRDA:2456,243,1,0
BRDA:2459,244,0,0
BRDA:2459,244,1,1
BRDA:2463,245,0,1
BRDA:2463,245,1,0
BRDA:2467,246,0,1
BRDA:2467,246,1,0
BRDA:2491,247,0,0
BRDA:2492,248,0,1
BRDA:2492,248,1,0
BRDA:2495,249,0,0
BRDA:2495,249,1,1
BRDA:2499,250,0,1
BRDA:2499,250,1,0
BRDA:2524,251,0,0
BRDA:2524,251,1,0
BRDA:2527,252,0,0
BRDA:2527,252,1,0
BRDA:2527,253,0,0
BRDA:2527,253,1,0
BRDA:2530,254,0,0
BRDA:2530,254,1,0
BRDA:2556,255,0,10
BRDA:2556,255,1,4
BRDA:2557,256,0,1
BRDA:2557,256,1,0
BRDA:2574,257,0,0
BRDA:2574,257,1,1
BRDA:2578,258,0,1
BRDA:2578,258,1,9
BRDA:2581,259,0,1
BRDA:2581,259,1,0
BRDA:2591,260,0,0
BRDA:2591,260,1,1
BRDA:2601,261,0,0
BRDA:2601,261,1,1
BRDA:2602,262,0,0
BRDA:2602,262,1,1
BRF:534
BRH:199
end_of_record
TN:
SF:scripts/modules/models.js
FN:7,generateUniqueId
FN:18,(anonymous_1)
FN:36,(anonymous_2)
FN:63,(anonymous_3)
FN:85,(anonymous_4)
FN:93,(anonymous_5)
FN:101,(anonymous_6)
FN:120,(anonymous_7)
FN:139,(anonymous_8)
FN:148,(anonymous_9)
FN:162,(anonymous_10)
FN:191,(anonymous_11)
FN:219,(anonymous_12)
FN:251,(anonymous_13)
FN:259,(anonymous_14)
FN:267,(anonymous_15)
FN:275,(anonymous_16)
FN:286,(anonymous_17)
FN:301,(anonymous_18)
FN:310,(anonymous_19)
FN:325,(anonymous_20)
FN:338,(anonymous_21)
FN:351,(anonymous_22)
FN:370,(anonymous_23)
FN:404,(anonymous_24)
FN:405,(anonymous_25)
FN:423,(anonymous_26)
FN:424,(anonymous_27)
FN:431,(anonymous_28)
FN:439,(anonymous_29)
FN:447,(anonymous_30)
FN:454,(anonymous_31)
FN:468,(anonymous_32)
FN:484,(anonymous_33)
FN:494,createBoard
FN:503,createTask
FN:512,createColumn
FNF:37
FNH:9
FNDA:55,generateUniqueId
FNDA:136,(anonymous_1)
FNDA:136,(anonymous_2)
FNDA:0,(anonymous_3)
FNDA:0,(anonymous_4)
FNDA:0,(anonymous_5)
FNDA:6418,(anonymous_6)
FNDA:0,(anonymous_7)
FNDA:0,(anonymous_8)
FNDA:119,(anonymous_9)
FNDA:119,(anonymous_10)
FNDA:0,(anonymous_11)
FNDA:0,(anonymous_12)
FNDA:0,(anonymous_13)
FNDA:0,(anonymous_14)
FNDA:0,(anonymous_15)
FNDA:0,(anonymous_16)
FNDA:76,(anonymous_17)
FNDA:0,(anonymous_18)
FNDA:0,(anonymous_19)
FNDA:0,(anonymous_20)
FNDA:0,(anonymous_21)
FNDA:0,(anonymous_22)
FNDA:0,(anonymous_23)
FNDA:0,(anonymous_24)
FNDA:0,(anonymous_25)
FNDA:0,(anonymous_26)
FNDA:0,(anonymous_27)
FNDA:0,(anonymous_28)
FNDA:0,(anonymous_29)
FNDA:0,(anonymous_30)
FNDA:0,(anonymous_31)
FNDA:0,(anonymous_32)
FNDA:0,(anonymous_33)
FNDA:55,createBoard
FNDA:32,createTask
FNDA:0,createColumn
DA:8,55
DA:9,55
DA:11,0
DA:19,136
DA:20,136
DA:21,136
DA:22,136
DA:23,136
DA:24,136
DA:25,136
DA:26,136
DA:27,136
DA:29,136
DA:37,136
DA:38,0
DA:41,136
DA:42,0
DA:45,136
DA:46,0
DA:49,136
DA:50,0
DA:53,136
DA:54,0
DA:64,0
DA:70,0
DA:72,0
DA:78,0
DA:86,0
DA:94,0
DA:102,6418
DA:121,0
DA:131,0
DA:140,0
DA:149,119
DA:150,119
DA:151,119
DA:152,119
DA:153,119
DA:155,119
DA:163,119
DA:165,119
DA:166,0
DA:169,119
DA:170,0
DA:173,119
DA:174,0
DA:177,119
DA:178,0
DA:181,119
DA:182,0
DA:192,0
DA:194,0
DA:195,0
DA:197,0
DA:198,0
DA:201,0
DA:202,0
DA:205,0
DA:211,0
DA:220,0
DA:221,0
DA:224,0
DA:225,0
DA:226,0
DA:229,0
DA:230,0
DA:234,0
DA:235,0
DA:238,0
DA:244,0
DA:252,0
DA:260,0
DA:268,0
DA:276,0
DA:287,76
DA:302,0
DA:311,0
DA:312,0
DA:313,0
DA:314,0
DA:315,0
DA:316,0
DA:318,0
DA:326,0
DA:331,0
DA:339,0
DA:344,0
DA:352,0
DA:353,0
DA:356,0
DA:357,0
DA:360,0
DA:361,0
DA:371,0
DA:372,0
DA:375,0
DA:376,0
DA:381,0
DA:385,0
DA:386,0
DA:389,0
DA:391,0
DA:396,0
DA:405,0
DA:406,0
DA:408,0
DA:410,0
DA:415,0
DA:424,0
DA:432,0
DA:440,0
DA:448,0
DA:455,0
DA:456,0
DA:458,0
DA:469,0
DA:485,0
DA:495,55
DA:504,32
DA:513,0
LF:120
LH:33
BRDA:8,0,0,55
BRDA:8,0,1,0
BRDA:8,1,0,55
BRDA:8,1,1,55
BRDA:18,2,0,0
BRDA:19,3,0,136
BRDA:19,3,1,55
BRDA:20,4,0,136
BRDA:20,4,1,0
BRDA:21,5,0,136
BRDA:21,5,1,17
BRDA:22,6,0,136
BRDA:22,6,1,48
BRDA:23,7,0,136
BRDA:23,7,1,54
BRDA:24,8,0,136
BRDA:24,8,1,55
BRDA:25,9,0,136
BRDA:25,9,1,58
BRDA:26,10,0,136
BRDA:26,10,1,136
BRDA:27,11,0,136
BRDA:27,11,1,25
BRDA:37,12,0,0
BRDA:37,12,1,136
BRDA:37,13,0,136
BRDA:37,13,1,136
BRDA:37,13,2,136
BRDA:41,14,0,0
BRDA:41,14,1,136
BRDA:45,15,0,0
BRDA:45,15,1,136
BRDA:45,16,0,136
BRDA:45,16,1,119
BRDA:49,17,0,0
BRDA:49,17,1,136
BRDA:53,18,0,0
BRDA:53,18,1,136
BRDA:124,19,0,0
BRDA:124,19,1,0
BRDA:148,20,0,0
BRDA:149,21,0,119
BRDA:149,21,1,0
BRDA:150,22,0,119
BRDA:150,22,1,0
BRDA:151,23,0,119
BRDA:151,23,1,32
BRDA:152,24,0,119
BRDA:152,24,1,34
BRDA:153,25,0,119
BRDA:153,25,1,36
BRDA:165,26,0,0
BRDA:165,26,1,119
BRDA:165,27,0,119
BRDA:165,27,1,119
BRDA:165,27,2,119
BRDA:169,28,0,0
BRDA:169,28,1,119
BRDA:169,29,0,119
BRDA:169,29,1,119
BRDA:173,30,0,0
BRDA:173,30,1,119
BRDA:177,31,0,0
BRDA:177,31,1,119
BRDA:177,32,0,119
BRDA:177,32,1,119
BRDA:181,33,0,0
BRDA:181,33,1,119
BRDA:220,34,0,0
BRDA:220,34,1,0
BRDA:229,35,0,0
BRDA:229,35,1,0
BRDA:229,36,0,0
BRDA:229,36,1,0
BRDA:234,37,0,0
BRDA:234,37,1,0
BRDA:234,38,0,0
BRDA:234,38,1,0
BRDA:310,39,0,0
BRDA:311,40,0,0
BRDA:311,40,1,0
BRDA:311,40,2,0
BRDA:312,41,0,0
BRDA:312,41,1,0
BRDA:313,42,0,0
BRDA:313,42,1,0
BRDA:315,43,0,0
BRDA:315,43,1,0
BRDA:316,44,0,0
BRDA:316,44,1,0
BRDA:331,45,0,0
BRDA:331,45,1,0
BRDA:344,46,0,0
BRDA:344,46,1,0
BRDA:352,47,0,0
BRDA:352,47,1,0
BRDA:352,48,0,0
BRDA:352,48,1,0
BRDA:356,49,0,0
BRDA:356,49,1,0
BRDA:356,50,0,0
BRDA:356,50,1,0
BRDA:360,51,0,0
BRDA:360,51,1,0
BRDA:360,52,0,0
BRDA:360,52,1,0
BRDA:360,52,2,0
BRDA:371,53,0,0
BRDA:371,53,1,0
BRDA:375,54,0,0
BRDA:375,54,1,0
BRDA:375,55,0,0
BRDA:375,55,1,0
BRDA:385,56,0,0
BRDA:385,56,1,0
BRDA:406,57,0,0
BRDA:406,57,1,0
BRDA:424,58,0,0
BRDA:424,58,1,0
BRDA:448,59,0,0
BRDA:448,59,1,0
BRF:121
BRH:50
end_of_record
TN:
SF:scripts/modules/settings.js
FN:10,(anonymous_0)
FN:33,(anonymous_1)
FN:41,(anonymous_2)
FN:42,(anonymous_3)
FN:43,(anonymous_4)
FN:44,(anonymous_5)
FN:45,(anonymous_6)
FN:46,(anonymous_7)
FN:53,(anonymous_8)
FN:85,(anonymous_9)
FN:118,(anonymous_10)
FN:157,(anonymous_11)
FN:178,(anonymous_12)
FN:187,(anonymous_13)
FN:196,(anonymous_14)
FN:205,(anonymous_15)
FN:220,(anonymous_16)
FN:265,(anonymous_17)
FN:287,(anonymous_18)
FN:298,(anonymous_19)
FN:316,(anonymous_20)
FN:461,(anonymous_21)
FN:463,(anonymous_22)
FN:504,(anonymous_23)
FN:513,(anonymous_24)
FN:522,(anonymous_25)
FN:531,(anonymous_26)
FN:540,(anonymous_27)
FN:549,(anonymous_28)
FN:558,(anonymous_29)
FNF:30
FNH:10
FNDA:2,(anonymous_0)
FNDA:2,(anonymous_1)
FNDA:2,(anonymous_2)
FNDA:0,(anonymous_3)
FNDA:0,(anonymous_4)
FNDA:0,(anonymous_5)
FNDA:0,(anonymous_6)
FNDA:0,(anonymous_7)
FNDA:44,(anonymous_8)
FNDA:0,(anonymous_9)
FNDA:44,(anonymous_10)
FNDA:0,(anonymous_11)
FNDA:105,(anonymous_12)
FNDA:126,(anonymous_13)
FNDA:0,(anonymous_14)
FNDA:0,(anonymous_15)
FNDA:0,(anonymous_16)
FNDA:42,(anonymous_17)
FNDA:42,(anonymous_18)
FNDA:0,(anonymous_19)
FNDA:0,(anonymous_20)
FNDA:0,(anonymous_21)
FNDA:0,(anonymous_22)
FNDA:102,(anonymous_23)
FNDA:0,(anonymous_24)
FNDA:0,(anonymous_25)
FNDA:0,(anonymous_26)
FNDA:0,(anonymous_27)
FNDA:0,(anonymous_28)
FNDA:0,(anonymous_29)
DA:11,2
DA:12,2
DA:26,2
DA:27,2
DA:34,2
DA:35,2
DA:42,2
DA:43,2
DA:44,2
DA:45,2
DA:46,2
DA:54,44
DA:55,44
DA:56,44
DA:59,44
DA:65,44
DA:67,44
DA:68,44
DA:71,0
DA:72,0
DA:73,0
DA:77,0
DA:86,0
DA:88,0
DA:94,0
DA:95,0
DA:98,0
DA:99,0
DA:101,0
DA:104,0
DA:105,0
DA:109,0
DA:119,44
DA:120,0
DA:124,44
DA:125,44
DA:126,44
DA:127,0
DA:132,44
DA:133,44
DA:134,44
DA:135,0
DA:140,44
DA:145,44
DA:146,308
DA:147,0
DA:151,44
DA:158,0
DA:159,0
DA:160,0
DA:162,0
DA:163,0
DA:166,0
DA:167,0
DA:179,105
DA:188,126
DA:197,0
DA:198,0
DA:206,0
DA:212,0
DA:213,0
DA:221,0
DA:222,0
DA:223,0
DA:229,0
DA:231,0
DA:234,0
DA:238,0
DA:239,0
DA:243,0
DA:248,0
DA:250,0
DA:253,0
DA:254,0
DA:258,0
DA:266,42
DA:267,42
DA:269,42
DA:271,42
DA:272,0
DA:274,42
DA:277,0
DA:280,42
DA:288,42
DA:299,0
DA:302,0
DA:303,0
DA:304,0
DA:306,0
DA:309,0
DA:317,0
DA:319,0
DA:462,0
DA:463,0
DA:464,0
DA:465,0
DA:466,0
DA:468,0
DA:471,0
DA:472,0
DA:474,0
DA:475,0
DA:478,0
DA:490,0
DA:491,0
DA:497,2
DA:503,2
DA:505,102
DA:506,102
DA:507,102
DA:514,0
DA:515,0
DA:516,0
DA:523,0
DA:524,0
DA:525,0
DA:532,0
DA:533,0
DA:534,0
DA:541,0
DA:542,0
DA:543,0
DA:550,0
DA:551,0
DA:552,0
DA:559,0
DA:560,0
DA:561,0
LF:128
LH:43
BRDA:56,0,0,0
BRDA:56,0,1,44
BRDA:94,1,0,0
BRDA:94,1,1,0
BRDA:118,2,0,44
BRDA:119,3,0,0
BRDA:119,3,1,44
BRDA:119,4,0,44
BRDA:119,4,1,44
BRDA:124,5,0,44
BRDA:124,5,1,0
BRDA:126,6,0,0
BRDA:126,6,1,44
BRDA:126,7,0,44
BRDA:126,7,1,44
BRDA:126,7,2,44
BRDA:132,8,0,44
BRDA:132,8,1,0
BRDA:134,9,0,0
BRDA:134,9,1,44
BRDA:146,10,0,0
BRDA:146,10,1,308
BRDA:146,11,0,308
BRDA:146,11,1,308
BRDA:222,12,0,0
BRDA:222,12,1,0
BRDA:222,13,0,0
BRDA:222,13,1,0
BRDA:229,14,0,0
BRDA:229,14,1,0
BRDA:238,15,0,0
BRDA:238,15,1,0
BRDA:269,16,0,42
BRDA:269,16,1,0
BRDA:271,17,0,0
BRDA:271,17,1,42
BRDA:302,18,0,0
BRDA:302,18,1,0
BRDA:343,19,0,0
BRDA:343,19,1,0
BRDA:357,20,0,0
BRDA:357,20,1,0
BRDA:358,21,0,0
BRDA:358,21,1,0
BRDA:359,22,0,0
BRDA:359,22,1,0
BRDA:367,23,0,0
BRDA:367,23,1,0
BRDA:378,24,0,0
BRDA:378,24,1,0
BRDA:394,25,0,0
BRDA:394,25,1,0
BRDA:405,26,0,0
BRDA:405,26,1,0
BRDA:416,27,0,0
BRDA:416,27,1,0
BRDA:432,28,0,0
BRDA:432,28,1,0
BRDA:465,29,0,0
BRDA:465,29,1,0
BRDA:474,30,0,0
BRDA:474,30,1,0
BRDA:506,31,0,102
BRDA:506,31,1,0
BRDA:515,32,0,0
BRDA:515,32,1,0
BRDA:524,33,0,0
BRDA:524,33,1,0
BRDA:533,34,0,0
BRDA:533,34,1,0
BRDA:542,35,0,0
BRDA:542,35,1,0
BRDA:551,36,0,0
BRDA:551,36,1,0
BRDA:560,37,0,0
BRDA:560,37,1,0
BRF:76
BRH:18
end_of_record
TN:
SF:scripts/modules/state.js
FN:8,(anonymous_0)
FN:26,(anonymous_1)
FN:35,(anonymous_2)
FN:44,(anonymous_3)
FN:59,(anonymous_4)
FN:79,(anonymous_5)
FN:102,(anonymous_6)
FN:128,(anonymous_7)
FN:154,(anonymous_8)
FN:162,(anonymous_9)
FN:172,(anonymous_10)
FN:187,(anonymous_11)
FN:189,(anonymous_12)
FN:196,(anonymous_13)
FN:197,(anonymous_14)
FN:203,(anonymous_15)
FN:228,(anonymous_16)
FN:235,(anonymous_17)
FN:243,(anonymous_18)
FN:261,(anonymous_19)
FN:262,(anonymous_20)
FN:284,(anonymous_21)
FN:288,(anonymous_22)
FN:312,(anonymous_23)
FN:313,(anonymous_24)
FN:319,(anonymous_25)
FN:335,(anonymous_26)
FN:350,(anonymous_27)
FN:351,(anonymous_28)
FN:358,(anonymous_29)
FN:359,(anonymous_30)
FN:365,(anonymous_31)
FN:372,(anonymous_32)
FNF:33
FNH:13
FNDA:2,(anonymous_0)
FNDA:171,(anonymous_1)
FNDA:20651,(anonymous_2)
FNDA:163,(anonymous_3)
FNDA:538,(anonymous_4)
FNDA:0,(anonymous_5)
FNDA:0,(anonymous_6)
FNDA:0,(anonymous_7)
FNDA:0,(anonymous_8)
FNDA:0,(anonymous_9)
FNDA:126,(anonymous_10)
FNDA:3844,(anonymous_11)
FNDA:3249,(anonymous_12)
FNDA:10,(anonymous_13)
FNDA:10,(anonymous_14)
FNDA:0,(anonymous_15)
FNDA:0,(anonymous_16)
FNDA:0,(anonymous_17)
FNDA:10,(anonymous_18)
FNDA:0,(anonymous_19)
FNDA:0,(anonymous_20)
FNDA:0,(anonymous_21)
FNDA:0,(anonymous_22)
FNDA:0,(anonymous_23)
FNDA:0,(anonymous_24)
FNDA:0,(anonymous_25)
FNDA:0,(anonymous_26)
FNDA:3696,(anonymous_27)
FNDA:4201,(anonymous_28)
FNDA:0,(anonymous_29)
FNDA:0,(anonymous_30)
FNDA:0,(anonymous_31)
FNDA:0,(anonymous_32)
DA:9,2
DA:19,2
DA:27,171
DA:36,20651
DA:45,163
DA:48,163
DA:49,0
DA:52,163
DA:55,163
DA:57,163
DA:59,163
DA:60,538
DA:68,163
DA:81,0
DA:84,0
DA:85,0
DA:86,0
DA:88,0
DA:91,0
DA:92,0
DA:94,0
DA:103,0
DA:104,0
DA:105,0
DA:107,0
DA:113,0
DA:114,0
DA:119,0
DA:121,0
DA:129,0
DA:130,0
DA:131,0
DA:133,0
DA:139,0
DA:140,0
DA:145,0
DA:147,0
DA:155,0
DA:163,0
DA:173,126
DA:175,0
DA:176,0
DA:179,126
DA:188,3844
DA:189,3249
DA:197,10
DA:198,10
DA:199,0
DA:203,10
DA:205,0
DA:206,0
DA:207,0
DA:208,0
DA:210,0
DA:211,0
DA:214,0
DA:217,10
DA:231,0
DA:232,0
DA:235,0
DA:236,0
DA:244,10
DA:245,10
DA:248,10
DA:249,0
DA:250,0
DA:253,10
DA:262,0
DA:263,0
DA:265,0
DA:266,0
DA:267,0
DA:268,0
DA:270,0
DA:271,0
DA:274,0
DA:277,0
DA:280,0
DA:283,0
DA:284,0
DA:285,0
DA:287,0
DA:288,0
DA:289,0
DA:290,0
DA:291,0
DA:293,0
DA:294,0
DA:297,0
DA:299,0
DA:301,0
DA:305,0
DA:313,0
DA:314,0
DA:317,0
DA:318,0
DA:319,0
DA:320,0
DA:321,0
DA:323,0
DA:324,0
DA:328,0
DA:336,0
DA:338,0
DA:339,0
DA:343,0
DA:351,4201
DA:359,0
DA:366,0
DA:373,0
DA:383,0
DA:384,0
LF:112
LH:25
BRDA:44,0,0,52
BRDA:45,1,0,163
BRDA:45,2,0,52
BRDA:48,3,0,0
BRDA:48,3,1,163
BRDA:48,4,0,163
BRDA:48,4,1,52
BRDA:57,5,0,163
BRDA:57,5,1,0
BRDA:91,6,0,0
BRDA:91,6,1,0
BRDA:103,7,0,0
BRDA:103,7,1,0
BRDA:115,8,0,0
BRDA:115,8,1,0
BRDA:129,9,0,0
BRDA:129,9,1,0
BRDA:141,10,0,0
BRDA:141,10,1,0
BRDA:173,11,0,0
BRDA:173,11,1,126
BRDA:188,12,0,595
BRDA:188,12,1,3249
BRDA:189,13,0,3249
BRDA:189,13,1,0
BRDA:197,14,0,10
BRDA:197,14,1,0
BRDA:198,15,0,0
BRDA:198,15,1,10
BRDA:203,16,0,10
BRDA:203,16,1,0
BRDA:205,17,0,0
BRDA:205,17,1,0
BRDA:206,18,0,0
BRDA:206,18,1,0
BRDA:206,19,0,0
BRDA:206,19,1,0
BRDA:206,19,2,0
BRDA:231,20,0,0
BRDA:231,20,1,0
BRDA:231,21,0,0
BRDA:231,21,1,0
BRDA:235,22,0,0
BRDA:235,22,1,0
BRDA:236,23,0,0
BRDA:236,23,1,0
BRDA:236,24,0,0
BRDA:236,24,1,0
BRDA:248,25,0,0
BRDA:248,25,1,10
BRDA:248,26,0,10
BRDA:248,26,1,10
BRDA:250,27,0,0
BRDA:250,27,1,0
BRDA:263,28,0,0
BRDA:263,28,1,0
BRDA:265,29,0,0
BRDA:265,29,1,0
BRDA:266,30,0,0
BRDA:266,30,1,0
BRDA:283,31,0,0
BRDA:283,31,1,0
BRDA:285,32,0,0
BRDA:285,32,1,0
BRDA:287,33,0,0
BRDA:287,33,1,0
BRDA:288,34,0,0
BRDA:288,34,1,0
BRDA:289,35,0,0
BRDA:289,35,1,0
BRDA:289,36,0,0
BRDA:289,36,1,0
BRDA:289,36,2,0
BRDA:317,37,0,0
BRDA:317,37,1,0
BRDA:318,38,0,0
BRDA:318,38,1,0
BRDA:319,39,0,0
BRDA:319,39,1,0
BRDA:321,40,0,0
BRDA:321,40,1,0
BRDA:336,41,0,0
BRDA:336,41,1,0
BRF:83
BRH:17
end_of_record
TN:
SF:scripts/modules/storage.js
FN:8,(anonymous_0)
FN:21,(anonymous_1)
FN:39,(anonymous_2)
FN:54,(anonymous_3)
FN:77,(anonymous_4)
FN:96,(anonymous_5)
FN:111,(anonymous_6)
FN:124,(anonymous_7)
FN:144,(anonymous_8)
FN:174,(anonymous_9)
FN:206,(anonymous_10)
FN:246,(anonymous_11)
FN:282,(anonymous_12)
FN:290,(anonymous_13)
FN:308,(anonymous_14)
FN:347,(anonymous_15)
FN:358,(anonymous_16)
FN:384,(anonymous_17)
FN:400,(anonymous_18)
FNF:19
FNH:11
FNDA:2,(anonymous_0)
FNDA:3,(anonymous_1)
FNDA:117,(anonymous_2)
FNDA:5552,(anonymous_3)
FNDA:114,(anonymous_4)
FNDA:0,(anonymous_5)
FNDA:0,(anonymous_6)
FNDA:0,(anonymous_7)
FNDA:3,(anonymous_8)
FNDA:2,(anonymous_9)
FNDA:0,(anonymous_10)
FNDA:1,(anonymous_11)
FNDA:0,(anonymous_12)
FNDA:3,(anonymous_13)
FNDA:5,(anonymous_14)
FNDA:1,(anonymous_15)
FNDA:0,(anonymous_16)
FNDA:0,(anonymous_17)
FNDA:0,(anonymous_18)
DA:9,2
DA:10,2
DA:11,2
DA:15,2
DA:22,3
DA:23,3
DA:24,3
DA:25,3
DA:28,3
DA:30,0
DA:31,0
DA:40,117
DA:41,117
DA:42,117
DA:44,1
DA:45,1
DA:55,5552
DA:56,5552
DA:62,5552
DA:63,5552
DA:64,5552
DA:66,0
DA:67,0
DA:68,0
DA:78,114
DA:79,114
DA:80,114
DA:81,70
DA:82,70
DA:84,44
DA:86,0
DA:87,0
DA:88,0
DA:97,0
DA:98,0
DA:99,0
DA:100,0
DA:102,0
DA:103,0
DA:104,0
DA:112,0
DA:114,0
DA:117,0
DA:120,0
DA:123,0
DA:124,0
DA:125,0
DA:126,0
DA:130,0
DA:131,0
DA:133,0
DA:134,0
DA:135,0
DA:145,3
DA:148,3
DA:149,2
DA:153,3
DA:154,3
DA:155,1
DA:159,3
DA:160,1
DA:163,3
DA:175,2
DA:177,2
DA:178,2
DA:179,0
DA:180,0
DA:183,0
DA:195,0
DA:203,2
DA:204,2
DA:205,0
DA:206,0
DA:212,0
DA:215,0
DA:227,0
DA:234,2
DA:236,0
DA:237,0
DA:247,1
DA:249,1
DA:251,0
DA:258,1
DA:270,1
DA:283,0
DA:291,3
DA:292,3
DA:294,3
DA:309,5
DA:310,5
DA:311,2
DA:314,3
DA:317,3
DA:319,0
DA:323,3
DA:324,0
DA:325,0
DA:326,0
DA:328,0
DA:333,3
DA:334,3
DA:335,3
DA:337,2
DA:338,2
DA:339,2
DA:348,1
DA:349,1
DA:351,0
DA:359,0
DA:360,0
DA:361,0
DA:363,0
DA:371,0
DA:385,0
DA:386,0
DA:387,0
DA:388,0
DA:389,0
DA:391,0
DA:401,0
DA:402,0
DA:403,0
DA:404,0
DA:405,0
LF:124
LH:61
BRDA:24,0,0,3
BRDA:24,0,1,0
BRDA:24,1,0,3
BRDA:24,1,1,1
BRDA:42,2,0,72
BRDA:42,2,1,45
BRDA:77,3,0,114
BRDA:80,4,0,70
BRDA:80,4,1,44
BRDA:80,5,0,114
BRDA:80,5,1,70
BRDA:125,6,0,0
BRDA:125,6,1,0
BRDA:145,7,0,3
BRDA:145,7,1,2
BRDA:148,8,0,2
BRDA:148,8,1,1
BRDA:154,9,0,1
BRDA:154,9,1,2
BRDA:154,10,0,3
BRDA:154,10,1,1
BRDA:159,11,0,1
BRDA:159,11,1,2
BRDA:178,12,0,0
BRDA:178,12,1,2
BRDA:204,13,0,0
BRDA:204,13,1,2
BRDA:209,14,0,0
BRDA:209,14,1,0
BRDA:210,15,0,0
BRDA:210,15,1,0
BRDA:249,16,0,0
BRDA:249,16,1,1
BRDA:249,17,0,1
BRDA:249,17,1,1
BRDA:263,18,0,1
BRDA:263,18,1,0
BRDA:273,19,0,1
BRDA:273,19,1,1
BRDA:310,20,0,2
BRDA:310,20,1,3
BRDA:310,21,0,5
BRDA:310,21,1,3
BRDA:314,22,0,3
BRDA:314,22,1,2
BRDA:317,23,0,0
BRDA:317,23,1,3
BRDA:323,24,0,0
BRDA:323,24,1,3
BRDA:323,25,0,3
BRDA:323,25,1,0
BRDA:348,26,0,1
BRDA:348,26,1,0
BRDA:348,27,0,1
BRDA:348,27,1,1
BRDA:361,28,0,0
BRDA:361,28,1,0
BRDA:401,29,0,0
BRDA:401,29,1,0
BRF:59
BRH:40
end_of_record
